<?xml version="1.0" encoding="UTF-8"?>
<coverage generated="1667875141181" clover="3.2.0">
  <project timestamp="1667875141181" name="All files">
    <metrics statements="1046" coveredstatements="77" conditionals="464" coveredconditionals="6" methods="148" coveredmethods="6" elements="1658" coveredelements="89" complexity="0" loc="1046" ncloc="1046" packages="1" files="1" classes="1"/>
    <file name="main.js" path="/Users/sangdon/work/imweb/packages/jest/dist/main.js">
      <metrics statements="1046" coveredstatements="77" conditionals="464" coveredconditionals="6" methods="148" coveredmethods="6"/>
      <line num="1" count="1" type="stmt"/>
      <line num="6" count="0" type="stmt"/>
      <line num="7" count="0" type="stmt"/>
      <line num="8" count="0" type="stmt"/>
      <line num="9" count="0" type="stmt"/>
      <line num="10" count="0" type="stmt"/>
      <line num="11" count="0" type="stmt"/>
      <line num="12" count="0" type="stmt"/>
      <line num="13" count="0" type="stmt"/>
      <line num="14" count="0" type="cond" truecount="0" falsecount="2"/>
      <line num="16" count="0" type="stmt"/>
      <line num="17" count="0" type="stmt"/>
      <line num="18" count="0" type="stmt"/>
      <line num="19" count="0" type="stmt"/>
      <line num="20" count="0" type="stmt"/>
      <line num="21" count="0" type="stmt"/>
      <line num="22" count="0" type="stmt"/>
      <line num="23" count="0" type="stmt"/>
      <line num="24" count="0" type="stmt"/>
      <line num="25" count="0" type="stmt"/>
      <line num="26" count="0" type="stmt"/>
      <line num="27" count="0" type="stmt"/>
      <line num="28" count="0" type="stmt"/>
      <line num="29" count="0" type="stmt"/>
      <line num="30" count="0" type="stmt"/>
      <line num="32" count="0" type="stmt"/>
      <line num="33" count="0" type="stmt"/>
      <line num="34" count="0" type="stmt"/>
      <line num="35" count="0" type="stmt"/>
      <line num="36" count="0" type="cond" truecount="0" falsecount="2"/>
      <line num="42" count="0" type="stmt"/>
      <line num="44" count="0" type="cond" truecount="0" falsecount="2"/>
      <line num="50" count="0" type="stmt"/>
      <line num="52" count="0" type="stmt"/>
      <line num="55" count="0" type="stmt"/>
      <line num="58" count="0" type="cond" truecount="0" falsecount="2"/>
      <line num="59" count="0" type="stmt"/>
      <line num="61" count="0" type="stmt"/>
      <line num="64" count="0" type="cond" truecount="0" falsecount="2"/>
      <line num="73" count="0" type="stmt"/>
      <line num="75" count="0" type="stmt"/>
      <line num="78" count="0" type="stmt"/>
      <line num="79" count="0" type="stmt"/>
      <line num="80" count="0" type="cond" truecount="0" falsecount="2"/>
      <line num="81" count="0" type="cond" truecount="0" falsecount="2"/>
      <line num="82" count="0" type="stmt"/>
      <line num="87" count="0" type="cond" truecount="0" falsecount="2"/>
      <line num="88" count="0" type="stmt"/>
      <line num="94" count="0" type="stmt"/>
      <line num="96" count="0" type="stmt"/>
      <line num="102" count="0" type="stmt"/>
      <line num="103" count="0" type="stmt"/>
      <line num="104" count="0" type="cond" truecount="0" falsecount="2"/>
      <line num="105" count="0" type="stmt"/>
      <line num="108" count="0" type="stmt"/>
      <line num="119" count="0" type="stmt"/>
      <line num="120" count="0" type="cond" truecount="0" falsecount="2"/>
      <line num="121" count="0" type="stmt"/>
      <line num="122" count="0" type="stmt"/>
      <line num="124" count="0" type="stmt"/>
      <line num="126" count="0" type="stmt"/>
      <line num="132" count="0" type="stmt"/>
      <line num="133" count="0" type="stmt"/>
      <line num="134" count="0" type="cond" truecount="0" falsecount="2"/>
      <line num="138" count="0" type="stmt"/>
      <line num="139" count="0" type="cond" truecount="0" falsecount="2"/>
      <line num="140" count="0" type="stmt"/>
      <line num="143" count="0" type="stmt"/>
      <line num="148" count="0" type="cond" truecount="0" falsecount="2"/>
      <line num="150" count="0" type="stmt"/>
      <line num="151" count="0" type="stmt"/>
      <line num="153" count="0" type="stmt"/>
      <line num="154" count="0" type="stmt"/>
      <line num="157" count="0" type="stmt"/>
      <line num="158" count="0" type="stmt"/>
      <line num="159" count="0" type="stmt"/>
      <line num="160" count="0" type="stmt"/>
      <line num="165" count="0" type="stmt"/>
      <line num="167" count="0" type="stmt"/>
      <line num="171" count="0" type="cond" truecount="0" falsecount="2"/>
      <line num="172" count="0" type="stmt"/>
      <line num="173" count="0" type="stmt"/>
      <line num="174" count="0" type="cond" truecount="0" falsecount="2"/>
      <line num="176" count="0" type="stmt"/>
      <line num="178" count="0" type="stmt"/>
      <line num="180" count="0" type="stmt"/>
      <line num="182" count="0" type="stmt"/>
      <line num="184" count="0" type="stmt"/>
      <line num="186" count="0" type="stmt"/>
      <line num="190" count="0" type="stmt"/>
      <line num="191" count="0" type="stmt"/>
      <line num="196" count="0" type="stmt"/>
      <line num="197" count="0" type="stmt"/>
      <line num="201" count="0" type="stmt"/>
      <line num="202" count="0" type="stmt"/>
      <line num="205" count="0" type="cond" truecount="0" falsecount="2"/>
      <line num="206" count="0" type="stmt"/>
      <line num="210" count="0" type="stmt"/>
      <line num="211" count="0" type="stmt"/>
      <line num="212" count="0" type="cond" truecount="0" falsecount="2"/>
      <line num="213" count="0" type="stmt"/>
      <line num="214" count="0" type="cond" truecount="0" falsecount="2"/>
      <line num="215" count="0" type="stmt"/>
      <line num="219" count="0" type="stmt"/>
      <line num="220" count="0" type="stmt"/>
      <line num="223" count="0" type="stmt"/>
      <line num="230" count="0" type="stmt"/>
      <line num="232" count="0" type="stmt"/>
      <line num="236" count="0" type="cond" truecount="0" falsecount="2"/>
      <line num="237" count="0" type="cond" truecount="0" falsecount="2"/>
      <line num="238" count="0" type="stmt"/>
      <line num="240" count="0" type="stmt"/>
      <line num="244" count="0" type="stmt"/>
      <line num="245" count="0" type="stmt"/>
      <line num="246" count="0" type="stmt"/>
      <line num="249" count="0" type="stmt"/>
      <line num="253" count="0" type="stmt"/>
      <line num="254" count="0" type="stmt"/>
      <line num="255" count="0" type="stmt"/>
      <line num="256" count="0" type="stmt"/>
      <line num="257" count="0" type="stmt"/>
      <line num="258" count="0" type="cond" truecount="0" falsecount="2"/>
      <line num="259" count="0" type="stmt"/>
      <line num="263" count="0" type="stmt"/>
      <line num="272" count="0" type="stmt"/>
      <line num="273" count="0" type="stmt"/>
      <line num="274" count="0" type="stmt"/>
      <line num="279" count="0" type="stmt"/>
      <line num="280" count="0" type="stmt"/>
      <line num="281" count="0" type="stmt"/>
      <line num="282" count="0" type="stmt"/>
      <line num="283" count="0" type="stmt"/>
      <line num="285" count="0" type="cond" truecount="0" falsecount="2"/>
      <line num="288" count="0" type="stmt"/>
      <line num="289" count="0" type="stmt"/>
      <line num="290" count="0" type="stmt"/>
      <line num="291" count="0" type="stmt"/>
      <line num="292" count="0" type="stmt"/>
      <line num="293" count="0" type="stmt"/>
      <line num="294" count="0" type="stmt"/>
      <line num="295" count="0" type="stmt"/>
      <line num="296" count="0" type="stmt"/>
      <line num="298" count="0" type="stmt"/>
      <line num="299" count="0" type="stmt"/>
      <line num="301" count="0" type="cond" truecount="0" falsecount="2"/>
      <line num="307" count="0" type="stmt"/>
      <line num="309" count="0" type="stmt"/>
      <line num="310" count="0" type="stmt"/>
      <line num="311" count="0" type="stmt"/>
      <line num="312" count="0" type="stmt"/>
      <line num="317" count="0" type="stmt"/>
      <line num="318" count="0" type="stmt"/>
      <line num="319" count="0" type="cond" truecount="0" falsecount="2"/>
      <line num="323" count="0" type="cond" truecount="0" falsecount="2"/>
      <line num="324" count="0" type="stmt"/>
      <line num="325" count="0" type="stmt"/>
      <line num="327" count="0" type="cond" truecount="0" falsecount="4"/>
      <line num="328" count="0" type="stmt"/>
      <line num="329" count="0" type="stmt"/>
      <line num="332" count="0" type="stmt"/>
      <line num="336" count="0" type="stmt"/>
      <line num="341" count="0" type="cond" truecount="0" falsecount="2"/>
      <line num="345" count="0" type="stmt"/>
      <line num="349" count="0" type="stmt"/>
      <line num="353" count="0" type="stmt"/>
      <line num="354" count="0" type="stmt"/>
      <line num="356" count="0" type="stmt"/>
      <line num="360" count="0" type="stmt"/>
      <line num="367" count="0" type="cond" truecount="0" falsecount="2"/>
      <line num="369" count="0" type="stmt"/>
      <line num="370" count="0" type="stmt"/>
      <line num="371" count="0" type="cond" truecount="0" falsecount="2"/>
      <line num="372" count="0" type="stmt"/>
      <line num="374" count="0" type="cond" truecount="0" falsecount="2"/>
      <line num="376" count="0" type="stmt"/>
      <line num="377" count="0" type="stmt"/>
      <line num="378" count="0" type="stmt"/>
      <line num="380" count="0" type="cond" truecount="0" falsecount="2"/>
      <line num="384" count="0" type="stmt"/>
      <line num="385" count="0" type="stmt"/>
      <line num="386" count="0" type="stmt"/>
      <line num="392" count="0" type="stmt"/>
      <line num="394" count="0" type="stmt"/>
      <line num="397" count="0" type="stmt"/>
      <line num="400" count="0" type="cond" truecount="0" falsecount="2"/>
      <line num="401" count="0" type="stmt"/>
      <line num="403" count="0" type="cond" truecount="0" falsecount="2"/>
      <line num="404" count="0" type="stmt"/>
      <line num="407" count="0" type="cond" truecount="0" falsecount="2"/>
      <line num="408" count="0" type="stmt"/>
      <line num="411" count="0" type="stmt"/>
      <line num="414" count="0" type="stmt"/>
      <line num="417" count="0" type="stmt"/>
      <line num="420" count="0" type="stmt"/>
      <line num="426" count="0" type="cond" truecount="0" falsecount="2"/>
      <line num="427" count="0" type="stmt"/>
      <line num="430" count="0" type="cond" truecount="0" falsecount="2"/>
      <line num="431" count="0" type="stmt"/>
      <line num="434" count="0" type="cond" truecount="0" falsecount="2"/>
      <line num="435" count="0" type="stmt"/>
      <line num="440" count="0" type="stmt"/>
      <line num="443" count="0" type="stmt"/>
      <line num="444" count="0" type="cond" truecount="0" falsecount="4"/>
      <line num="445" count="0" type="stmt"/>
      <line num="446" count="0" type="stmt"/>
      <line num="449" count="0" type="stmt"/>
      <line num="452" count="0" type="stmt"/>
      <line num="458" count="0" type="stmt"/>
      <line num="460" count="0" type="cond" truecount="0" falsecount="2"/>
      <line num="461" count="0" type="stmt"/>
      <line num="463" count="0" type="stmt"/>
      <line num="464" count="0" type="stmt"/>
      <line num="465" count="0" type="stmt"/>
      <line num="469" count="0" type="stmt"/>
      <line num="470" count="0" type="cond" truecount="0" falsecount="2"/>
      <line num="471" count="0" type="stmt"/>
      <line num="472" count="0" type="stmt"/>
      <line num="475" count="0" type="stmt"/>
      <line num="476" count="0" type="stmt"/>
      <line num="479" count="0" type="stmt"/>
      <line num="480" count="0" type="stmt"/>
      <line num="481" count="0" type="stmt"/>
      <line num="486" count="0" type="stmt"/>
      <line num="487" count="0" type="stmt"/>
      <line num="488" count="0" type="stmt"/>
      <line num="489" count="0" type="stmt"/>
      <line num="490" count="0" type="stmt"/>
      <line num="491" count="0" type="stmt"/>
      <line num="492" count="0" type="stmt"/>
      <line num="493" count="0" type="stmt"/>
      <line num="494" count="0" type="stmt"/>
      <line num="497" count="0" type="stmt"/>
      <line num="498" count="0" type="stmt"/>
      <line num="499" count="0" type="stmt"/>
      <line num="502" count="0" type="stmt"/>
      <line num="506" count="0" type="stmt"/>
      <line num="508" count="0" type="cond" truecount="0" falsecount="2"/>
      <line num="509" count="0" type="cond" truecount="0" falsecount="2"/>
      <line num="512" count="0" type="cond" truecount="0" falsecount="2"/>
      <line num="513" count="0" type="cond" truecount="0" falsecount="4"/>
      <line num="514" count="0" type="cond" truecount="0" falsecount="2"/>
      <line num="516" count="0" type="cond" truecount="0" falsecount="2"/>
      <line num="520" count="0" type="stmt"/>
      <line num="528" count="0" type="stmt"/>
      <line num="529" count="0" type="stmt"/>
      <line num="530" count="0" type="stmt"/>
      <line num="534" count="0" type="stmt"/>
      <line num="540" count="0" type="cond" truecount="0" falsecount="2"/>
      <line num="541" count="0" type="cond" truecount="0" falsecount="2"/>
      <line num="545" count="0" type="stmt"/>
      <line num="548" count="0" type="stmt"/>
      <line num="549" count="0" type="stmt"/>
      <line num="554" count="0" type="cond" truecount="0" falsecount="2"/>
      <line num="555" count="0" type="stmt"/>
      <line num="558" count="0" type="stmt"/>
      <line num="563" count="0" type="stmt"/>
      <line num="567" count="0" type="stmt"/>
      <line num="571" count="0" type="stmt"/>
      <line num="572" count="0" type="stmt"/>
      <line num="573" count="0" type="stmt"/>
      <line num="574" count="0" type="stmt"/>
      <line num="575" count="0" type="cond" truecount="0" falsecount="3"/>
      <line num="578" count="0" type="stmt"/>
      <line num="579" count="0" type="stmt"/>
      <line num="580" count="0" type="stmt"/>
      <line num="582" count="0" type="stmt"/>
      <line num="583" count="0" type="stmt"/>
      <line num="584" count="0" type="stmt"/>
      <line num="585" count="0" type="stmt"/>
      <line num="587" count="0" type="stmt"/>
      <line num="588" count="0" type="stmt"/>
      <line num="589" count="0" type="stmt"/>
      <line num="590" count="0" type="stmt"/>
      <line num="591" count="0" type="stmt"/>
      <line num="592" count="0" type="stmt"/>
      <line num="593" count="0" type="stmt"/>
      <line num="594" count="0" type="stmt"/>
      <line num="598" count="0" type="cond" truecount="0" falsecount="2"/>
      <line num="599" count="0" type="stmt"/>
      <line num="604" count="0" type="stmt"/>
      <line num="612" count="0" type="stmt"/>
      <line num="613" count="0" type="stmt"/>
      <line num="614" count="0" type="stmt"/>
      <line num="615" count="0" type="cond" truecount="0" falsecount="2"/>
      <line num="616" count="0" type="cond" truecount="0" falsecount="2"/>
      <line num="619" count="0" type="cond" truecount="0" falsecount="2"/>
      <line num="620" count="0" type="stmt"/>
      <line num="621" count="0" type="stmt"/>
      <line num="625" count="0" type="cond" truecount="0" falsecount="2"/>
      <line num="626" count="0" type="stmt"/>
      <line num="628" count="0" type="stmt"/>
      <line num="632" count="0" type="cond" truecount="0" falsecount="2"/>
      <line num="638" count="0" type="stmt"/>
      <line num="642" count="0" type="cond" truecount="0" falsecount="2"/>
      <line num="646" count="0" type="stmt"/>
      <line num="650" count="0" type="stmt"/>
      <line num="651" count="0" type="stmt"/>
      <line num="660" count="0" type="stmt"/>
      <line num="661" count="0" type="stmt"/>
      <line num="662" count="0" type="stmt"/>
      <line num="663" count="0" type="cond" truecount="0" falsecount="2"/>
      <line num="664" count="0" type="stmt"/>
      <line num="670" count="0" type="cond" truecount="0" falsecount="2"/>
      <line num="672" count="0" type="stmt"/>
      <line num="673" count="0" type="stmt"/>
      <line num="674" count="0" type="stmt"/>
      <line num="675" count="0" type="stmt"/>
      <line num="676" count="0" type="cond" truecount="0" falsecount="2"/>
      <line num="677" count="0" type="stmt"/>
      <line num="678" count="0" type="stmt"/>
      <line num="679" count="0" type="stmt"/>
      <line num="680" count="0" type="stmt"/>
      <line num="682" count="0" type="cond" truecount="0" falsecount="5"/>
      <line num="683" count="0" type="cond" truecount="0" falsecount="4"/>
      <line num="684" count="0" type="cond" truecount="0" falsecount="2"/>
      <line num="685" count="0" type="stmt"/>
      <line num="686" count="0" type="stmt"/>
      <line num="695" count="0" type="cond" truecount="0" falsecount="2"/>
      <line num="696" count="0" type="cond" truecount="0" falsecount="2"/>
      <line num="700" count="0" type="cond" truecount="0" falsecount="2"/>
      <line num="701" count="0" type="stmt"/>
      <line num="702" count="0" type="stmt"/>
      <line num="703" count="0" type="stmt"/>
      <line num="707" count="0" type="cond" truecount="0" falsecount="4"/>
      <line num="708" count="0" type="cond" truecount="0" falsecount="2"/>
      <line num="709" count="0" type="stmt"/>
      <line num="710" count="0" type="stmt"/>
      <line num="711" count="0" type="stmt"/>
      <line num="714" count="0" type="stmt"/>
      <line num="717" count="0" type="cond" truecount="0" falsecount="2"/>
      <line num="718" count="0" type="cond" truecount="0" falsecount="2"/>
      <line num="719" count="0" type="stmt"/>
      <line num="724" count="0" type="cond" truecount="0" falsecount="2"/>
      <line num="725" count="0" type="cond" truecount="0" falsecount="2"/>
      <line num="728" count="0" type="stmt"/>
      <line num="732" count="0" type="cond" truecount="0" falsecount="2"/>
      <line num="733" count="0" type="stmt"/>
      <line num="734" count="0" type="stmt"/>
      <line num="737" count="0" type="cond" truecount="0" falsecount="2"/>
      <line num="738" count="0" type="cond" truecount="0" falsecount="2"/>
      <line num="739" count="0" type="stmt"/>
      <line num="740" count="0" type="stmt"/>
      <line num="741" count="0" type="stmt"/>
      <line num="746" count="0" type="cond" truecount="0" falsecount="2"/>
      <line num="747" count="0" type="stmt"/>
      <line num="749" count="0" type="stmt"/>
      <line num="753" count="0" type="stmt"/>
      <line num="754" count="0" type="cond" truecount="0" falsecount="2"/>
      <line num="755" count="0" type="stmt"/>
      <line num="761" count="0" type="cond" truecount="0" falsecount="2"/>
      <line num="762" count="0" type="stmt"/>
      <line num="763" count="0" type="stmt"/>
      <line num="765" count="0" type="stmt"/>
      <line num="770" count="0" type="stmt"/>
      <line num="774" count="0" type="stmt"/>
      <line num="781" count="0" type="stmt"/>
      <line num="790" count="0" type="stmt"/>
      <line num="791" count="0" type="cond" truecount="0" falsecount="2"/>
      <line num="792" count="0" type="stmt"/>
      <line num="793" count="0" type="cond" truecount="0" falsecount="4"/>
      <line num="795" count="0" type="stmt"/>
      <line num="796" count="0" type="stmt"/>
      <line num="797" count="0" type="stmt"/>
      <line num="798" count="0" type="stmt"/>
      <line num="799" count="0" type="stmt"/>
      <line num="801" count="0" type="stmt"/>
      <line num="802" count="0" type="stmt"/>
      <line num="803" count="0" type="stmt"/>
      <line num="804" count="0" type="stmt"/>
      <line num="805" count="0" type="stmt"/>
      <line num="811" count="1" type="stmt"/>
      <line num="812" count="0" type="stmt"/>
      <line num="813" count="0" type="cond" truecount="0" falsecount="2"/>
      <line num="815" count="0" type="stmt"/>
      <line num="816" count="0" type="stmt"/>
      <line num="818" count="0" type="stmt"/>
      <line num="819" count="0" type="stmt"/>
      <line num="821" count="0" type="stmt"/>
      <line num="824" count="1" type="stmt"/>
      <line num="825" count="1" type="stmt"/>
      <line num="831" count="1" type="cond" truecount="1" falsecount="1"/>
      <line num="835" count="1" type="stmt"/>
      <line num="836" count="1" type="stmt"/>
      <line num="837" count="1" type="stmt"/>
      <line num="838" count="1" type="cond" truecount="1" falsecount="1"/>
      <line num="839" count="0" type="stmt"/>
      <line num="843" count="1" type="stmt"/>
      <line num="852" count="1" type="cond" truecount="1" falsecount="1"/>
      <line num="853" count="0" type="stmt"/>
      <line num="855" count="0" type="stmt"/>
      <line num="867" count="1" type="stmt"/>
      <line num="873" count="1" type="stmt"/>
      <line num="874" count="4" type="stmt"/>
      <line num="875" count="4" type="stmt"/>
      <line num="876" count="4" type="stmt"/>
      <line num="888" count="1" type="stmt"/>
      <line num="890" count="1" type="stmt"/>
      <line num="891" count="0" type="stmt"/>
      <line num="892" count="0" type="stmt"/>
      <line num="894" count="0" type="cond" truecount="0" falsecount="2"/>
      <line num="896" count="0" type="stmt"/>
      <line num="897" count="0" type="stmt"/>
      <line num="898" count="0" type="stmt"/>
      <line num="899" count="0" type="cond" truecount="0" falsecount="2"/>
      <line num="900" count="0" type="stmt"/>
      <line num="902" count="0" type="cond" truecount="0" falsecount="2"/>
      <line num="906" count="0" type="stmt"/>
      <line num="907" count="0" type="stmt"/>
      <line num="909" count="0" type="stmt"/>
      <line num="910" count="0" type="cond" truecount="0" falsecount="2"/>
      <line num="915" count="0" type="stmt"/>
      <line num="918" count="0" type="cond" truecount="0" falsecount="2"/>
      <line num="919" count="0" type="stmt"/>
      <line num="922" count="0" type="stmt"/>
      <line num="928" count="0" type="stmt"/>
      <line num="929" count="0" type="cond" truecount="0" falsecount="2"/>
      <line num="933" count="0" type="stmt"/>
      <line num="934" count="0" type="stmt"/>
      <line num="935" count="0" type="stmt"/>
      <line num="937" count="0" type="stmt"/>
      <line num="941" count="0" type="stmt"/>
      <line num="942" count="0" type="cond" truecount="0" falsecount="2"/>
      <line num="943" count="0" type="cond" truecount="0" falsecount="2"/>
      <line num="946" count="0" type="stmt"/>
      <line num="949" count="0" type="stmt"/>
      <line num="952" count="0" type="stmt"/>
      <line num="955" count="0" type="cond" truecount="0" falsecount="2"/>
      <line num="956" count="0" type="cond" truecount="0" falsecount="2"/>
      <line num="957" count="0" type="stmt"/>
      <line num="959" count="0" type="stmt"/>
      <line num="962" count="0" type="stmt"/>
      <line num="965" count="0" type="stmt"/>
      <line num="967" count="0" type="stmt"/>
      <line num="970" count="0" type="cond" truecount="0" falsecount="2"/>
      <line num="971" count="0" type="cond" truecount="0" falsecount="2"/>
      <line num="972" count="0" type="stmt"/>
      <line num="975" count="0" type="stmt"/>
      <line num="978" count="0" type="stmt"/>
      <line num="981" count="0" type="cond" truecount="0" falsecount="2"/>
      <line num="982" count="0" type="cond" truecount="0" falsecount="2"/>
      <line num="983" count="0" type="stmt"/>
      <line num="986" count="0" type="stmt"/>
      <line num="989" count="0" type="stmt"/>
      <line num="993" count="0" type="cond" truecount="0" falsecount="2"/>
      <line num="998" count="0" type="cond" truecount="0" falsecount="2"/>
      <line num="999" count="0" type="stmt"/>
      <line num="1002" count="0" type="cond" truecount="0" falsecount="2"/>
      <line num="1003" count="0" type="stmt"/>
      <line num="1004" count="0" type="cond" truecount="0" falsecount="2"/>
      <line num="1005" count="0" type="stmt"/>
      <line num="1008" count="0" type="stmt"/>
      <line num="1015" count="0" type="stmt"/>
      <line num="1018" count="0" type="stmt"/>
      <line num="1019" count="0" type="stmt"/>
      <line num="1020" count="0" type="stmt"/>
      <line num="1021" count="0" type="stmt"/>
      <line num="1022" count="0" type="stmt"/>
      <line num="1023" count="0" type="stmt"/>
      <line num="1024" count="0" type="stmt"/>
      <line num="1027" count="1" type="stmt"/>
      <line num="1028" count="1" type="stmt"/>
      <line num="1029" count="1" type="stmt"/>
      <line num="1030" count="1" type="stmt"/>
      <line num="1031" count="1" type="stmt"/>
      <line num="1032" count="1" type="stmt"/>
      <line num="1033" count="1" type="stmt"/>
      <line num="1034" count="1" type="stmt"/>
      <line num="1035" count="1" type="stmt"/>
      <line num="1037" count="1" type="cond" truecount="1" falsecount="1"/>
      <line num="1038" count="1" type="stmt"/>
      <line num="1039" count="1" type="stmt"/>
      <line num="1043" count="1" type="stmt"/>
      <line num="1044" count="1" type="stmt"/>
      <line num="1045" count="0" type="cond" truecount="0" falsecount="2"/>
      <line num="1046" count="0" type="cond" truecount="0" falsecount="2"/>
      <line num="1047" count="0" type="stmt"/>
      <line num="1048" count="0" type="stmt"/>
      <line num="1050" count="0" type="stmt"/>
      <line num="1051" count="0" type="stmt"/>
      <line num="1053" count="0" type="stmt"/>
      <line num="1054" count="0" type="stmt"/>
      <line num="1059" count="1" type="stmt"/>
      <line num="1066" count="1" type="stmt"/>
      <line num="1067" count="0" type="stmt"/>
      <line num="1068" count="0" type="stmt"/>
      <line num="1069" count="0" type="stmt"/>
      <line num="1070" count="0" type="stmt"/>
      <line num="1071" count="0" type="stmt"/>
      <line num="1072" count="0" type="stmt"/>
      <line num="1073" count="0" type="stmt"/>
      <line num="1076" count="1" type="stmt"/>
      <line num="1077" count="0" type="stmt"/>
      <line num="1078" count="0" type="stmt"/>
      <line num="1080" count="0" type="stmt"/>
      <line num="1084" count="0" type="stmt"/>
      <line num="1085" count="0" type="stmt"/>
      <line num="1086" count="0" type="stmt"/>
      <line num="1087" count="0" type="stmt"/>
      <line num="1088" count="0" type="stmt"/>
      <line num="1091" count="0" type="stmt"/>
      <line num="1095" count="0" type="stmt"/>
      <line num="1096" count="0" type="cond" truecount="0" falsecount="2"/>
      <line num="1097" count="0" type="stmt"/>
      <line num="1098" count="0" type="stmt"/>
      <line num="1099" count="0" type="stmt"/>
      <line num="1100" count="0" type="stmt"/>
      <line num="1101" count="0" type="stmt"/>
      <line num="1102" count="0" type="stmt"/>
      <line num="1104" count="0" type="stmt"/>
      <line num="1109" count="1" type="stmt"/>
      <line num="1110" count="0" type="cond" truecount="0" falsecount="2"/>
      <line num="1111" count="0" type="cond" truecount="0" falsecount="2"/>
      <line num="1112" count="0" type="stmt"/>
      <line num="1113" count="0" type="stmt"/>
      <line num="1117" count="0" type="cond" truecount="0" falsecount="2"/>
      <line num="1118" count="0" type="stmt"/>
      <line num="1120" count="0" type="stmt"/>
      <line num="1124" count="0" type="cond" truecount="0" falsecount="2"/>
      <line num="1125" count="0" type="stmt"/>
      <line num="1130" count="0" type="cond" truecount="0" falsecount="2"/>
      <line num="1131" count="0" type="stmt"/>
      <line num="1137" count="0" type="stmt"/>
      <line num="1140" count="0" type="stmt"/>
      <line num="1141" count="0" type="cond" truecount="0" falsecount="2"/>
      <line num="1142" count="0" type="stmt"/>
      <line num="1144" count="0" type="stmt"/>
      <line num="1145" count="0" type="stmt"/>
      <line num="1146" count="0" type="stmt"/>
      <line num="1147" count="0" type="stmt"/>
      <line num="1149" count="0" type="stmt"/>
      <line num="1153" count="0" type="cond" truecount="0" falsecount="2"/>
      <line num="1154" count="0" type="stmt"/>
      <line num="1155" count="0" type="stmt"/>
      <line num="1156" count="0" type="stmt"/>
      <line num="1157" count="0" type="stmt"/>
      <line num="1158" count="0" type="stmt"/>
      <line num="1159" count="0" type="stmt"/>
      <line num="1161" count="0" type="stmt"/>
      <line num="1165" count="0" type="stmt"/>
      <line num="1169" count="0" type="stmt"/>
      <line num="1170" count="0" type="stmt"/>
      <line num="1171" count="0" type="stmt"/>
      <line num="1174" count="0" type="stmt"/>
      <line num="1177" count="0" type="cond" truecount="0" falsecount="2"/>
      <line num="1181" count="0" type="cond" truecount="0" falsecount="2"/>
      <line num="1182" count="0" type="stmt"/>
      <line num="1183" count="0" type="stmt"/>
      <line num="1184" count="0" type="stmt"/>
      <line num="1191" count="0" type="stmt"/>
      <line num="1194" count="0" type="cond" truecount="0" falsecount="2"/>
      <line num="1195" count="0" type="cond" truecount="0" falsecount="2"/>
      <line num="1196" count="0" type="stmt"/>
      <line num="1197" count="0" type="cond" truecount="0" falsecount="2"/>
      <line num="1198" count="0" type="stmt"/>
      <line num="1199" count="0" type="stmt"/>
      <line num="1200" count="0" type="stmt"/>
      <line num="1201" count="0" type="stmt"/>
      <line num="1202" count="0" type="cond" truecount="0" falsecount="2"/>
      <line num="1204" count="0" type="stmt"/>
      <line num="1207" count="0" type="stmt"/>
      <line num="1208" count="0" type="stmt"/>
      <line num="1209" count="0" type="stmt"/>
      <line num="1217" count="0" type="cond" truecount="0" falsecount="2"/>
      <line num="1218" count="0" type="stmt"/>
      <line num="1222" count="0" type="stmt"/>
      <line num="1223" count="0" type="stmt"/>
      <line num="1224" count="0" type="stmt"/>
      <line num="1225" count="0" type="stmt"/>
      <line num="1230" count="0" type="cond" truecount="0" falsecount="2"/>
      <line num="1231" count="0" type="stmt"/>
      <line num="1238" count="0" type="stmt"/>
      <line num="1247" count="0" type="stmt"/>
      <line num="1254" count="1" type="stmt"/>
      <line num="1255" count="0" type="stmt"/>
      <line num="1263" count="0" type="cond" truecount="0" falsecount="2"/>
      <line num="1264" count="0" type="stmt"/>
      <line num="1265" count="0" type="stmt"/>
      <line num="1266" count="0" type="stmt"/>
      <line num="1267" count="0" type="stmt"/>
      <line num="1268" count="0" type="cond" truecount="0" falsecount="2"/>
      <line num="1269" count="0" type="stmt"/>
      <line num="1272" count="0" type="stmt"/>
      <line num="1273" count="0" type="cond" truecount="0" falsecount="2"/>
      <line num="1274" count="0" type="stmt"/>
      <line num="1278" count="0" type="stmt"/>
      <line num="1284" count="1" type="stmt"/>
      <line num="1285" count="0" type="stmt"/>
      <line num="1286" count="0" type="stmt"/>
      <line num="1287" count="0" type="stmt"/>
      <line num="1288" count="0" type="cond" truecount="0" falsecount="3"/>
      <line num="1290" count="0" type="cond" truecount="0" falsecount="2"/>
      <line num="1291" count="0" type="stmt"/>
      <line num="1293" count="0" type="stmt"/>
      <line num="1295" count="0" type="stmt"/>
      <line num="1297" count="0" type="stmt"/>
      <line num="1298" count="0" type="stmt"/>
      <line num="1300" count="0" type="stmt"/>
      <line num="1301" count="0" type="stmt"/>
      <line num="1305" count="1" type="stmt"/>
      <line num="1306" count="0" type="stmt"/>
      <line num="1307" count="0" type="stmt"/>
      <line num="1310" count="1" type="stmt"/>
      <line num="1311" count="0" type="stmt"/>
      <line num="1313" count="0" type="cond" truecount="0" falsecount="2"/>
      <line num="1314" count="0" type="stmt"/>
      <line num="1316" count="0" type="stmt"/>
      <line num="1319" count="0" type="stmt"/>
      <line num="1322" count="1" type="stmt"/>
      <line num="1323" count="0" type="stmt"/>
      <line num="1324" count="0" type="stmt"/>
      <line num="1325" count="0" type="cond" truecount="0" falsecount="4"/>
      <line num="1327" count="0" type="cond" truecount="0" falsecount="2"/>
      <line num="1328" count="0" type="stmt"/>
      <line num="1329" count="0" type="stmt"/>
      <line num="1331" count="0" type="stmt"/>
      <line num="1332" count="0" type="stmt"/>
      <line num="1334" count="0" type="stmt"/>
      <line num="1336" count="0" type="cond" truecount="0" falsecount="2"/>
      <line num="1337" count="0" type="stmt"/>
      <line num="1338" count="0" type="stmt"/>
      <line num="1340" count="0" type="stmt"/>
      <line num="1341" count="0" type="stmt"/>
      <line num="1343" count="0" type="stmt"/>
      <line num="1345" count="0" type="cond" truecount="0" falsecount="2"/>
      <line num="1346" count="0" type="stmt"/>
      <line num="1348" count="0" type="stmt"/>
      <line num="1350" count="0" type="stmt"/>
      <line num="1352" count="0" type="cond" truecount="0" falsecount="2"/>
      <line num="1353" count="0" type="stmt"/>
      <line num="1354" count="0" type="stmt"/>
      <line num="1355" count="0" type="stmt"/>
      <line num="1357" count="0" type="stmt"/>
      <line num="1358" count="0" type="stmt"/>
      <line num="1360" count="0" type="stmt"/>
      <line num="1363" count="1" type="stmt"/>
      <line num="1365" count="0" type="stmt"/>
      <line num="1369" count="0" type="cond" truecount="0" falsecount="2"/>
      <line num="1370" count="0" type="stmt"/>
      <line num="1371" count="0" type="stmt"/>
      <line num="1372" count="0" type="cond" truecount="0" falsecount="2"/>
      <line num="1373" count="0" type="stmt"/>
      <line num="1374" count="0" type="stmt"/>
      <line num="1375" count="0" type="cond" truecount="0" falsecount="2"/>
      <line num="1376" count="0" type="stmt"/>
      <line num="1377" count="0" type="stmt"/>
      <line num="1379" count="0" type="cond" truecount="0" falsecount="2"/>
      <line num="1380" count="0" type="stmt"/>
      <line num="1381" count="0" type="stmt"/>
      <line num="1382" count="0" type="stmt"/>
      <line num="1383" count="0" type="cond" truecount="0" falsecount="2"/>
      <line num="1384" count="0" type="stmt"/>
      <line num="1385" count="0" type="stmt"/>
      <line num="1387" count="0" type="cond" truecount="0" falsecount="4"/>
      <line num="1388" count="0" type="stmt"/>
      <line num="1389" count="0" type="stmt"/>
      <line num="1390" count="0" type="cond" truecount="0" falsecount="2"/>
      <line num="1391" count="0" type="stmt"/>
      <line num="1393" count="0" type="cond" truecount="0" falsecount="2"/>
      <line num="1394" count="0" type="stmt"/>
      <line num="1395" count="0" type="stmt"/>
      <line num="1397" count="0" type="cond" truecount="0" falsecount="2"/>
      <line num="1401" count="0" type="stmt"/>
      <line num="1402" count="0" type="cond" truecount="0" falsecount="2"/>
      <line num="1403" count="0" type="stmt"/>
      <line num="1405" count="0" type="cond" truecount="0" falsecount="2"/>
      <line num="1406" count="0" type="stmt"/>
      <line num="1409" count="0" type="stmt"/>
      <line num="1410" count="0" type="stmt"/>
      <line num="1411" count="0" type="stmt"/>
      <line num="1418" count="0" type="stmt"/>
      <line num="1419" count="0" type="cond" truecount="0" falsecount="2"/>
      <line num="1420" count="0" type="cond" truecount="0" falsecount="4"/>
      <line num="1422" count="0" type="stmt"/>
      <line num="1424" count="0" type="stmt"/>
      <line num="1430" count="0" type="stmt"/>
      <line num="1432" count="0" type="cond" truecount="0" falsecount="2"/>
      <line num="1433" count="0" type="stmt"/>
      <line num="1435" count="0" type="stmt"/>
      <line num="1440" count="0" type="stmt"/>
      <line num="1441" count="0" type="stmt"/>
      <line num="1447" count="1" type="stmt"/>
      <line num="1448" count="0" type="stmt"/>
      <line num="1449" count="0" type="stmt"/>
      <line num="1457" count="0" type="cond" truecount="0" falsecount="2"/>
      <line num="1458" count="0" type="stmt"/>
      <line num="1468" count="0" type="stmt"/>
      <line num="1471" count="0" type="stmt"/>
      <line num="1474" count="0" type="stmt"/>
      <line num="1479" count="1" type="stmt"/>
      <line num="1480" count="0" type="stmt"/>
      <line num="1485" count="0" type="stmt"/>
      <line num="1491" count="1" type="stmt"/>
      <line num="1492" count="0" type="stmt"/>
      <line num="1493" count="0" type="stmt"/>
      <line num="1501" count="0" type="cond" truecount="0" falsecount="2"/>
      <line num="1502" count="0" type="stmt"/>
      <line num="1503" count="0" type="stmt"/>
      <line num="1504" count="0" type="stmt"/>
      <line num="1505" count="0" type="cond" truecount="0" falsecount="4"/>
      <line num="1506" count="0" type="stmt"/>
      <line num="1509" count="0" type="stmt"/>
      <line num="1513" count="0" type="stmt"/>
      <line num="1514" count="0" type="stmt"/>
      <line num="1515" count="0" type="stmt"/>
      <line num="1516" count="0" type="stmt"/>
      <line num="1517" count="0" type="stmt"/>
      <line num="1519" count="0" type="stmt"/>
      <line num="1524" count="0" type="stmt"/>
      <line num="1525" count="0" type="stmt"/>
      <line num="1526" count="0" type="stmt"/>
      <line num="1527" count="0" type="stmt"/>
      <line num="1532" count="1" type="stmt"/>
      <line num="1533" count="0" type="stmt"/>
      <line num="1545" count="0" type="cond" truecount="0" falsecount="2"/>
      <line num="1546" count="0" type="stmt"/>
      <line num="1557" count="0" type="stmt"/>
      <line num="1558" count="0" type="stmt"/>
      <line num="1561" count="0" type="stmt"/>
      <line num="1564" count="0" type="stmt"/>
      <line num="1570" count="1" type="stmt"/>
      <line num="1571" count="1" type="stmt"/>
      <line num="1572" count="0" type="stmt"/>
      <line num="1573" count="0" type="cond" truecount="0" falsecount="2"/>
      <line num="1574" count="0" type="stmt"/>
      <line num="1581" count="0" type="stmt"/>
      <line num="1583" count="0" type="stmt"/>
      <line num="1584" count="0" type="stmt"/>
      <line num="1591" count="0" type="stmt"/>
      <line num="1592" count="0" type="stmt"/>
      <line num="1600" count="0" type="stmt"/>
      <line num="1601" count="0" type="stmt"/>
      <line num="1602" count="0" type="stmt"/>
      <line num="1609" count="0" type="cond" truecount="0" falsecount="2"/>
      <line num="1611" count="0" type="stmt"/>
      <line num="1612" count="0" type="stmt"/>
      <line num="1617" count="0" type="stmt"/>
      <line num="1626" count="0" type="stmt"/>
      <line num="1627" count="0" type="stmt"/>
      <line num="1631" count="0" type="stmt"/>
      <line num="1635" count="0" type="stmt"/>
      <line num="1636" count="0" type="stmt"/>
      <line num="1637" count="0" type="stmt"/>
      <line num="1648" count="1" type="stmt"/>
      <line num="1650" count="0" type="stmt"/>
      <line num="1653" count="0" type="stmt"/>
      <line num="1656" count="0" type="stmt"/>
      <line num="1659" count="0" type="stmt"/>
      <line num="1662" count="0" type="stmt"/>
      <line num="1665" count="0" type="stmt"/>
      <line num="1668" count="0" type="stmt"/>
      <line num="1671" count="0" type="stmt"/>
      <line num="1674" count="0" type="stmt"/>
      <line num="1677" count="0" type="stmt"/>
      <line num="1680" count="0" type="stmt"/>
      <line num="1685" count="1" type="stmt"/>
      <line num="1687" count="1" type="stmt"/>
      <line num="1693" count="1" type="stmt"/>
      <line num="1694" count="0" type="stmt"/>
      <line num="1695" count="0" type="stmt"/>
      <line num="1696" count="0" type="stmt"/>
      <line num="1697" count="0" type="stmt"/>
      <line num="1698" count="0" type="stmt"/>
      <line num="1700" count="0" type="stmt"/>
      <line num="1706" count="0" type="stmt"/>
      <line num="1707" count="0" type="cond" truecount="0" falsecount="2"/>
      <line num="1708" count="0" type="stmt"/>
      <line num="1709" count="0" type="stmt"/>
      <line num="1710" count="0" type="stmt"/>
      <line num="1712" count="0" type="stmt"/>
      <line num="1718" count="0" type="stmt"/>
      <line num="1719" count="0" type="cond" truecount="0" falsecount="2"/>
      <line num="1720" count="0" type="cond" truecount="0" falsecount="2"/>
      <line num="1721" count="0" type="stmt"/>
      <line num="1723" count="0" type="stmt"/>
      <line num="1725" count="0" type="stmt"/>
      <line num="1726" count="0" type="stmt"/>
      <line num="1727" count="0" type="stmt"/>
      <line num="1728" count="0" type="stmt"/>
      <line num="1730" count="0" type="cond" truecount="0" falsecount="2"/>
      <line num="1731" count="0" type="stmt"/>
      <line num="1733" count="0" type="stmt"/>
      <line num="1735" count="0" type="stmt"/>
      <line num="1736" count="0" type="stmt"/>
      <line num="1737" count="0" type="stmt"/>
      <line num="1738" count="0" type="stmt"/>
      <line num="1743" count="1" type="stmt"/>
      <line num="1744" count="0" type="stmt"/>
      <line num="1745" count="0" type="stmt"/>
      <line num="1748" count="1" type="stmt"/>
      <line num="1749" count="0" type="cond" truecount="0" falsecount="2"/>
      <line num="1750" count="0" type="stmt"/>
      <line num="1751" count="0" type="stmt"/>
      <line num="1752" count="0" type="stmt"/>
      <line num="1759" count="0" type="cond" truecount="0" falsecount="2"/>
      <line num="1760" count="0" type="stmt"/>
      <line num="1761" count="0" type="cond" truecount="0" falsecount="2"/>
      <line num="1762" count="0" type="stmt"/>
      <line num="1763" count="0" type="stmt"/>
      <line num="1766" count="0" type="stmt"/>
      <line num="1767" count="0" type="stmt"/>
      <line num="1774" count="1" type="stmt"/>
      <line num="1776" count="0" type="stmt"/>
      <line num="1779" count="0" type="stmt"/>
      <line num="1782" count="0" type="stmt"/>
      <line num="1788" count="1" type="stmt"/>
      <line num="1789" count="1" type="stmt"/>
      <line num="1790" count="1" type="stmt"/>
      <line num="1791" count="1" type="stmt"/>
      <line num="1792" count="1" type="stmt"/>
      <line num="1794" count="1" type="stmt"/>
      <line num="1795" count="1" type="stmt"/>
      <line num="1796" count="1" type="stmt"/>
      <line num="1797" count="1" type="stmt"/>
      <line num="1798" count="1" type="stmt"/>
      <line num="1801" count="1" type="stmt"/>
      <line num="1802" count="0" type="stmt"/>
      <line num="1803" count="0" type="stmt"/>
      <line num="1804" count="0" type="stmt"/>
      <line num="1805" count="0" type="stmt"/>
      <line num="1806" count="0" type="stmt"/>
      <line num="1807" count="0" type="cond" truecount="0" falsecount="2"/>
      <line num="1808" count="0" type="stmt"/>
      <line num="1810" count="0" type="stmt"/>
      <line num="1813" count="0" type="cond" truecount="0" falsecount="2"/>
      <line num="1814" count="0" type="stmt"/>
      <line num="1815" count="0" type="stmt"/>
      <line num="1816" count="0" type="stmt"/>
      <line num="1817" count="0" type="cond" truecount="0" falsecount="2"/>
      <line num="1818" count="0" type="stmt"/>
      <line num="1819" count="0" type="stmt"/>
      <line num="1820" count="0" type="stmt"/>
      <line num="1821" count="0" type="cond" truecount="0" falsecount="2"/>
      <line num="1822" count="0" type="stmt"/>
      <line num="1823" count="0" type="stmt"/>
      <line num="1824" count="0" type="stmt"/>
      <line num="1827" count="0" type="cond" truecount="0" falsecount="2"/>
      <line num="1828" count="0" type="stmt"/>
      <line num="1829" count="0" type="stmt"/>
      <line num="1830" count="0" type="cond" truecount="0" falsecount="2"/>
      <line num="1831" count="0" type="stmt"/>
      <line num="1832" count="0" type="stmt"/>
      <line num="1833" count="0" type="cond" truecount="0" falsecount="2"/>
      <line num="1834" count="0" type="stmt"/>
      <line num="1835" count="0" type="stmt"/>
      <line num="1841" count="1" type="stmt"/>
      <line num="1842" count="0" type="stmt"/>
      <line num="1843" count="0" type="stmt"/>
      <line num="1844" count="0" type="stmt"/>
      <line num="1845" count="0" type="stmt"/>
      <line num="1846" count="0" type="stmt"/>
      <line num="1847" count="0" type="stmt"/>
      <line num="1848" count="0" type="stmt"/>
      <line num="1850" count="0" type="cond" truecount="0" falsecount="2"/>
      <line num="1851" count="0" type="stmt"/>
      <line num="1852" count="0" type="stmt"/>
      <line num="1853" count="0" type="cond" truecount="0" falsecount="4"/>
      <line num="1854" count="0" type="stmt"/>
      <line num="1855" count="0" type="stmt"/>
      <line num="1856" count="0" type="cond" truecount="0" falsecount="2"/>
      <line num="1857" count="0" type="stmt"/>
      <line num="1858" count="0" type="stmt"/>
      <line num="1861" count="0" type="cond" truecount="0" falsecount="2"/>
      <line num="1862" count="0" type="stmt"/>
      <line num="1863" count="0" type="stmt"/>
      <line num="1864" count="0" type="stmt"/>
      <line num="1865" count="0" type="stmt"/>
      <line num="1866" count="0" type="cond" truecount="0" falsecount="2"/>
      <line num="1867" count="0" type="stmt"/>
      <line num="1868" count="0" type="stmt"/>
      <line num="1869" count="0" type="stmt"/>
      <line num="1870" count="0" type="stmt"/>
      <line num="1871" count="0" type="cond" truecount="0" falsecount="4"/>
      <line num="1872" count="0" type="stmt"/>
      <line num="1873" count="0" type="stmt"/>
      <line num="1874" count="0" type="stmt"/>
      <line num="1875" count="0" type="stmt"/>
      <line num="1881" count="1" type="stmt"/>
      <line num="1882" count="0" type="stmt"/>
      <line num="1883" count="0" type="stmt"/>
      <line num="1884" count="0" type="stmt"/>
      <line num="1885" count="0" type="stmt"/>
      <line num="1886" count="0" type="stmt"/>
      <line num="1887" count="0" type="cond" truecount="0" falsecount="2"/>
      <line num="1888" count="0" type="stmt"/>
      <line num="1889" count="0" type="stmt"/>
      <line num="1890" count="0" type="stmt"/>
      <line num="1891" count="0" type="stmt"/>
      <line num="1892" count="0" type="stmt"/>
      <line num="1893" count="0" type="cond" truecount="0" falsecount="2"/>
      <line num="1894" count="0" type="stmt"/>
      <line num="1895" count="0" type="stmt"/>
      <line num="1896" count="0" type="stmt"/>
      <line num="1897" count="0" type="stmt"/>
      <line num="1898" count="0" type="stmt"/>
      <line num="1900" count="0" type="stmt"/>
      <line num="1901" count="0" type="stmt"/>
      <line num="1902" count="0" type="stmt"/>
      <line num="1903" count="0" type="stmt"/>
      <line num="1904" count="0" type="stmt"/>
      <line num="1909" count="1" type="stmt"/>
      <line num="1910" count="0" type="stmt"/>
      <line num="1911" count="0" type="stmt"/>
      <line num="1912" count="0" type="stmt"/>
      <line num="1913" count="0" type="stmt"/>
      <line num="1914" count="0" type="stmt"/>
      <line num="1915" count="0" type="stmt"/>
      <line num="1916" count="0" type="stmt"/>
      <line num="1917" count="0" type="cond" truecount="0" falsecount="2"/>
      <line num="1918" count="0" type="stmt"/>
      <line num="1921" count="0" type="stmt"/>
      <line num="1922" count="0" type="cond" truecount="0" falsecount="2"/>
      <line num="1923" count="0" type="stmt"/>
      <line num="1924" count="0" type="stmt"/>
      <line num="1925" count="0" type="stmt"/>
      <line num="1926" count="0" type="stmt"/>
      <line num="1927" count="0" type="cond" truecount="0" falsecount="2"/>
      <line num="1928" count="0" type="cond" truecount="0" falsecount="4"/>
      <line num="1929" count="0" type="stmt"/>
      <line num="1930" count="0" type="stmt"/>
      <line num="1931" count="0" type="stmt"/>
      <line num="1932" count="0" type="stmt"/>
      <line num="1933" count="0" type="stmt"/>
      <line num="1934" count="0" type="cond" truecount="0" falsecount="4"/>
      <line num="1935" count="0" type="stmt"/>
      <line num="1936" count="0" type="stmt"/>
      <line num="1937" count="0" type="stmt"/>
      <line num="1938" count="0" type="stmt"/>
      <line num="1939" count="0" type="stmt"/>
      <line num="1942" count="0" type="stmt"/>
      <line num="1943" count="0" type="stmt"/>
      <line num="1944" count="0" type="stmt"/>
      <line num="1945" count="0" type="stmt"/>
      <line num="1946" count="0" type="stmt"/>
      <line num="1952" count="1" type="stmt"/>
      <line num="1953" count="0" type="stmt"/>
      <line num="1954" count="0" type="stmt"/>
      <line num="1955" count="0" type="stmt"/>
      <line num="1956" count="0" type="stmt"/>
      <line num="1957" count="0" type="stmt"/>
      <line num="1958" count="0" type="stmt"/>
      <line num="1960" count="0" type="stmt"/>
      <line num="1961" count="0" type="stmt"/>
      <line num="1962" count="0" type="cond" truecount="0" falsecount="2"/>
      <line num="1963" count="0" type="cond" truecount="0" falsecount="2"/>
      <line num="1964" count="0" type="stmt"/>
      <line num="1965" count="0" type="stmt"/>
      <line num="1966" count="0" type="stmt"/>
      <line num="1967" count="0" type="stmt"/>
      <line num="1969" count="0" type="cond" truecount="0" falsecount="2"/>
      <line num="1970" count="0" type="stmt"/>
      <line num="1971" count="0" type="stmt"/>
      <line num="1972" count="0" type="stmt"/>
      <line num="1974" count="0" type="stmt"/>
      <line num="1978" count="0" type="stmt"/>
      <line num="1979" count="0" type="cond" truecount="0" falsecount="2"/>
      <line num="1980" count="0" type="stmt"/>
      <line num="1981" count="0" type="stmt"/>
      <line num="1982" count="0" type="stmt"/>
      <line num="1983" count="0" type="stmt"/>
      <line num="1986" count="0" type="stmt"/>
      <line num="1987" count="0" type="stmt"/>
      <line num="1988" count="0" type="stmt"/>
      <line num="1989" count="0" type="stmt"/>
      <line num="1994" count="0" type="stmt"/>
      <line num="1995" count="0" type="stmt"/>
      <line num="1996" count="0" type="cond" truecount="0" falsecount="2"/>
      <line num="1998" count="0" type="cond" truecount="0" falsecount="2"/>
      <line num="1999" count="0" type="stmt"/>
      <line num="2003" count="1" type="stmt"/>
      <line num="2004" count="0" type="stmt"/>
      <line num="2005" count="0" type="stmt"/>
      <line num="2006" count="0" type="stmt"/>
      <line num="2007" count="0" type="stmt"/>
      <line num="2008" count="0" type="cond" truecount="0" falsecount="4"/>
      <line num="2009" count="0" type="stmt"/>
      <line num="2010" count="0" type="cond" truecount="0" falsecount="4"/>
      <line num="2011" count="0" type="stmt"/>
      <line num="2012" count="0" type="cond" truecount="0" falsecount="4"/>
      <line num="2013" count="0" type="stmt"/>
      <line num="2019" count="1" type="stmt"/>
      <line num="2020" count="0" type="stmt"/>
      <line num="2021" count="0" type="stmt"/>
      <line num="2022" count="0" type="stmt"/>
      <line num="2028" count="0" type="cond" truecount="0" falsecount="7"/>
      <line num="2029" count="0" type="stmt"/>
      <line num="2031" count="0" type="stmt"/>
      <line num="2035" count="1" type="stmt"/>
      <line num="2036" count="0" type="stmt"/>
      <line num="2037" count="0" type="stmt"/>
      <line num="2038" count="0" type="stmt"/>
      <line num="2039" count="0" type="stmt"/>
      <line num="2040" count="0" type="stmt"/>
      <line num="2041" count="0" type="cond" truecount="0" falsecount="2"/>
      <line num="2042" count="0" type="stmt"/>
      <line num="2043" count="0" type="stmt"/>
      <line num="2044" count="0" type="stmt"/>
      <line num="2050" count="0" type="stmt"/>
      <line num="2051" count="0" type="stmt"/>
      <line num="2052" count="0" type="stmt"/>
      <line num="2053" count="0" type="cond" truecount="0" falsecount="2"/>
      <line num="2054" count="0" type="stmt"/>
      <line num="2056" count="0" type="stmt"/>
      <line num="2057" count="0" type="stmt"/>
      <line num="2059" count="0" type="stmt"/>
      <line num="2060" count="0" type="cond" truecount="0" falsecount="3"/>
      <line num="2062" count="0" type="stmt"/>
      <line num="2063" count="0" type="stmt"/>
      <line num="2065" count="0" type="stmt"/>
      <line num="2066" count="0" type="stmt"/>
      <line num="2068" count="0" type="stmt"/>
      <line num="2070" count="0" type="stmt"/>
      <line num="2076" count="0" type="stmt"/>
      <line num="2077" count="0" type="stmt"/>
      <line num="2080" count="0" type="cond" truecount="0" falsecount="2"/>
      <line num="2081" count="0" type="stmt"/>
      <line num="2082" count="0" type="stmt"/>
      <line num="2093" count="1" type="stmt"/>
      <line num="2094" count="0" type="stmt"/>
      <line num="2100" count="0" type="cond" truecount="0" falsecount="2"/>
      <line num="2101" count="0" type="stmt"/>
      <line num="2102" count="0" type="stmt"/>
      <line num="2104" count="0" type="stmt"/>
      <line num="2105" count="0" type="stmt"/>
      <line num="2106" count="0" type="stmt"/>
      <line num="2107" count="0" type="stmt"/>
      <line num="2108" count="0" type="stmt"/>
      <line num="2109" count="0" type="stmt"/>
      <line num="2110" count="0" type="stmt"/>
      <line num="2111" count="0" type="stmt"/>
      <line num="2112" count="0" type="stmt"/>
      <line num="2120" count="1" type="stmt"/>
      <line num="2121" count="0" type="stmt"/>
      <line num="2122" count="0" type="stmt"/>
      <line num="2123" count="0" type="stmt"/>
      <line num="2130" count="0" type="cond" truecount="0" falsecount="2"/>
      <line num="2131" count="0" type="stmt"/>
      <line num="2138" count="1" type="stmt"/>
      <line num="2139" count="0" type="stmt"/>
      <line num="2140" count="0" type="stmt"/>
      <line num="2141" count="0" type="stmt"/>
      <line num="2148" count="0" type="cond" truecount="0" falsecount="2"/>
      <line num="2149" count="0" type="stmt"/>
      <line num="2157" count="1" type="stmt"/>
      <line num="2159" count="0" type="stmt"/>
      <line num="2162" count="0" type="stmt"/>
      <line num="2165" count="0" type="stmt"/>
    </file>
  </project>
</coverage>
