{"/Users/sangdon/work/imweb/packages/jest/dist/main.js": {"path":"/Users/sangdon/work/imweb/packages/jest/dist/main.js","statementMap":{"0":{"start":{"line":1,"column":19},"end":{"line":809,"column":1}},"1":{"start":{"line":6,"column":20},"end":{"line":6,"column":72}},"2":{"start":{"line":7,"column":16},"end":{"line":7,"column":18}},"3":{"start":{"line":8,"column":4},"end":{"line":8,"column":42}},"4":{"start":{"line":9,"column":4},"end":{"line":9,"column":46}},"5":{"start":{"line":10,"column":4},"end":{"line":10,"column":49}},"6":{"start":{"line":11,"column":4},"end":{"line":11,"column":41}},"7":{"start":{"line":12,"column":4},"end":{"line":12,"column":45}},"8":{"start":{"line":13,"column":4},"end":{"line":13,"column":32}},"9":{"start":{"line":14,"column":4},"end":{"line":53,"column":5}},"10":{"start":{"line":16,"column":6},"end":{"line":16,"column":27}},"11":{"start":{"line":17,"column":6},"end":{"line":17,"column":40}},"12":{"start":{"line":18,"column":6},"end":{"line":18,"column":39}},"13":{"start":{"line":19,"column":6},"end":{"line":19,"column":42}},"14":{"start":{"line":20,"column":6},"end":{"line":20,"column":36}},"15":{"start":{"line":21,"column":6},"end":{"line":21,"column":36}},"16":{"start":{"line":22,"column":6},"end":{"line":22,"column":33}},"17":{"start":{"line":23,"column":6},"end":{"line":23,"column":27}},"18":{"start":{"line":24,"column":6},"end":{"line":24,"column":25}},"19":{"start":{"line":25,"column":6},"end":{"line":25,"column":36}},"20":{"start":{"line":26,"column":6},"end":{"line":26,"column":36}},"21":{"start":{"line":27,"column":6},"end":{"line":27,"column":35}},"22":{"start":{"line":28,"column":6},"end":{"line":28,"column":34}},"23":{"start":{"line":29,"column":6},"end":{"line":29,"column":41}},"24":{"start":{"line":30,"column":6},"end":{"line":30,"column":13}},"25":{"start":{"line":32,"column":6},"end":{"line":32,"column":27}},"26":{"start":{"line":33,"column":6},"end":{"line":33,"column":40}},"27":{"start":{"line":34,"column":6},"end":{"line":34,"column":39}},"28":{"start":{"line":35,"column":6},"end":{"line":35,"column":41}},"29":{"start":{"line":36,"column":6},"end":{"line":43,"column":7}},"30":{"start":{"line":42,"column":8},"end":{"line":42,"column":44}},"31":{"start":{"line":44,"column":6},"end":{"line":51,"column":7}},"32":{"start":{"line":50,"column":8},"end":{"line":50,"column":38}},"33":{"start":{"line":52,"column":6},"end":{"line":52,"column":36}},"34":{"start":{"line":55,"column":4},"end":{"line":57,"column":13}},"35":{"start":{"line":58,"column":4},"end":{"line":62,"column":5}},"36":{"start":{"line":59,"column":6},"end":{"line":59,"column":50}},"37":{"start":{"line":61,"column":6},"end":{"line":61,"column":43}},"38":{"start":{"line":64,"column":4},"end":{"line":76,"column":5}},"39":{"start":{"line":73,"column":6},"end":{"line":73,"column":52}},"40":{"start":{"line":75,"column":6},"end":{"line":75,"column":55}},"41":{"start":{"line":78,"column":4},"end":{"line":97,"column":7}},"42":{"start":{"line":79,"column":6},"end":{"line":79,"column":36}},"43":{"start":{"line":80,"column":6},"end":{"line":95,"column":7}},"44":{"start":{"line":81,"column":8},"end":{"line":93,"column":9}},"45":{"start":{"line":82,"column":10},"end":{"line":86,"column":12}},"46":{"start":{"line":87,"column":15},"end":{"line":93,"column":9}},"47":{"start":{"line":88,"column":10},"end":{"line":92,"column":12}},"48":{"start":{"line":94,"column":8},"end":{"line":94,"column":42}},"49":{"start":{"line":96,"column":6},"end":{"line":96,"column":26}},"50":{"start":{"line":102,"column":17},"end":{"line":102,"column":19}},"51":{"start":{"line":103,"column":4},"end":{"line":103,"column":36}},"52":{"start":{"line":104,"column":4},"end":{"line":106,"column":5}},"53":{"start":{"line":105,"column":6},"end":{"line":105,"column":29}},"54":{"start":{"line":108,"column":4},"end":{"line":130,"column":6}},"55":{"start":{"line":119,"column":8},"end":{"line":128,"column":11}},"56":{"start":{"line":120,"column":10},"end":{"line":127,"column":11}},"57":{"start":{"line":121,"column":12},"end":{"line":121,"column":55}},"58":{"start":{"line":122,"column":12},"end":{"line":122,"column":47}},"59":{"start":{"line":124,"column":12},"end":{"line":124,"column":60}},"60":{"start":{"line":126,"column":12},"end":{"line":126,"column":29}},"61":{"start":{"line":132,"column":4},"end":{"line":145,"column":7}},"62":{"start":{"line":133,"column":29},"end":{"line":133,"column":73}},"63":{"start":{"line":134,"column":6},"end":{"line":144,"column":7}},"64":{"start":{"line":138,"column":8},"end":{"line":142,"column":11}},"65":{"start":{"line":139,"column":10},"end":{"line":141,"column":11}},"66":{"start":{"line":140,"column":12},"end":{"line":140,"column":42}},"67":{"start":{"line":143,"column":8},"end":{"line":143,"column":29}},"68":{"start":{"line":148,"column":4},"end":{"line":155,"column":5}},"69":{"start":{"line":150,"column":8},"end":{"line":150,"column":28}},"70":{"start":{"line":151,"column":8},"end":{"line":151,"column":14}},"71":{"start":{"line":153,"column":8},"end":{"line":153,"column":28}},"72":{"start":{"line":154,"column":8},"end":{"line":154,"column":14}},"73":{"start":{"line":157,"column":4},"end":{"line":161,"column":7}},"74":{"start":{"line":158,"column":6},"end":{"line":158,"column":26}},"75":{"start":{"line":159,"column":6},"end":{"line":159,"column":21}},"76":{"start":{"line":160,"column":6},"end":{"line":160,"column":19}},"77":{"start":{"line":165,"column":24},"end":{"line":165,"column":46}},"78":{"start":{"line":167,"column":4},"end":{"line":193,"column":9}},"79":{"start":{"line":171,"column":8},"end":{"line":192,"column":9}},"80":{"start":{"line":172,"column":25},"end":{"line":172,"column":49}},"81":{"start":{"line":173,"column":29},"end":{"line":173,"column":57}},"82":{"start":{"line":174,"column":10},"end":{"line":183,"column":11}},"83":{"start":{"line":176,"column":14},"end":{"line":177,"column":77}},"84":{"start":{"line":178,"column":14},"end":{"line":178,"column":20}},"85":{"start":{"line":180,"column":14},"end":{"line":181,"column":51}},"86":{"start":{"line":182,"column":14},"end":{"line":182,"column":20}},"87":{"start":{"line":184,"column":10},"end":{"line":184,"column":30}},"88":{"start":{"line":186,"column":10},"end":{"line":189,"column":35}},"89":{"start":{"line":190,"column":10},"end":{"line":190,"column":37}},"90":{"start":{"line":191,"column":10},"end":{"line":191,"column":75}},"91":{"start":{"line":196,"column":4},"end":{"line":227,"column":7}},"92":{"start":{"line":197,"column":6},"end":{"line":203,"column":11}},"93":{"start":{"line":201,"column":10},"end":{"line":201,"column":68}},"94":{"start":{"line":202,"column":10},"end":{"line":202,"column":39}},"95":{"start":{"line":205,"column":6},"end":{"line":226,"column":7}},"96":{"start":{"line":206,"column":8},"end":{"line":225,"column":13}},"97":{"start":{"line":210,"column":12},"end":{"line":210,"column":48}},"98":{"start":{"line":211,"column":30},"end":{"line":211,"column":55}},"99":{"start":{"line":212,"column":12},"end":{"line":224,"column":13}},"100":{"start":{"line":213,"column":14},"end":{"line":213,"column":53}},"101":{"start":{"line":214,"column":14},"end":{"line":221,"column":15}},"102":{"start":{"line":215,"column":16},"end":{"line":218,"column":41}},"103":{"start":{"line":219,"column":16},"end":{"line":219,"column":43}},"104":{"start":{"line":220,"column":16},"end":{"line":220,"column":67}},"105":{"start":{"line":223,"column":14},"end":{"line":223,"column":52}},"106":{"start":{"line":230,"column":24},"end":{"line":230,"column":46}},"107":{"start":{"line":232,"column":4},"end":{"line":251,"column":9}},"108":{"start":{"line":236,"column":8},"end":{"line":250,"column":9}},"109":{"start":{"line":237,"column":10},"end":{"line":238,"column":48}},"110":{"start":{"line":238,"column":12},"end":{"line":238,"column":48}},"111":{"start":{"line":240,"column":10},"end":{"line":243,"column":35}},"112":{"start":{"line":244,"column":10},"end":{"line":244,"column":37}},"113":{"start":{"line":245,"column":10},"end":{"line":245,"column":75}},"114":{"start":{"line":246,"column":10},"end":{"line":248,"column":12}},"115":{"start":{"line":249,"column":10},"end":{"line":249,"column":80}},"116":{"start":{"line":253,"column":27},"end":{"line":253,"column":49}},"117":{"start":{"line":254,"column":4},"end":{"line":270,"column":7}},"118":{"start":{"line":255,"column":25},"end":{"line":255,"column":38}},"119":{"start":{"line":256,"column":27},"end":{"line":256,"column":45}},"120":{"start":{"line":257,"column":6},"end":{"line":257,"column":77}},"121":{"start":{"line":258,"column":6},"end":{"line":269,"column":7}},"122":{"start":{"line":259,"column":8},"end":{"line":268,"column":13}},"123":{"start":{"line":263,"column":12},"end":{"line":267,"column":14}},"124":{"start":{"line":272,"column":4},"end":{"line":275,"column":7}},"125":{"start":{"line":273,"column":6},"end":{"line":273,"column":37}},"126":{"start":{"line":274,"column":6},"end":{"line":274,"column":75}},"127":{"start":{"line":279,"column":4},"end":{"line":279,"column":44}},"128":{"start":{"line":280,"column":4},"end":{"line":280,"column":45}},"129":{"start":{"line":281,"column":4},"end":{"line":281,"column":40}},"130":{"start":{"line":282,"column":4},"end":{"line":282,"column":41}},"131":{"start":{"line":283,"column":4},"end":{"line":283,"column":28}},"132":{"start":{"line":285,"column":4},"end":{"line":313,"column":5}},"133":{"start":{"line":288,"column":6},"end":{"line":288,"column":39}},"134":{"start":{"line":289,"column":6},"end":{"line":289,"column":37}},"135":{"start":{"line":290,"column":6},"end":{"line":290,"column":38}},"136":{"start":{"line":291,"column":6},"end":{"line":291,"column":42}},"137":{"start":{"line":292,"column":6},"end":{"line":292,"column":36}},"138":{"start":{"line":293,"column":6},"end":{"line":293,"column":35}},"139":{"start":{"line":294,"column":6},"end":{"line":294,"column":34}},"140":{"start":{"line":295,"column":6},"end":{"line":295,"column":50}},"141":{"start":{"line":296,"column":6},"end":{"line":296,"column":41}},"142":{"start":{"line":298,"column":6},"end":{"line":298,"column":39}},"143":{"start":{"line":299,"column":6},"end":{"line":299,"column":37}},"144":{"start":{"line":301,"column":6},"end":{"line":308,"column":7}},"145":{"start":{"line":307,"column":8},"end":{"line":307,"column":44}},"146":{"start":{"line":309,"column":6},"end":{"line":309,"column":36}},"147":{"start":{"line":310,"column":6},"end":{"line":310,"column":35}},"148":{"start":{"line":311,"column":6},"end":{"line":311,"column":34}},"149":{"start":{"line":312,"column":6},"end":{"line":312,"column":43}},"150":{"start":{"line":317,"column":4},"end":{"line":317,"column":16}},"151":{"start":{"line":318,"column":4},"end":{"line":318,"column":45}},"152":{"start":{"line":319,"column":4},"end":{"line":365,"column":5}},"153":{"start":{"line":323,"column":6},"end":{"line":326,"column":7}},"154":{"start":{"line":324,"column":8},"end":{"line":324,"column":48}},"155":{"start":{"line":325,"column":8},"end":{"line":325,"column":49}},"156":{"start":{"line":327,"column":6},"end":{"line":330,"column":7}},"157":{"start":{"line":328,"column":8},"end":{"line":328,"column":44}},"158":{"start":{"line":329,"column":8},"end":{"line":329,"column":45}},"159":{"start":{"line":332,"column":6},"end":{"line":335,"column":8}},"160":{"start":{"line":336,"column":6},"end":{"line":339,"column":8}},"161":{"start":{"line":341,"column":6},"end":{"line":364,"column":7}},"162":{"start":{"line":345,"column":8},"end":{"line":348,"column":10}},"163":{"start":{"line":349,"column":8},"end":{"line":352,"column":10}},"164":{"start":{"line":353,"column":8},"end":{"line":353,"column":49}},"165":{"start":{"line":354,"column":8},"end":{"line":354,"column":45}},"166":{"start":{"line":356,"column":8},"end":{"line":359,"column":10}},"167":{"start":{"line":360,"column":8},"end":{"line":363,"column":10}},"168":{"start":{"line":367,"column":4},"end":{"line":390,"column":5}},"169":{"start":{"line":369,"column":6},"end":{"line":369,"column":56}},"170":{"start":{"line":370,"column":6},"end":{"line":370,"column":58}},"171":{"start":{"line":371,"column":6},"end":{"line":373,"column":7}},"172":{"start":{"line":372,"column":8},"end":{"line":372,"column":48}},"173":{"start":{"line":374,"column":11},"end":{"line":390,"column":5}},"174":{"start":{"line":376,"column":6},"end":{"line":376,"column":56}},"175":{"start":{"line":377,"column":6},"end":{"line":377,"column":58}},"176":{"start":{"line":378,"column":6},"end":{"line":378,"column":34}},"177":{"start":{"line":380,"column":6},"end":{"line":389,"column":7}},"178":{"start":{"line":384,"column":8},"end":{"line":384,"column":44}},"179":{"start":{"line":385,"column":8},"end":{"line":385,"column":36}},"180":{"start":{"line":386,"column":8},"end":{"line":388,"column":33}},"181":{"start":{"line":392,"column":38},"end":{"line":392,"column":66}},"182":{"start":{"line":394,"column":4},"end":{"line":396,"column":49}},"183":{"start":{"line":397,"column":4},"end":{"line":399,"column":20}},"184":{"start":{"line":400,"column":4},"end":{"line":441,"column":5}},"185":{"start":{"line":401,"column":6},"end":{"line":401,"column":41}},"186":{"start":{"line":403,"column":6},"end":{"line":425,"column":7}},"187":{"start":{"line":404,"column":8},"end":{"line":406,"column":51}},"188":{"start":{"line":407,"column":8},"end":{"line":424,"column":9}},"189":{"start":{"line":408,"column":10},"end":{"line":410,"column":54}},"190":{"start":{"line":411,"column":10},"end":{"line":413,"column":54}},"191":{"start":{"line":414,"column":10},"end":{"line":416,"column":54}},"192":{"start":{"line":417,"column":10},"end":{"line":423,"column":15}},"193":{"start":{"line":420,"column":14},"end":{"line":422,"column":16}},"194":{"start":{"line":426,"column":6},"end":{"line":429,"column":51}},"195":{"start":{"line":427,"column":8},"end":{"line":429,"column":51}},"196":{"start":{"line":430,"column":6},"end":{"line":433,"column":51}},"197":{"start":{"line":431,"column":8},"end":{"line":433,"column":51}},"198":{"start":{"line":434,"column":6},"end":{"line":437,"column":51}},"199":{"start":{"line":435,"column":8},"end":{"line":437,"column":51}},"200":{"start":{"line":440,"column":6},"end":{"line":440,"column":41}},"201":{"start":{"line":443,"column":4},"end":{"line":443,"column":52}},"202":{"start":{"line":444,"column":4},"end":{"line":467,"column":5}},"203":{"start":{"line":445,"column":6},"end":{"line":445,"column":35}},"204":{"start":{"line":446,"column":6},"end":{"line":448,"column":8}},"205":{"start":{"line":449,"column":6},"end":{"line":451,"column":8}},"206":{"start":{"line":452,"column":6},"end":{"line":457,"column":8}},"207":{"start":{"line":458,"column":6},"end":{"line":458,"column":45}},"208":{"start":{"line":460,"column":6},"end":{"line":466,"column":7}},"209":{"start":{"line":461,"column":8},"end":{"line":461,"column":37}},"210":{"start":{"line":463,"column":8},"end":{"line":463,"column":41}},"211":{"start":{"line":464,"column":8},"end":{"line":464,"column":45}},"212":{"start":{"line":465,"column":8},"end":{"line":465,"column":46}},"213":{"start":{"line":469,"column":4},"end":{"line":469,"column":39}},"214":{"start":{"line":470,"column":4},"end":{"line":473,"column":5}},"215":{"start":{"line":471,"column":6},"end":{"line":471,"column":35}},"216":{"start":{"line":472,"column":6},"end":{"line":472,"column":41}},"217":{"start":{"line":475,"column":4},"end":{"line":475,"column":62}},"218":{"start":{"line":476,"column":4},"end":{"line":476,"column":48}},"219":{"start":{"line":479,"column":4},"end":{"line":479,"column":38}},"220":{"start":{"line":480,"column":4},"end":{"line":480,"column":28}},"221":{"start":{"line":481,"column":4},"end":{"line":481,"column":31}},"222":{"start":{"line":486,"column":20},"end":{"line":486,"column":72}},"223":{"start":{"line":487,"column":16},"end":{"line":487,"column":18}},"224":{"start":{"line":488,"column":4},"end":{"line":488,"column":42}},"225":{"start":{"line":489,"column":4},"end":{"line":489,"column":46}},"226":{"start":{"line":490,"column":4},"end":{"line":490,"column":49}},"227":{"start":{"line":491,"column":4},"end":{"line":491,"column":41}},"228":{"start":{"line":492,"column":4},"end":{"line":492,"column":45}},"229":{"start":{"line":493,"column":4},"end":{"line":493,"column":32}},"230":{"start":{"line":494,"column":4},"end":{"line":496,"column":13}},"231":{"start":{"line":497,"column":4},"end":{"line":500,"column":7}},"232":{"start":{"line":498,"column":6},"end":{"line":498,"column":36}},"233":{"start":{"line":499,"column":6},"end":{"line":499,"column":31}},"234":{"start":{"line":502,"column":4},"end":{"line":502,"column":16}},"235":{"start":{"line":506,"column":12},"end":{"line":506,"column":47}},"236":{"start":{"line":508,"column":4},"end":{"line":518,"column":5}},"237":{"start":{"line":509,"column":27},"end":{"line":511,"column":21}},"238":{"start":{"line":512,"column":11},"end":{"line":518,"column":5}},"239":{"start":{"line":513,"column":6},"end":{"line":517,"column":7}},"240":{"start":{"line":514,"column":8},"end":{"line":514,"column":54}},"241":{"start":{"line":514,"column":37},"end":{"line":514,"column":52}},"242":{"start":{"line":516,"column":29},"end":{"line":516,"column":61}},"243":{"start":{"line":520,"column":4},"end":{"line":526,"column":29}},"244":{"start":{"line":528,"column":4},"end":{"line":528,"column":44}},"245":{"start":{"line":529,"column":4},"end":{"line":529,"column":69}},"246":{"start":{"line":530,"column":4},"end":{"line":535,"column":9}},"247":{"start":{"line":534,"column":8},"end":{"line":534,"column":36}},"248":{"start":{"line":540,"column":4},"end":{"line":551,"column":5}},"249":{"start":{"line":541,"column":6},"end":{"line":550,"column":7}},"250":{"start":{"line":545,"column":8},"end":{"line":547,"column":10}},"251":{"start":{"line":548,"column":8},"end":{"line":548,"column":56}},"252":{"start":{"line":549,"column":8},"end":{"line":549,"column":21}},"253":{"start":{"line":554,"column":4},"end":{"line":562,"column":5}},"254":{"start":{"line":555,"column":6},"end":{"line":557,"column":31}},"255":{"start":{"line":558,"column":6},"end":{"line":561,"column":32}},"256":{"start":{"line":563,"column":4},"end":{"line":566,"column":27}},"257":{"start":{"line":567,"column":4},"end":{"line":567,"column":24}},"258":{"start":{"line":571,"column":22},"end":{"line":571,"column":56}},"259":{"start":{"line":572,"column":24},"end":{"line":572,"column":60}},"260":{"start":{"line":573,"column":20},"end":{"line":573,"column":21}},"261":{"start":{"line":574,"column":19},"end":{"line":574,"column":46}},"262":{"start":{"line":575,"column":4},"end":{"line":586,"column":5}},"263":{"start":{"line":578,"column":8},"end":{"line":578,"column":58}},"264":{"start":{"line":579,"column":8},"end":{"line":579,"column":30}},"265":{"start":{"line":580,"column":8},"end":{"line":580,"column":14}},"266":{"start":{"line":582,"column":8},"end":{"line":582,"column":71}},"267":{"start":{"line":583,"column":8},"end":{"line":583,"column":75}},"268":{"start":{"line":584,"column":8},"end":{"line":584,"column":61}},"269":{"start":{"line":585,"column":8},"end":{"line":585,"column":14}},"270":{"start":{"line":587,"column":34},"end":{"line":587,"column":97}},"271":{"start":{"line":588,"column":4},"end":{"line":588,"column":63}},"272":{"start":{"line":589,"column":4},"end":{"line":589,"column":67}},"273":{"start":{"line":590,"column":4},"end":{"line":590,"column":79}},"274":{"start":{"line":591,"column":4},"end":{"line":591,"column":59}},"275":{"start":{"line":592,"column":4},"end":{"line":592,"column":93}},"276":{"start":{"line":593,"column":4},"end":{"line":593,"column":79}},"277":{"start":{"line":594,"column":4},"end":{"line":596,"column":6}},"278":{"start":{"line":598,"column":4},"end":{"line":600,"column":5}},"279":{"start":{"line":599,"column":6},"end":{"line":599,"column":32}},"280":{"start":{"line":604,"column":25},"end":{"line":610,"column":5}},"281":{"start":{"line":612,"column":24},"end":{"line":612,"column":26}},"282":{"start":{"line":613,"column":4},"end":{"line":613,"column":34}},"283":{"start":{"line":614,"column":4},"end":{"line":617,"column":5}},"284":{"start":{"line":615,"column":6},"end":{"line":615,"column":76}},"285":{"start":{"line":615,"column":52},"end":{"line":615,"column":76}},"286":{"start":{"line":616,"column":6},"end":{"line":616,"column":76}},"287":{"start":{"line":616,"column":52},"end":{"line":616,"column":76}},"288":{"start":{"line":619,"column":4},"end":{"line":656,"column":5}},"289":{"start":{"line":620,"column":26},"end":{"line":620,"column":48}},"290":{"start":{"line":621,"column":6},"end":{"line":630,"column":11}},"291":{"start":{"line":625,"column":10},"end":{"line":629,"column":11}},"292":{"start":{"line":626,"column":12},"end":{"line":626,"column":41}},"293":{"start":{"line":628,"column":12},"end":{"line":628,"column":44}},"294":{"start":{"line":632,"column":6},"end":{"line":655,"column":7}},"295":{"start":{"line":638,"column":8},"end":{"line":641,"column":33}},"296":{"start":{"line":642,"column":8},"end":{"line":654,"column":9}},"297":{"start":{"line":646,"column":31},"end":{"line":649,"column":20}},"298":{"start":{"line":650,"column":10},"end":{"line":650,"column":44}},"299":{"start":{"line":651,"column":10},"end":{"line":653,"column":12}},"300":{"start":{"line":660,"column":26},"end":{"line":660,"column":46}},"301":{"start":{"line":661,"column":4},"end":{"line":661,"column":57}},"302":{"start":{"line":662,"column":4},"end":{"line":662,"column":30}},"303":{"start":{"line":663,"column":4},"end":{"line":665,"column":5}},"304":{"start":{"line":664,"column":6},"end":{"line":664,"column":30}},"305":{"start":{"line":670,"column":4},"end":{"line":670,"column":54}},"306":{"start":{"line":670,"column":41},"end":{"line":670,"column":54}},"307":{"start":{"line":672,"column":19},"end":{"line":672,"column":24}},"308":{"start":{"line":673,"column":16},"end":{"line":673,"column":41}},"309":{"start":{"line":674,"column":20},"end":{"line":674,"column":43}},"310":{"start":{"line":675,"column":21},"end":{"line":675,"column":23}},"311":{"start":{"line":676,"column":4},"end":{"line":681,"column":5}},"312":{"start":{"line":677,"column":17},"end":{"line":677,"column":36}},"313":{"start":{"line":678,"column":8},"end":{"line":678,"column":14}},"314":{"start":{"line":679,"column":23},"end":{"line":679,"column":46}},"315":{"start":{"line":680,"column":8},"end":{"line":680,"column":14}},"316":{"start":{"line":682,"column":4},"end":{"line":693,"column":5}},"317":{"start":{"line":683,"column":6},"end":{"line":692,"column":7}},"318":{"start":{"line":684,"column":8},"end":{"line":691,"column":9}},"319":{"start":{"line":685,"column":10},"end":{"line":685,"column":35}},"320":{"start":{"line":686,"column":10},"end":{"line":686,"column":23}},"321":{"start":{"line":695,"column":4},"end":{"line":706,"column":5}},"322":{"start":{"line":696,"column":6},"end":{"line":705,"column":7}},"323":{"start":{"line":700,"column":8},"end":{"line":704,"column":9}},"324":{"start":{"line":701,"column":10},"end":{"line":701,"column":26}},"325":{"start":{"line":702,"column":10},"end":{"line":702,"column":43}},"326":{"start":{"line":703,"column":10},"end":{"line":703,"column":23}},"327":{"start":{"line":707,"column":4},"end":{"line":744,"column":5}},"328":{"start":{"line":708,"column":6},"end":{"line":712,"column":7}},"329":{"start":{"line":709,"column":8},"end":{"line":709,"column":24}},"330":{"start":{"line":710,"column":8},"end":{"line":710,"column":41}},"331":{"start":{"line":711,"column":8},"end":{"line":711,"column":21}},"332":{"start":{"line":714,"column":6},"end":{"line":722,"column":11}},"333":{"start":{"line":717,"column":10},"end":{"line":721,"column":11}},"334":{"start":{"line":718,"column":12},"end":{"line":720,"column":13}},"335":{"start":{"line":719,"column":14},"end":{"line":719,"column":39}},"336":{"start":{"line":724,"column":6},"end":{"line":730,"column":7}},"337":{"start":{"line":725,"column":8},"end":{"line":729,"column":9}},"338":{"start":{"line":728,"column":10},"end":{"line":728,"column":50}},"339":{"start":{"line":732,"column":6},"end":{"line":735,"column":7}},"340":{"start":{"line":733,"column":8},"end":{"line":733,"column":43}},"341":{"start":{"line":734,"column":8},"end":{"line":734,"column":21}},"342":{"start":{"line":737,"column":6},"end":{"line":743,"column":7}},"343":{"start":{"line":738,"column":8},"end":{"line":742,"column":9}},"344":{"start":{"line":739,"column":10},"end":{"line":739,"column":26}},"345":{"start":{"line":740,"column":10},"end":{"line":740,"column":40}},"346":{"start":{"line":741,"column":10},"end":{"line":741,"column":23}},"347":{"start":{"line":746,"column":4},"end":{"line":748,"column":5}},"348":{"start":{"line":747,"column":6},"end":{"line":747,"column":21}},"349":{"start":{"line":749,"column":4},"end":{"line":749,"column":17}},"350":{"start":{"line":753,"column":20},"end":{"line":753,"column":50}},"351":{"start":{"line":754,"column":4},"end":{"line":769,"column":5}},"352":{"start":{"line":755,"column":6},"end":{"line":768,"column":9}},"353":{"start":{"line":761,"column":10},"end":{"line":766,"column":11}},"354":{"start":{"line":762,"column":12},"end":{"line":762,"column":59}},"355":{"start":{"line":763,"column":12},"end":{"line":763,"column":64}},"356":{"start":{"line":765,"column":12},"end":{"line":765,"column":27}},"357":{"start":{"line":770,"column":4},"end":{"line":770,"column":17}},"358":{"start":{"line":774,"column":4},"end":{"line":786,"column":7}},"359":{"start":{"line":781,"column":8},"end":{"line":784,"column":11}},"360":{"start":{"line":790,"column":34},"end":{"line":790,"column":82}},"361":{"start":{"line":791,"column":4},"end":{"line":807,"column":5}},"362":{"start":{"line":792,"column":30},"end":{"line":792,"column":65}},"363":{"start":{"line":793,"column":6},"end":{"line":806,"column":7}},"364":{"start":{"line":795,"column":10},"end":{"line":795,"column":45}},"365":{"start":{"line":796,"column":10},"end":{"line":796,"column":40}},"366":{"start":{"line":797,"column":10},"end":{"line":797,"column":48}},"367":{"start":{"line":798,"column":10},"end":{"line":798,"column":59}},"368":{"start":{"line":799,"column":10},"end":{"line":799,"column":16}},"369":{"start":{"line":801,"column":10},"end":{"line":801,"column":45}},"370":{"start":{"line":802,"column":10},"end":{"line":802,"column":40}},"371":{"start":{"line":803,"column":10},"end":{"line":803,"column":48}},"372":{"start":{"line":804,"column":10},"end":{"line":804,"column":62}},"373":{"start":{"line":805,"column":10},"end":{"line":805,"column":16}},"374":{"start":{"line":811,"column":28},"end":{"line":822,"column":1}},"375":{"start":{"line":812,"column":18},"end":{"line":812,"column":23}},"376":{"start":{"line":813,"column":2},"end":{"line":820,"column":3}},"377":{"start":{"line":815,"column":6},"end":{"line":815,"column":44}},"378":{"start":{"line":816,"column":6},"end":{"line":816,"column":12}},"379":{"start":{"line":818,"column":6},"end":{"line":818,"column":44}},"380":{"start":{"line":819,"column":6},"end":{"line":819,"column":12}},"381":{"start":{"line":821,"column":2},"end":{"line":821,"column":19}},"382":{"start":{"line":824,"column":39},"end":{"line":889,"column":1}},"383":{"start":{"line":825,"column":18},"end":{"line":825,"column":21}},"384":{"start":{"line":831,"column":2},"end":{"line":887,"column":3}},"385":{"start":{"line":835,"column":25},"end":{"line":835,"column":26}},"386":{"start":{"line":836,"column":19},"end":{"line":836,"column":20}},"387":{"start":{"line":837,"column":29},"end":{"line":837,"column":75}},"388":{"start":{"line":838,"column":4},"end":{"line":840,"column":5}},"389":{"start":{"line":839,"column":6},"end":{"line":839,"column":61}},"390":{"start":{"line":843,"column":4},"end":{"line":845,"column":26}},"391":{"start":{"line":852,"column":4},"end":{"line":864,"column":5}},"392":{"start":{"line":853,"column":6},"end":{"line":854,"column":63}},"393":{"start":{"line":855,"column":6},"end":{"line":855,"column":78}},"394":{"start":{"line":867,"column":24},"end":{"line":872,"column":5}},"395":{"start":{"line":873,"column":4},"end":{"line":886,"column":5}},"396":{"start":{"line":874,"column":6},"end":{"line":874,"column":34}},"397":{"start":{"line":875,"column":6},"end":{"line":875,"column":58}},"398":{"start":{"line":876,"column":6},"end":{"line":877,"column":63}},"399":{"start":{"line":888,"column":2},"end":{"line":888,"column":29}},"400":{"start":{"line":890,"column":40},"end":{"line":1025,"column":1}},"401":{"start":{"line":891,"column":2},"end":{"line":891,"column":31}},"402":{"start":{"line":892,"column":2},"end":{"line":892,"column":39}},"403":{"start":{"line":894,"column":2},"end":{"line":927,"column":3}},"404":{"start":{"line":896,"column":4},"end":{"line":896,"column":58}},"405":{"start":{"line":897,"column":4},"end":{"line":897,"column":34}},"406":{"start":{"line":898,"column":4},"end":{"line":898,"column":35}},"407":{"start":{"line":899,"column":4},"end":{"line":901,"column":5}},"408":{"start":{"line":900,"column":6},"end":{"line":900,"column":71}},"409":{"start":{"line":902,"column":9},"end":{"line":927,"column":3}},"410":{"start":{"line":906,"column":4},"end":{"line":906,"column":34}},"411":{"start":{"line":907,"column":4},"end":{"line":907,"column":35}},"412":{"start":{"line":909,"column":4},"end":{"line":909,"column":69}},"413":{"start":{"line":910,"column":4},"end":{"line":926,"column":5}},"414":{"start":{"line":915,"column":31},"end":{"line":917,"column":12}},"415":{"start":{"line":918,"column":6},"end":{"line":925,"column":7}},"416":{"start":{"line":919,"column":8},"end":{"line":921,"column":10}},"417":{"start":{"line":922,"column":8},"end":{"line":924,"column":10}},"418":{"start":{"line":928,"column":2},"end":{"line":928,"column":65}},"419":{"start":{"line":929,"column":2},"end":{"line":938,"column":3}},"420":{"start":{"line":933,"column":4},"end":{"line":933,"column":68}},"421":{"start":{"line":934,"column":4},"end":{"line":934,"column":69}},"422":{"start":{"line":935,"column":4},"end":{"line":935,"column":77}},"423":{"start":{"line":937,"column":4},"end":{"line":937,"column":33}},"424":{"start":{"line":941,"column":36},"end":{"line":941,"column":64}},"425":{"start":{"line":942,"column":2},"end":{"line":954,"column":3}},"426":{"start":{"line":943,"column":4},"end":{"line":953,"column":5}},"427":{"start":{"line":946,"column":6},"end":{"line":948,"column":8}},"428":{"start":{"line":949,"column":6},"end":{"line":951,"column":8}},"429":{"start":{"line":952,"column":6},"end":{"line":952,"column":71}},"430":{"start":{"line":955,"column":2},"end":{"line":969,"column":3}},"431":{"start":{"line":956,"column":4},"end":{"line":968,"column":5}},"432":{"start":{"line":957,"column":6},"end":{"line":957,"column":78}},"433":{"start":{"line":959,"column":6},"end":{"line":961,"column":8}},"434":{"start":{"line":962,"column":6},"end":{"line":964,"column":8}},"435":{"start":{"line":965,"column":6},"end":{"line":965,"column":66}},"436":{"start":{"line":967,"column":6},"end":{"line":967,"column":78}},"437":{"start":{"line":970,"column":2},"end":{"line":980,"column":3}},"438":{"start":{"line":971,"column":4},"end":{"line":979,"column":5}},"439":{"start":{"line":972,"column":6},"end":{"line":974,"column":8}},"440":{"start":{"line":975,"column":6},"end":{"line":977,"column":8}},"441":{"start":{"line":978,"column":6},"end":{"line":978,"column":63}},"442":{"start":{"line":981,"column":2},"end":{"line":991,"column":3}},"443":{"start":{"line":982,"column":4},"end":{"line":990,"column":5}},"444":{"start":{"line":983,"column":6},"end":{"line":985,"column":8}},"445":{"start":{"line":986,"column":6},"end":{"line":988,"column":8}},"446":{"start":{"line":989,"column":6},"end":{"line":989,"column":68}},"447":{"start":{"line":993,"column":2},"end":{"line":1016,"column":3}},"448":{"start":{"line":998,"column":4},"end":{"line":1013,"column":5}},"449":{"start":{"line":999,"column":31},"end":{"line":1001,"column":12}},"450":{"start":{"line":1002,"column":6},"end":{"line":1012,"column":7}},"451":{"start":{"line":1003,"column":8},"end":{"line":1003,"column":74}},"452":{"start":{"line":1004,"column":8},"end":{"line":1011,"column":9}},"453":{"start":{"line":1005,"column":10},"end":{"line":1007,"column":12}},"454":{"start":{"line":1008,"column":10},"end":{"line":1010,"column":12}},"455":{"start":{"line":1015,"column":4},"end":{"line":1015,"column":29}},"456":{"start":{"line":1018,"column":2},"end":{"line":1018,"column":56}},"457":{"start":{"line":1019,"column":2},"end":{"line":1019,"column":60}},"458":{"start":{"line":1020,"column":2},"end":{"line":1020,"column":62}},"459":{"start":{"line":1021,"column":2},"end":{"line":1021,"column":66}},"460":{"start":{"line":1022,"column":2},"end":{"line":1022,"column":55}},"461":{"start":{"line":1023,"column":2},"end":{"line":1023,"column":32}},"462":{"start":{"line":1024,"column":2},"end":{"line":1024,"column":34}},"463":{"start":{"line":1027,"column":30},"end":{"line":1041,"column":1}},"464":{"start":{"line":1028,"column":18},"end":{"line":1028,"column":70}},"465":{"start":{"line":1029,"column":14},"end":{"line":1029,"column":16}},"466":{"start":{"line":1030,"column":2},"end":{"line":1030,"column":36}},"467":{"start":{"line":1031,"column":2},"end":{"line":1031,"column":49}},"468":{"start":{"line":1032,"column":2},"end":{"line":1032,"column":43}},"469":{"start":{"line":1033,"column":2},"end":{"line":1033,"column":45}},"470":{"start":{"line":1034,"column":2},"end":{"line":1034,"column":45}},"471":{"start":{"line":1035,"column":2},"end":{"line":1035,"column":49}},"472":{"start":{"line":1037,"column":2},"end":{"line":1040,"column":3}},"473":{"start":{"line":1038,"column":4},"end":{"line":1038,"column":40}},"474":{"start":{"line":1039,"column":4},"end":{"line":1039,"column":30}},"475":{"start":{"line":1043,"column":13},"end":{"line":1057,"column":1}},"476":{"start":{"line":1044,"column":2},"end":{"line":1056,"column":5}},"477":{"start":{"line":1045,"column":4},"end":{"line":1055,"column":5}},"478":{"start":{"line":1046,"column":6},"end":{"line":1049,"column":7}},"479":{"start":{"line":1047,"column":8},"end":{"line":1047,"column":41}},"480":{"start":{"line":1048,"column":8},"end":{"line":1048,"column":22}},"481":{"start":{"line":1050,"column":6},"end":{"line":1050,"column":50}},"482":{"start":{"line":1051,"column":6},"end":{"line":1051,"column":24}},"483":{"start":{"line":1053,"column":6},"end":{"line":1053,"column":24}},"484":{"start":{"line":1054,"column":6},"end":{"line":1054,"column":18}},"485":{"start":{"line":1059,"column":19},"end":{"line":1683,"column":4}},"486":{"start":{"line":1066,"column":13},"end":{"line":1074,"column":3}},"487":{"start":{"line":1067,"column":4},"end":{"line":1067,"column":22}},"488":{"start":{"line":1068,"column":4},"end":{"line":1068,"column":35}},"489":{"start":{"line":1069,"column":4},"end":{"line":1069,"column":39}},"490":{"start":{"line":1070,"column":4},"end":{"line":1070,"column":41}},"491":{"start":{"line":1071,"column":4},"end":{"line":1071,"column":33}},"492":{"start":{"line":1072,"column":4},"end":{"line":1072,"column":49}},"493":{"start":{"line":1073,"column":4},"end":{"line":1073,"column":15}},"494":{"start":{"line":1076,"column":17},"end":{"line":1107,"column":3}},"495":{"start":{"line":1077,"column":16},"end":{"line":1077,"column":48}},"496":{"start":{"line":1078,"column":23},"end":{"line":1078,"column":56}},"497":{"start":{"line":1080,"column":4},"end":{"line":1089,"column":9}},"498":{"start":{"line":1084,"column":18},"end":{"line":1084,"column":37}},"499":{"start":{"line":1085,"column":21},"end":{"line":1085,"column":43}},"500":{"start":{"line":1086,"column":19},"end":{"line":1086,"column":39}},"501":{"start":{"line":1087,"column":25},"end":{"line":1087,"column":51}},"502":{"start":{"line":1088,"column":8},"end":{"line":1088,"column":44}},"503":{"start":{"line":1091,"column":4},"end":{"line":1106,"column":9}},"504":{"start":{"line":1095,"column":18},"end":{"line":1095,"column":37}},"505":{"start":{"line":1096,"column":8},"end":{"line":1105,"column":9}},"506":{"start":{"line":1097,"column":10},"end":{"line":1097,"column":36}},"507":{"start":{"line":1098,"column":10},"end":{"line":1098,"column":48}},"508":{"start":{"line":1099,"column":10},"end":{"line":1099,"column":31}},"509":{"start":{"line":1100,"column":10},"end":{"line":1100,"column":42}},"510":{"start":{"line":1101,"column":10},"end":{"line":1101,"column":36}},"511":{"start":{"line":1102,"column":10},"end":{"line":1102,"column":47}},"512":{"start":{"line":1104,"column":10},"end":{"line":1104,"column":29}},"513":{"start":{"line":1109,"column":13},"end":{"line":1252,"column":3}},"514":{"start":{"line":1110,"column":4},"end":{"line":1115,"column":5}},"515":{"start":{"line":1111,"column":6},"end":{"line":1114,"column":7}},"516":{"start":{"line":1112,"column":8},"end":{"line":1112,"column":66}},"517":{"start":{"line":1113,"column":8},"end":{"line":1113,"column":21}},"518":{"start":{"line":1117,"column":4},"end":{"line":1119,"column":5}},"519":{"start":{"line":1118,"column":6},"end":{"line":1118,"column":39}},"520":{"start":{"line":1120,"column":4},"end":{"line":1123,"column":6}},"521":{"start":{"line":1124,"column":4},"end":{"line":1138,"column":5}},"522":{"start":{"line":1125,"column":6},"end":{"line":1129,"column":10}},"523":{"start":{"line":1130,"column":11},"end":{"line":1138,"column":5}},"524":{"start":{"line":1131,"column":6},"end":{"line":1135,"column":10}},"525":{"start":{"line":1137,"column":6},"end":{"line":1137,"column":46}},"526":{"start":{"line":1140,"column":4},"end":{"line":1140,"column":25}},"527":{"start":{"line":1141,"column":4},"end":{"line":1143,"column":5}},"528":{"start":{"line":1142,"column":6},"end":{"line":1142,"column":33}},"529":{"start":{"line":1144,"column":4},"end":{"line":1148,"column":7}},"530":{"start":{"line":1145,"column":6},"end":{"line":1145,"column":38}},"531":{"start":{"line":1146,"column":6},"end":{"line":1146,"column":32}},"532":{"start":{"line":1147,"column":6},"end":{"line":1147,"column":27}},"533":{"start":{"line":1149,"column":4},"end":{"line":1163,"column":9}},"534":{"start":{"line":1153,"column":8},"end":{"line":1162,"column":9}},"535":{"start":{"line":1154,"column":10},"end":{"line":1154,"column":36}},"536":{"start":{"line":1155,"column":10},"end":{"line":1155,"column":48}},"537":{"start":{"line":1156,"column":10},"end":{"line":1156,"column":31}},"538":{"start":{"line":1157,"column":10},"end":{"line":1157,"column":42}},"539":{"start":{"line":1158,"column":10},"end":{"line":1158,"column":36}},"540":{"start":{"line":1159,"column":10},"end":{"line":1159,"column":47}},"541":{"start":{"line":1161,"column":10},"end":{"line":1161,"column":29}},"542":{"start":{"line":1165,"column":4},"end":{"line":1172,"column":9}},"543":{"start":{"line":1169,"column":25},"end":{"line":1169,"column":44}},"544":{"start":{"line":1170,"column":8},"end":{"line":1170,"column":43}},"545":{"start":{"line":1171,"column":8},"end":{"line":1171,"column":66}},"546":{"start":{"line":1174,"column":4},"end":{"line":1190,"column":9}},"547":{"start":{"line":1177,"column":8},"end":{"line":1189,"column":9}},"548":{"start":{"line":1181,"column":10},"end":{"line":1188,"column":11}},"549":{"start":{"line":1182,"column":12},"end":{"line":1182,"column":50}},"550":{"start":{"line":1183,"column":12},"end":{"line":1183,"column":33}},"551":{"start":{"line":1184,"column":12},"end":{"line":1187,"column":46}},"552":{"start":{"line":1191,"column":4},"end":{"line":1215,"column":9}},"553":{"start":{"line":1194,"column":8},"end":{"line":1214,"column":9}},"554":{"start":{"line":1195,"column":10},"end":{"line":1213,"column":11}},"555":{"start":{"line":1196,"column":28},"end":{"line":1196,"column":50}},"556":{"start":{"line":1197,"column":12},"end":{"line":1205,"column":13}},"557":{"start":{"line":1198,"column":14},"end":{"line":1198,"column":41}},"558":{"start":{"line":1199,"column":14},"end":{"line":1199,"column":35}},"559":{"start":{"line":1200,"column":14},"end":{"line":1200,"column":52}},"560":{"start":{"line":1201,"column":14},"end":{"line":1201,"column":49}},"561":{"start":{"line":1202,"column":19},"end":{"line":1205,"column":13}},"562":{"start":{"line":1204,"column":14},"end":{"line":1204,"column":31}},"563":{"start":{"line":1207,"column":12},"end":{"line":1207,"column":50}},"564":{"start":{"line":1208,"column":12},"end":{"line":1208,"column":33}},"565":{"start":{"line":1209,"column":12},"end":{"line":1212,"column":44}},"566":{"start":{"line":1217,"column":4},"end":{"line":1251,"column":5}},"567":{"start":{"line":1218,"column":6},"end":{"line":1250,"column":11}},"568":{"start":{"line":1222,"column":24},"end":{"line":1222,"column":47}},"569":{"start":{"line":1223,"column":26},"end":{"line":1223,"column":54}},"570":{"start":{"line":1224,"column":26},"end":{"line":1224,"column":54}},"571":{"start":{"line":1225,"column":33},"end":{"line":1229,"column":11}},"572":{"start":{"line":1230,"column":10},"end":{"line":1236,"column":11}},"573":{"start":{"line":1231,"column":12},"end":{"line":1235,"column":14}},"574":{"start":{"line":1238,"column":10},"end":{"line":1249,"column":12}},"575":{"start":{"line":1247,"column":14},"end":{"line":1247,"column":56}},"576":{"start":{"line":1254,"column":22},"end":{"line":1282,"column":3}},"577":{"start":{"line":1255,"column":4},"end":{"line":1281,"column":7}},"578":{"start":{"line":1263,"column":8},"end":{"line":1279,"column":9}},"579":{"start":{"line":1264,"column":22},"end":{"line":1264,"column":33}},"580":{"start":{"line":1265,"column":10},"end":{"line":1265,"column":37}},"581":{"start":{"line":1266,"column":10},"end":{"line":1266,"column":30}},"582":{"start":{"line":1267,"column":10},"end":{"line":1271,"column":13}},"583":{"start":{"line":1268,"column":12},"end":{"line":1270,"column":13}},"584":{"start":{"line":1269,"column":14},"end":{"line":1269,"column":38}},"585":{"start":{"line":1272,"column":10},"end":{"line":1276,"column":13}},"586":{"start":{"line":1273,"column":12},"end":{"line":1275,"column":13}},"587":{"start":{"line":1274,"column":14},"end":{"line":1274,"column":38}},"588":{"start":{"line":1278,"column":10},"end":{"line":1278,"column":25}},"589":{"start":{"line":1284,"column":23},"end":{"line":1303,"column":3}},"590":{"start":{"line":1285,"column":4},"end":{"line":1285,"column":56}},"591":{"start":{"line":1286,"column":4},"end":{"line":1286,"column":52}},"592":{"start":{"line":1287,"column":20},"end":{"line":1287,"column":50}},"593":{"start":{"line":1288,"column":4},"end":{"line":1302,"column":5}},"594":{"start":{"line":1290,"column":8},"end":{"line":1294,"column":9}},"595":{"start":{"line":1291,"column":10},"end":{"line":1291,"column":39}},"596":{"start":{"line":1293,"column":10},"end":{"line":1293,"column":38}},"597":{"start":{"line":1295,"column":8},"end":{"line":1295,"column":14}},"598":{"start":{"line":1297,"column":8},"end":{"line":1297,"column":36}},"599":{"start":{"line":1298,"column":8},"end":{"line":1298,"column":14}},"600":{"start":{"line":1300,"column":8},"end":{"line":1300,"column":36}},"601":{"start":{"line":1301,"column":8},"end":{"line":1301,"column":14}},"602":{"start":{"line":1305,"column":22},"end":{"line":1308,"column":3}},"603":{"start":{"line":1306,"column":4},"end":{"line":1306,"column":34}},"604":{"start":{"line":1307,"column":4},"end":{"line":1307,"column":28}},"605":{"start":{"line":1310,"column":31},"end":{"line":1320,"column":3}},"606":{"start":{"line":1311,"column":24},"end":{"line":1311,"column":60}},"607":{"start":{"line":1313,"column":4},"end":{"line":1317,"column":5}},"608":{"start":{"line":1314,"column":6},"end":{"line":1314,"column":25}},"609":{"start":{"line":1316,"column":6},"end":{"line":1316,"column":25}},"610":{"start":{"line":1319,"column":4},"end":{"line":1319,"column":56}},"611":{"start":{"line":1322,"column":27},"end":{"line":1362,"column":3}},"612":{"start":{"line":1323,"column":23},"end":{"line":1323,"column":40}},"613":{"start":{"line":1324,"column":15},"end":{"line":1324,"column":32}},"614":{"start":{"line":1325,"column":4},"end":{"line":1361,"column":5}},"615":{"start":{"line":1327,"column":8},"end":{"line":1333,"column":9}},"616":{"start":{"line":1328,"column":10},"end":{"line":1328,"column":35}},"617":{"start":{"line":1329,"column":10},"end":{"line":1329,"column":55}},"618":{"start":{"line":1331,"column":10},"end":{"line":1331,"column":38}},"619":{"start":{"line":1332,"column":10},"end":{"line":1332,"column":55}},"620":{"start":{"line":1334,"column":8},"end":{"line":1334,"column":14}},"621":{"start":{"line":1336,"column":8},"end":{"line":1342,"column":9}},"622":{"start":{"line":1337,"column":10},"end":{"line":1337,"column":35}},"623":{"start":{"line":1338,"column":10},"end":{"line":1338,"column":56}},"624":{"start":{"line":1340,"column":10},"end":{"line":1340,"column":38}},"625":{"start":{"line":1341,"column":10},"end":{"line":1341,"column":56}},"626":{"start":{"line":1343,"column":8},"end":{"line":1343,"column":14}},"627":{"start":{"line":1345,"column":8},"end":{"line":1349,"column":9}},"628":{"start":{"line":1346,"column":10},"end":{"line":1346,"column":60}},"629":{"start":{"line":1348,"column":10},"end":{"line":1348,"column":60}},"630":{"start":{"line":1350,"column":8},"end":{"line":1350,"column":14}},"631":{"start":{"line":1352,"column":8},"end":{"line":1359,"column":9}},"632":{"start":{"line":1353,"column":10},"end":{"line":1353,"column":35}},"633":{"start":{"line":1354,"column":10},"end":{"line":1354,"column":57}},"634":{"start":{"line":1355,"column":10},"end":{"line":1355,"column":62}},"635":{"start":{"line":1357,"column":10},"end":{"line":1357,"column":38}},"636":{"start":{"line":1358,"column":10},"end":{"line":1358,"column":57}},"637":{"start":{"line":1360,"column":8},"end":{"line":1360,"column":14}},"638":{"start":{"line":1363,"column":19},"end":{"line":1445,"column":3}},"639":{"start":{"line":1365,"column":4},"end":{"line":1368,"column":43}},"640":{"start":{"line":1369,"column":4},"end":{"line":1444,"column":5}},"641":{"start":{"line":1370,"column":6},"end":{"line":1370,"column":43}},"642":{"start":{"line":1371,"column":6},"end":{"line":1371,"column":50}},"643":{"start":{"line":1372,"column":11},"end":{"line":1444,"column":5}},"644":{"start":{"line":1373,"column":6},"end":{"line":1373,"column":45}},"645":{"start":{"line":1374,"column":6},"end":{"line":1374,"column":58}},"646":{"start":{"line":1375,"column":6},"end":{"line":1378,"column":7}},"647":{"start":{"line":1376,"column":8},"end":{"line":1376,"column":45}},"648":{"start":{"line":1377,"column":8},"end":{"line":1377,"column":55}},"649":{"start":{"line":1379,"column":11},"end":{"line":1444,"column":5}},"650":{"start":{"line":1380,"column":6},"end":{"line":1380,"column":45}},"651":{"start":{"line":1381,"column":6},"end":{"line":1381,"column":50}},"652":{"start":{"line":1382,"column":6},"end":{"line":1382,"column":58}},"653":{"start":{"line":1383,"column":6},"end":{"line":1386,"column":7}},"654":{"start":{"line":1384,"column":8},"end":{"line":1384,"column":45}},"655":{"start":{"line":1385,"column":8},"end":{"line":1385,"column":55}},"656":{"start":{"line":1387,"column":11},"end":{"line":1444,"column":5}},"657":{"start":{"line":1388,"column":6},"end":{"line":1388,"column":44}},"658":{"start":{"line":1389,"column":6},"end":{"line":1389,"column":46}},"659":{"start":{"line":1390,"column":6},"end":{"line":1392,"column":7}},"660":{"start":{"line":1391,"column":8},"end":{"line":1391,"column":45}},"661":{"start":{"line":1393,"column":6},"end":{"line":1396,"column":7}},"662":{"start":{"line":1394,"column":8},"end":{"line":1394,"column":47}},"663":{"start":{"line":1395,"column":8},"end":{"line":1395,"column":63}},"664":{"start":{"line":1397,"column":11},"end":{"line":1444,"column":5}},"665":{"start":{"line":1401,"column":6},"end":{"line":1401,"column":48}},"666":{"start":{"line":1402,"column":6},"end":{"line":1404,"column":7}},"667":{"start":{"line":1403,"column":8},"end":{"line":1403,"column":45}},"668":{"start":{"line":1405,"column":6},"end":{"line":1407,"column":7}},"669":{"start":{"line":1406,"column":8},"end":{"line":1406,"column":47}},"670":{"start":{"line":1409,"column":6},"end":{"line":1409,"column":42}},"671":{"start":{"line":1410,"column":22},"end":{"line":1410,"column":57}},"672":{"start":{"line":1411,"column":6},"end":{"line":1443,"column":9}},"673":{"start":{"line":1418,"column":10},"end":{"line":1418,"column":50}},"674":{"start":{"line":1419,"column":10},"end":{"line":1437,"column":11}},"675":{"start":{"line":1420,"column":12},"end":{"line":1423,"column":13}},"676":{"start":{"line":1422,"column":14},"end":{"line":1422,"column":64}},"677":{"start":{"line":1424,"column":12},"end":{"line":1429,"column":14}},"678":{"start":{"line":1430,"column":12},"end":{"line":1430,"column":50}},"679":{"start":{"line":1432,"column":12},"end":{"line":1436,"column":13}},"680":{"start":{"line":1433,"column":14},"end":{"line":1433,"column":29}},"681":{"start":{"line":1435,"column":14},"end":{"line":1435,"column":29}},"682":{"start":{"line":1440,"column":10},"end":{"line":1440,"column":50}},"683":{"start":{"line":1441,"column":10},"end":{"line":1441,"column":65}},"684":{"start":{"line":1447,"column":34},"end":{"line":1477,"column":3}},"685":{"start":{"line":1448,"column":4},"end":{"line":1448,"column":26}},"686":{"start":{"line":1449,"column":4},"end":{"line":1476,"column":7}},"687":{"start":{"line":1457,"column":8},"end":{"line":1474,"column":30}},"688":{"start":{"line":1458,"column":10},"end":{"line":1473,"column":12}},"689":{"start":{"line":1468,"column":30},"end":{"line":1470,"column":21}},"690":{"start":{"line":1471,"column":14},"end":{"line":1471,"column":56}},"691":{"start":{"line":1474,"column":15},"end":{"line":1474,"column":30}},"692":{"start":{"line":1479,"column":25},"end":{"line":1489,"column":3}},"693":{"start":{"line":1480,"column":20},"end":{"line":1484,"column":28}},"694":{"start":{"line":1485,"column":4},"end":{"line":1488,"column":6}},"695":{"start":{"line":1491,"column":28},"end":{"line":1530,"column":3}},"696":{"start":{"line":1492,"column":4},"end":{"line":1492,"column":26}},"697":{"start":{"line":1493,"column":4},"end":{"line":1529,"column":7}},"698":{"start":{"line":1501,"column":8},"end":{"line":1527,"column":30}},"699":{"start":{"line":1502,"column":22},"end":{"line":1502,"column":33}},"700":{"start":{"line":1503,"column":27},"end":{"line":1503,"column":52}},"701":{"start":{"line":1504,"column":31},"end":{"line":1504,"column":71}},"702":{"start":{"line":1505,"column":10},"end":{"line":1507,"column":11}},"703":{"start":{"line":1506,"column":12},"end":{"line":1506,"column":52}},"704":{"start":{"line":1509,"column":10},"end":{"line":1518,"column":15}},"705":{"start":{"line":1513,"column":24},"end":{"line":1513,"column":43}},"706":{"start":{"line":1514,"column":27},"end":{"line":1514,"column":49}},"707":{"start":{"line":1515,"column":25},"end":{"line":1515,"column":45}},"708":{"start":{"line":1516,"column":31},"end":{"line":1516,"column":57}},"709":{"start":{"line":1517,"column":14},"end":{"line":1517,"column":56}},"710":{"start":{"line":1519,"column":10},"end":{"line":1523,"column":13}},"711":{"start":{"line":1524,"column":10},"end":{"line":1524,"column":45}},"712":{"start":{"line":1525,"column":10},"end":{"line":1525,"column":47}},"713":{"start":{"line":1526,"column":10},"end":{"line":1526,"column":39}},"714":{"start":{"line":1527,"column":15},"end":{"line":1527,"column":30}},"715":{"start":{"line":1532,"column":23},"end":{"line":1568,"column":3}},"716":{"start":{"line":1533,"column":4},"end":{"line":1567,"column":7}},"717":{"start":{"line":1545,"column":8},"end":{"line":1565,"column":9}},"718":{"start":{"line":1546,"column":10},"end":{"line":1555,"column":13}},"719":{"start":{"line":1557,"column":31},"end":{"line":1557,"column":50}},"720":{"start":{"line":1558,"column":10},"end":{"line":1562,"column":15}},"721":{"start":{"line":1561,"column":14},"end":{"line":1561,"column":59}},"722":{"start":{"line":1564,"column":10},"end":{"line":1564,"column":25}},"723":{"start":{"line":1570,"column":26},"end":{"line":1570,"column":31}},"724":{"start":{"line":1571,"column":20},"end":{"line":1646,"column":3}},"725":{"start":{"line":1572,"column":15},"end":{"line":1572,"column":51}},"726":{"start":{"line":1573,"column":4},"end":{"line":1582,"column":5}},"727":{"start":{"line":1574,"column":6},"end":{"line":1580,"column":8}},"728":{"start":{"line":1581,"column":6},"end":{"line":1581,"column":19}},"729":{"start":{"line":1583,"column":4},"end":{"line":1583,"column":29}},"730":{"start":{"line":1584,"column":4},"end":{"line":1590,"column":6}},"731":{"start":{"line":1591,"column":4},"end":{"line":1591,"column":40}},"732":{"start":{"line":1592,"column":4},"end":{"line":1645,"column":7}},"733":{"start":{"line":1600,"column":8},"end":{"line":1600,"column":34}},"734":{"start":{"line":1601,"column":8},"end":{"line":1601,"column":48}},"735":{"start":{"line":1602,"column":8},"end":{"line":1608,"column":10}},"736":{"start":{"line":1609,"column":8},"end":{"line":1632,"column":9}},"737":{"start":{"line":1611,"column":10},"end":{"line":1611,"column":44}},"738":{"start":{"line":1612,"column":42},"end":{"line":1616,"column":11}},"739":{"start":{"line":1617,"column":10},"end":{"line":1629,"column":12}},"740":{"start":{"line":1626,"column":14},"end":{"line":1626,"column":36}},"741":{"start":{"line":1627,"column":14},"end":{"line":1627,"column":42}},"742":{"start":{"line":1631,"column":10},"end":{"line":1631,"column":25}},"743":{"start":{"line":1635,"column":8},"end":{"line":1635,"column":34}},"744":{"start":{"line":1636,"column":8},"end":{"line":1636,"column":48}},"745":{"start":{"line":1637,"column":8},"end":{"line":1643,"column":10}},"746":{"start":{"line":1648,"column":2},"end":{"line":1682,"column":4}},"747":{"start":{"line":1650,"column":6},"end":{"line":1650,"column":13}},"748":{"start":{"line":1653,"column":6},"end":{"line":1653,"column":17}},"749":{"start":{"line":1656,"column":6},"end":{"line":1656,"column":27}},"750":{"start":{"line":1659,"column":6},"end":{"line":1659,"column":22}},"751":{"start":{"line":1662,"column":6},"end":{"line":1662,"column":32}},"752":{"start":{"line":1665,"column":6},"end":{"line":1665,"column":23}},"753":{"start":{"line":1668,"column":6},"end":{"line":1668,"column":42}},"754":{"start":{"line":1671,"column":6},"end":{"line":1671,"column":43}},"755":{"start":{"line":1674,"column":6},"end":{"line":1674,"column":34}},"756":{"start":{"line":1677,"column":6},"end":{"line":1677,"column":48}},"757":{"start":{"line":1680,"column":6},"end":{"line":1680,"column":31}},"758":{"start":{"line":1685,"column":22},"end":{"line":1785,"column":4}},"759":{"start":{"line":1687,"column":19},"end":{"line":1687,"column":23}},"760":{"start":{"line":1693,"column":13},"end":{"line":1741,"column":3}},"761":{"start":{"line":1694,"column":4},"end":{"line":1694,"column":32}},"762":{"start":{"line":1695,"column":4},"end":{"line":1695,"column":59}},"763":{"start":{"line":1696,"column":4},"end":{"line":1696,"column":57}},"764":{"start":{"line":1697,"column":4},"end":{"line":1697,"column":61}},"765":{"start":{"line":1698,"column":4},"end":{"line":1698,"column":59}},"766":{"start":{"line":1700,"column":4},"end":{"line":1716,"column":6}},"767":{"start":{"line":1706,"column":8},"end":{"line":1714,"column":11}},"768":{"start":{"line":1707,"column":10},"end":{"line":1713,"column":11}},"769":{"start":{"line":1708,"column":12},"end":{"line":1708,"column":63}},"770":{"start":{"line":1709,"column":12},"end":{"line":1709,"column":65}},"771":{"start":{"line":1710,"column":12},"end":{"line":1710,"column":61}},"772":{"start":{"line":1712,"column":12},"end":{"line":1712,"column":29}},"773":{"start":{"line":1718,"column":4},"end":{"line":1740,"column":7}},"774":{"start":{"line":1719,"column":6},"end":{"line":1739,"column":7}},"775":{"start":{"line":1720,"column":8},"end":{"line":1722,"column":9}},"776":{"start":{"line":1721,"column":10},"end":{"line":1721,"column":48}},"777":{"start":{"line":1723,"column":8},"end":{"line":1723,"column":48}},"778":{"start":{"line":1725,"column":8},"end":{"line":1725,"column":47}},"779":{"start":{"line":1726,"column":8},"end":{"line":1726,"column":44}},"780":{"start":{"line":1727,"column":8},"end":{"line":1727,"column":49}},"781":{"start":{"line":1728,"column":8},"end":{"line":1728,"column":48}},"782":{"start":{"line":1730,"column":8},"end":{"line":1732,"column":9}},"783":{"start":{"line":1731,"column":10},"end":{"line":1731,"column":47}},"784":{"start":{"line":1733,"column":8},"end":{"line":1733,"column":49}},"785":{"start":{"line":1735,"column":8},"end":{"line":1735,"column":46}},"786":{"start":{"line":1736,"column":8},"end":{"line":1736,"column":45}},"787":{"start":{"line":1737,"column":8},"end":{"line":1737,"column":50}},"788":{"start":{"line":1738,"column":8},"end":{"line":1738,"column":47}},"789":{"start":{"line":1743,"column":25},"end":{"line":1746,"column":3}},"790":{"start":{"line":1744,"column":4},"end":{"line":1744,"column":58}},"791":{"start":{"line":1745,"column":4},"end":{"line":1745,"column":48}},"792":{"start":{"line":1748,"column":15},"end":{"line":1772,"column":3}},"793":{"start":{"line":1749,"column":4},"end":{"line":1771,"column":5}},"794":{"start":{"line":1750,"column":6},"end":{"line":1750,"column":25}},"795":{"start":{"line":1751,"column":17},"end":{"line":1751,"column":34}},"796":{"start":{"line":1752,"column":6},"end":{"line":1770,"column":9}},"797":{"start":{"line":1759,"column":10},"end":{"line":1768,"column":11}},"798":{"start":{"line":1760,"column":12},"end":{"line":1760,"column":49}},"799":{"start":{"line":1761,"column":17},"end":{"line":1768,"column":11}},"800":{"start":{"line":1762,"column":12},"end":{"line":1762,"column":44}},"801":{"start":{"line":1763,"column":12},"end":{"line":1764,"column":62}},"802":{"start":{"line":1766,"column":12},"end":{"line":1766,"column":30}},"803":{"start":{"line":1767,"column":12},"end":{"line":1767,"column":27}},"804":{"start":{"line":1774,"column":2},"end":{"line":1784,"column":4}},"805":{"start":{"line":1776,"column":6},"end":{"line":1776,"column":13}},"806":{"start":{"line":1779,"column":6},"end":{"line":1779,"column":25}},"807":{"start":{"line":1782,"column":6},"end":{"line":1782,"column":15}},"808":{"start":{"line":1788,"column":24},"end":{"line":2169,"column":4}},"809":{"start":{"line":1789,"column":17},"end":{"line":1789,"column":34}},"810":{"start":{"line":1789,"column":24},"end":{"line":1789,"column":34}},"811":{"start":{"line":1790,"column":18},"end":{"line":1790,"column":23}},"812":{"start":{"line":1791,"column":23},"end":{"line":1791,"column":92}},"813":{"start":{"line":1792,"column":20},"end":{"line":1792,"column":39}},"814":{"start":{"line":1794,"column":32},"end":{"line":1794,"column":34}},"815":{"start":{"line":1795,"column":21},"end":{"line":1795,"column":23}},"816":{"start":{"line":1796,"column":26},"end":{"line":1796,"column":31}},"817":{"start":{"line":1797,"column":46},"end":{"line":1797,"column":51}},"818":{"start":{"line":1798,"column":26},"end":{"line":1798,"column":31}},"819":{"start":{"line":1801,"column":26},"end":{"line":1839,"column":3}},"820":{"start":{"line":1802,"column":36},"end":{"line":1802,"column":86}},"821":{"start":{"line":1803,"column":32},"end":{"line":1803,"column":96}},"822":{"start":{"line":1804,"column":28},"end":{"line":1804,"column":85}},"823":{"start":{"line":1805,"column":4},"end":{"line":1838,"column":6}},"824":{"start":{"line":1806,"column":6},"end":{"line":1837,"column":8}},"825":{"start":{"line":1807,"column":8},"end":{"line":1811,"column":9}},"826":{"start":{"line":1808,"column":10},"end":{"line":1808,"column":56}},"827":{"start":{"line":1810,"column":10},"end":{"line":1810,"column":50}},"828":{"start":{"line":1813,"column":8},"end":{"line":1825,"column":9}},"829":{"start":{"line":1814,"column":10},"end":{"line":1814,"column":45}},"830":{"start":{"line":1815,"column":10},"end":{"line":1815,"column":53}},"831":{"start":{"line":1816,"column":10},"end":{"line":1816,"column":51}},"832":{"start":{"line":1817,"column":15},"end":{"line":1825,"column":9}},"833":{"start":{"line":1818,"column":10},"end":{"line":1818,"column":45}},"834":{"start":{"line":1819,"column":10},"end":{"line":1819,"column":53}},"835":{"start":{"line":1820,"column":10},"end":{"line":1820,"column":51}},"836":{"start":{"line":1821,"column":15},"end":{"line":1825,"column":9}},"837":{"start":{"line":1822,"column":10},"end":{"line":1822,"column":44}},"838":{"start":{"line":1823,"column":10},"end":{"line":1823,"column":54}},"839":{"start":{"line":1824,"column":10},"end":{"line":1824,"column":50}},"840":{"start":{"line":1827,"column":8},"end":{"line":1836,"column":9}},"841":{"start":{"line":1828,"column":10},"end":{"line":1828,"column":41}},"842":{"start":{"line":1829,"column":10},"end":{"line":1829,"column":27}},"843":{"start":{"line":1830,"column":15},"end":{"line":1836,"column":9}},"844":{"start":{"line":1831,"column":10},"end":{"line":1831,"column":55}},"845":{"start":{"line":1832,"column":10},"end":{"line":1832,"column":27}},"846":{"start":{"line":1833,"column":15},"end":{"line":1836,"column":9}},"847":{"start":{"line":1834,"column":10},"end":{"line":1834,"column":57}},"848":{"start":{"line":1835,"column":10},"end":{"line":1835,"column":27}},"849":{"start":{"line":1841,"column":22},"end":{"line":1879,"column":3}},"850":{"start":{"line":1842,"column":40},"end":{"line":1842,"column":94}},"851":{"start":{"line":1843,"column":29},"end":{"line":1843,"column":94}},"852":{"start":{"line":1844,"column":34},"end":{"line":1844,"column":101}},"853":{"start":{"line":1845,"column":31},"end":{"line":1845,"column":95}},"854":{"start":{"line":1846,"column":4},"end":{"line":1878,"column":6}},"855":{"start":{"line":1847,"column":6},"end":{"line":1877,"column":8}},"856":{"start":{"line":1848,"column":8},"end":{"line":1848,"column":48}},"857":{"start":{"line":1850,"column":8},"end":{"line":1859,"column":9}},"858":{"start":{"line":1851,"column":10},"end":{"line":1851,"column":34}},"859":{"start":{"line":1852,"column":10},"end":{"line":1852,"column":27}},"860":{"start":{"line":1853,"column":15},"end":{"line":1859,"column":9}},"861":{"start":{"line":1854,"column":10},"end":{"line":1854,"column":34}},"862":{"start":{"line":1855,"column":10},"end":{"line":1855,"column":27}},"863":{"start":{"line":1856,"column":15},"end":{"line":1859,"column":9}},"864":{"start":{"line":1857,"column":10},"end":{"line":1857,"column":33}},"865":{"start":{"line":1858,"column":10},"end":{"line":1858,"column":27}},"866":{"start":{"line":1861,"column":8},"end":{"line":1876,"column":9}},"867":{"start":{"line":1862,"column":10},"end":{"line":1862,"column":66}},"868":{"start":{"line":1863,"column":10},"end":{"line":1863,"column":70}},"869":{"start":{"line":1864,"column":10},"end":{"line":1864,"column":47}},"870":{"start":{"line":1865,"column":10},"end":{"line":1865,"column":27}},"871":{"start":{"line":1866,"column":15},"end":{"line":1876,"column":9}},"872":{"start":{"line":1867,"column":10},"end":{"line":1867,"column":69}},"873":{"start":{"line":1868,"column":10},"end":{"line":1868,"column":67}},"874":{"start":{"line":1869,"column":10},"end":{"line":1869,"column":61}},"875":{"start":{"line":1870,"column":10},"end":{"line":1870,"column":27}},"876":{"start":{"line":1871,"column":15},"end":{"line":1876,"column":9}},"877":{"start":{"line":1872,"column":10},"end":{"line":1872,"column":69}},"878":{"start":{"line":1873,"column":10},"end":{"line":1873,"column":67}},"879":{"start":{"line":1874,"column":10},"end":{"line":1874,"column":63}},"880":{"start":{"line":1875,"column":10},"end":{"line":1875,"column":27}},"881":{"start":{"line":1881,"column":24},"end":{"line":1907,"column":3}},"882":{"start":{"line":1882,"column":31},"end":{"line":1882,"column":76}},"883":{"start":{"line":1883,"column":27},"end":{"line":1883,"column":78}},"884":{"start":{"line":1884,"column":32},"end":{"line":1884,"column":88}},"885":{"start":{"line":1885,"column":4},"end":{"line":1906,"column":6}},"886":{"start":{"line":1886,"column":6},"end":{"line":1886,"column":61}},"887":{"start":{"line":1887,"column":6},"end":{"line":1905,"column":7}},"888":{"start":{"line":1888,"column":8},"end":{"line":1888,"column":58}},"889":{"start":{"line":1889,"column":8},"end":{"line":1889,"column":56}},"890":{"start":{"line":1890,"column":8},"end":{"line":1890,"column":58}},"891":{"start":{"line":1891,"column":8},"end":{"line":1891,"column":34}},"892":{"start":{"line":1892,"column":8},"end":{"line":1892,"column":25}},"893":{"start":{"line":1893,"column":13},"end":{"line":1905,"column":7}},"894":{"start":{"line":1894,"column":8},"end":{"line":1894,"column":58}},"895":{"start":{"line":1895,"column":8},"end":{"line":1895,"column":56}},"896":{"start":{"line":1896,"column":8},"end":{"line":1896,"column":55}},"897":{"start":{"line":1897,"column":8},"end":{"line":1897,"column":34}},"898":{"start":{"line":1898,"column":8},"end":{"line":1898,"column":25}},"899":{"start":{"line":1900,"column":8},"end":{"line":1900,"column":55}},"900":{"start":{"line":1901,"column":8},"end":{"line":1901,"column":59}},"901":{"start":{"line":1902,"column":8},"end":{"line":1902,"column":43}},"902":{"start":{"line":1903,"column":8},"end":{"line":1903,"column":33}},"903":{"start":{"line":1904,"column":8},"end":{"line":1904,"column":25}},"904":{"start":{"line":1909,"column":42},"end":{"line":1950,"column":3}},"905":{"start":{"line":1910,"column":38},"end":{"line":1910,"column":90}},"906":{"start":{"line":1911,"column":51},"end":{"line":1911,"column":116}},"907":{"start":{"line":1912,"column":47},"end":{"line":1912,"column":138}},"908":{"start":{"line":1913,"column":52},"end":{"line":1913,"column":148}},"909":{"start":{"line":1914,"column":51},"end":{"line":1914,"column":53}},"910":{"start":{"line":1915,"column":4},"end":{"line":1948,"column":6}},"911":{"start":{"line":1916,"column":6},"end":{"line":1920,"column":8}},"912":{"start":{"line":1917,"column":8},"end":{"line":1919,"column":9}},"913":{"start":{"line":1918,"column":10},"end":{"line":1918,"column":62}},"914":{"start":{"line":1921,"column":6},"end":{"line":1921,"column":61}},"915":{"start":{"line":1922,"column":6},"end":{"line":1947,"column":7}},"916":{"start":{"line":1923,"column":8},"end":{"line":1923,"column":58}},"917":{"start":{"line":1924,"column":8},"end":{"line":1924,"column":56}},"918":{"start":{"line":1925,"column":8},"end":{"line":1925,"column":54}},"919":{"start":{"line":1926,"column":8},"end":{"line":1926,"column":25}},"920":{"start":{"line":1927,"column":8},"end":{"line":1927,"column":208}},"921":{"start":{"line":1928,"column":13},"end":{"line":1947,"column":7}},"922":{"start":{"line":1929,"column":8},"end":{"line":1929,"column":58}},"923":{"start":{"line":1930,"column":8},"end":{"line":1930,"column":56}},"924":{"start":{"line":1931,"column":8},"end":{"line":1931,"column":81}},"925":{"start":{"line":1932,"column":8},"end":{"line":1932,"column":54}},"926":{"start":{"line":1933,"column":8},"end":{"line":1933,"column":25}},"927":{"start":{"line":1934,"column":14},"end":{"line":1947,"column":7}},"928":{"start":{"line":1935,"column":8},"end":{"line":1935,"column":58}},"929":{"start":{"line":1936,"column":8},"end":{"line":1936,"column":56}},"930":{"start":{"line":1937,"column":8},"end":{"line":1937,"column":80}},"931":{"start":{"line":1938,"column":8},"end":{"line":1938,"column":54}},"932":{"start":{"line":1939,"column":8},"end":{"line":1939,"column":25}},"933":{"start":{"line":1942,"column":8},"end":{"line":1942,"column":55}},"934":{"start":{"line":1943,"column":8},"end":{"line":1943,"column":59}},"935":{"start":{"line":1944,"column":8},"end":{"line":1944,"column":63}},"936":{"start":{"line":1945,"column":8},"end":{"line":1945,"column":53}},"937":{"start":{"line":1946,"column":8},"end":{"line":1946,"column":25}},"938":{"start":{"line":1952,"column":27},"end":{"line":2001,"column":3}},"939":{"start":{"line":1953,"column":38},"end":{"line":1953,"column":90}},"940":{"start":{"line":1954,"column":35},"end":{"line":1954,"column":101}},"941":{"start":{"line":1955,"column":19},"end":{"line":1955,"column":72}},"942":{"start":{"line":1956,"column":32},"end":{"line":1956,"column":78}},"943":{"start":{"line":1957,"column":30},"end":{"line":1957,"column":74}},"944":{"start":{"line":1958,"column":35},"end":{"line":1958,"column":37}},"945":{"start":{"line":1960,"column":4},"end":{"line":1976,"column":6}},"946":{"start":{"line":1961,"column":6},"end":{"line":1975,"column":8}},"947":{"start":{"line":1962,"column":8},"end":{"line":1962,"column":126}},"948":{"start":{"line":1962,"column":29},"end":{"line":1962,"column":123}},"949":{"start":{"line":1963,"column":8},"end":{"line":1968,"column":9}},"950":{"start":{"line":1964,"column":10},"end":{"line":1964,"column":48}},"951":{"start":{"line":1965,"column":10},"end":{"line":1965,"column":40}},"952":{"start":{"line":1966,"column":10},"end":{"line":1966,"column":35}},"953":{"start":{"line":1967,"column":10},"end":{"line":1967,"column":27}},"954":{"start":{"line":1969,"column":8},"end":{"line":1973,"column":9}},"955":{"start":{"line":1970,"column":10},"end":{"line":1970,"column":49}},"956":{"start":{"line":1971,"column":10},"end":{"line":1971,"column":36}},"957":{"start":{"line":1972,"column":10},"end":{"line":1972,"column":27}},"958":{"start":{"line":1974,"column":8},"end":{"line":1974,"column":38}},"959":{"start":{"line":1978,"column":4},"end":{"line":1992,"column":6}},"960":{"start":{"line":1979,"column":6},"end":{"line":1991,"column":7}},"961":{"start":{"line":1980,"column":8},"end":{"line":1984,"column":10}},"962":{"start":{"line":1981,"column":10},"end":{"line":1981,"column":29}},"963":{"start":{"line":1982,"column":10},"end":{"line":1982,"column":36}},"964":{"start":{"line":1983,"column":10},"end":{"line":1983,"column":27}},"965":{"start":{"line":1986,"column":8},"end":{"line":1990,"column":10}},"966":{"start":{"line":1987,"column":10},"end":{"line":1987,"column":28}},"967":{"start":{"line":1988,"column":10},"end":{"line":1988,"column":35}},"968":{"start":{"line":1989,"column":10},"end":{"line":1989,"column":27}},"969":{"start":{"line":1994,"column":4},"end":{"line":2000,"column":6}},"970":{"start":{"line":1995,"column":6},"end":{"line":1997,"column":8}},"971":{"start":{"line":1996,"column":8},"end":{"line":1996,"column":81}},"972":{"start":{"line":1996,"column":23},"end":{"line":1996,"column":80}},"973":{"start":{"line":1998,"column":6},"end":{"line":1998,"column":129}},"974":{"start":{"line":1999,"column":6},"end":{"line":1999,"column":36}},"975":{"start":{"line":2003,"column":20},"end":{"line":2017,"column":3}},"976":{"start":{"line":2004,"column":38},"end":{"line":2004,"column":90}},"977":{"start":{"line":2005,"column":24},"end":{"line":2005,"column":82}},"978":{"start":{"line":2006,"column":4},"end":{"line":2016,"column":6}},"979":{"start":{"line":2007,"column":6},"end":{"line":2015,"column":8}},"980":{"start":{"line":2008,"column":8},"end":{"line":2014,"column":9}},"981":{"start":{"line":2009,"column":10},"end":{"line":2009,"column":35}},"982":{"start":{"line":2010,"column":15},"end":{"line":2014,"column":9}},"983":{"start":{"line":2011,"column":10},"end":{"line":2011,"column":35}},"984":{"start":{"line":2012,"column":15},"end":{"line":2014,"column":9}},"985":{"start":{"line":2013,"column":10},"end":{"line":2013,"column":35}},"986":{"start":{"line":2019,"column":25},"end":{"line":2033,"column":3}},"987":{"start":{"line":2020,"column":38},"end":{"line":2020,"column":90}},"988":{"start":{"line":2021,"column":32},"end":{"line":2021,"column":95}},"989":{"start":{"line":2022,"column":23},"end":{"line":2027,"column":5}},"990":{"start":{"line":2028,"column":4},"end":{"line":2032,"column":5}},"991":{"start":{"line":2029,"column":6},"end":{"line":2029,"column":54}},"992":{"start":{"line":2031,"column":6},"end":{"line":2031,"column":56}},"993":{"start":{"line":2035,"column":24},"end":{"line":2092,"column":3}},"994":{"start":{"line":2036,"column":38},"end":{"line":2036,"column":90}},"995":{"start":{"line":2037,"column":32},"end":{"line":2037,"column":95}},"996":{"start":{"line":2038,"column":22},"end":{"line":2038,"column":26}},"997":{"start":{"line":2039,"column":4},"end":{"line":2091,"column":6}},"998":{"start":{"line":2040,"column":19},"end":{"line":2040,"column":81}},"999":{"start":{"line":2041,"column":6},"end":{"line":2090,"column":7}},"1000":{"start":{"line":2042,"column":8},"end":{"line":2042,"column":28}},"1001":{"start":{"line":2043,"column":8},"end":{"line":2043,"column":58}},"1002":{"start":{"line":2044,"column":8},"end":{"line":2089,"column":11}},"1003":{"start":{"line":2050,"column":25},"end":{"line":2050,"column":27}},"1004":{"start":{"line":2051,"column":30},"end":{"line":2051,"column":48}},"1005":{"start":{"line":2052,"column":32},"end":{"line":2052,"column":51}},"1006":{"start":{"line":2053,"column":12},"end":{"line":2058,"column":13}},"1007":{"start":{"line":2054,"column":14},"end":{"line":2054,"column":42}},"1008":{"start":{"line":2056,"column":33},"end":{"line":2056,"column":62}},"1009":{"start":{"line":2057,"column":14},"end":{"line":2057,"column":67}},"1010":{"start":{"line":2059,"column":31},"end":{"line":2059,"column":33}},"1011":{"start":{"line":2060,"column":12},"end":{"line":2069,"column":13}},"1012":{"start":{"line":2062,"column":16},"end":{"line":2062,"column":117}},"1013":{"start":{"line":2063,"column":16},"end":{"line":2063,"column":22}},"1014":{"start":{"line":2065,"column":16},"end":{"line":2065,"column":145}},"1015":{"start":{"line":2066,"column":16},"end":{"line":2066,"column":22}},"1016":{"start":{"line":2068,"column":16},"end":{"line":2068,"column":145}},"1017":{"start":{"line":2070,"column":12},"end":{"line":2085,"column":14}},"1018":{"start":{"line":2076,"column":16},"end":{"line":2076,"column":38}},"1019":{"start":{"line":2077,"column":16},"end":{"line":2077,"column":111}},"1020":{"start":{"line":2080,"column":16},"end":{"line":2083,"column":17}},"1021":{"start":{"line":2081,"column":18},"end":{"line":2081,"column":37}},"1022":{"start":{"line":2082,"column":18},"end":{"line":2082,"column":69}},"1023":{"start":{"line":2093,"column":32},"end":{"line":2119,"column":3}},"1024":{"start":{"line":2094,"column":4},"end":{"line":2118,"column":7}},"1025":{"start":{"line":2100,"column":8},"end":{"line":2114,"column":9}},"1026":{"start":{"line":2101,"column":10},"end":{"line":2101,"column":32}},"1027":{"start":{"line":2102,"column":10},"end":{"line":2113,"column":13}},"1028":{"start":{"line":2104,"column":47},"end":{"line":2104,"column":78}},"1029":{"start":{"line":2105,"column":12},"end":{"line":2105,"column":28}},"1030":{"start":{"line":2106,"column":12},"end":{"line":2106,"column":24}},"1031":{"start":{"line":2107,"column":12},"end":{"line":2107,"column":46}},"1032":{"start":{"line":2108,"column":12},"end":{"line":2108,"column":28}},"1033":{"start":{"line":2109,"column":12},"end":{"line":2109,"column":26}},"1034":{"start":{"line":2110,"column":12},"end":{"line":2110,"column":30}},"1035":{"start":{"line":2111,"column":12},"end":{"line":2111,"column":31}},"1036":{"start":{"line":2112,"column":12},"end":{"line":2112,"column":29}},"1037":{"start":{"line":2120,"column":30},"end":{"line":2137,"column":3}},"1038":{"start":{"line":2121,"column":17},"end":{"line":2121,"column":51}},"1039":{"start":{"line":2122,"column":17},"end":{"line":2122,"column":39}},"1040":{"start":{"line":2123,"column":4},"end":{"line":2136,"column":7}},"1041":{"start":{"line":2130,"column":8},"end":{"line":2132,"column":9}},"1042":{"start":{"line":2131,"column":10},"end":{"line":2131,"column":28}},"1043":{"start":{"line":2138,"column":32},"end":{"line":2155,"column":3}},"1044":{"start":{"line":2139,"column":17},"end":{"line":2139,"column":51}},"1045":{"start":{"line":2140,"column":17},"end":{"line":2140,"column":39}},"1046":{"start":{"line":2141,"column":4},"end":{"line":2154,"column":7}},"1047":{"start":{"line":2148,"column":8},"end":{"line":2150,"column":9}},"1048":{"start":{"line":2149,"column":10},"end":{"line":2149,"column":28}},"1049":{"start":{"line":2157,"column":2},"end":{"line":2168,"column":3}},"1050":{"start":{"line":2159,"column":6},"end":{"line":2159,"column":30}},"1051":{"start":{"line":2162,"column":6},"end":{"line":2162,"column":28}},"1052":{"start":{"line":2165,"column":6},"end":{"line":2165,"column":30}}},"fnMap":{"0":{"name":"(anonymous_0)","decl":{"start":{"line":5,"column":14},"end":{"line":5,"column":15}},"loc":{"start":{"line":5,"column":26},"end":{"line":98,"column":3}},"line":5},"1":{"name":"(anonymous_1)","decl":{"start":{"line":78,"column":29},"end":{"line":78,"column":30}},"loc":{"start":{"line":78,"column":45},"end":{"line":97,"column":5}},"line":78},"2":{"name":"(anonymous_2)","decl":{"start":{"line":99,"column":14},"end":{"line":99,"column":15}},"loc":{"start":{"line":99,"column":33},"end":{"line":162,"column":3}},"line":99},"3":{"name":"(anonymous_3)","decl":{"start":{"line":118,"column":6},"end":{"line":118,"column":7}},"loc":{"start":{"line":118,"column":27},"end":{"line":129,"column":7}},"line":118},"4":{"name":"(anonymous_4)","decl":{"start":{"line":119,"column":21},"end":{"line":119,"column":22}},"loc":{"start":{"line":119,"column":39},"end":{"line":128,"column":9}},"line":119},"5":{"name":"(anonymous_5)","decl":{"start":{"line":132,"column":35},"end":{"line":132,"column":36}},"loc":{"start":{"line":132,"column":47},"end":{"line":145,"column":5}},"line":132},"6":{"name":"(anonymous_6)","decl":{"start":{"line":138,"column":30},"end":{"line":138,"column":31}},"loc":{"start":{"line":138,"column":42},"end":{"line":142,"column":9}},"line":138},"7":{"name":"(anonymous_7)","decl":{"start":{"line":157,"column":38},"end":{"line":157,"column":39}},"loc":{"start":{"line":157,"column":51},"end":{"line":161,"column":5}},"line":157},"8":{"name":"(anonymous_8)","decl":{"start":{"line":164,"column":16},"end":{"line":164,"column":17}},"loc":{"start":{"line":164,"column":28},"end":{"line":228,"column":3}},"line":164},"9":{"name":"(anonymous_9)","decl":{"start":{"line":170,"column":19},"end":{"line":170,"column":20}},"loc":{"start":{"line":170,"column":31},"end":{"line":193,"column":7}},"line":170},"10":{"name":"(anonymous_10)","decl":{"start":{"line":196,"column":56},"end":{"line":196,"column":57}},"loc":{"start":{"line":196,"column":68},"end":{"line":227,"column":5}},"line":196},"11":{"name":"(anonymous_11)","decl":{"start":{"line":200,"column":14},"end":{"line":200,"column":15}},"loc":{"start":{"line":200,"column":26},"end":{"line":203,"column":9}},"line":200},"12":{"name":"(anonymous_12)","decl":{"start":{"line":209,"column":16},"end":{"line":209,"column":17}},"loc":{"start":{"line":209,"column":28},"end":{"line":225,"column":11}},"line":209},"13":{"name":"(anonymous_13)","decl":{"start":{"line":229,"column":16},"end":{"line":229,"column":17}},"loc":{"start":{"line":229,"column":28},"end":{"line":276,"column":3}},"line":229},"14":{"name":"(anonymous_14)","decl":{"start":{"line":235,"column":19},"end":{"line":235,"column":20}},"loc":{"start":{"line":235,"column":31},"end":{"line":251,"column":7}},"line":235},"15":{"name":"(anonymous_15)","decl":{"start":{"line":254,"column":49},"end":{"line":254,"column":50}},"loc":{"start":{"line":254,"column":61},"end":{"line":270,"column":5}},"line":254},"16":{"name":"(anonymous_16)","decl":{"start":{"line":262,"column":16},"end":{"line":262,"column":17}},"loc":{"start":{"line":262,"column":28},"end":{"line":268,"column":11}},"line":262},"17":{"name":"(anonymous_17)","decl":{"start":{"line":272,"column":61},"end":{"line":272,"column":62}},"loc":{"start":{"line":272,"column":73},"end":{"line":275,"column":5}},"line":272},"18":{"name":"(anonymous_18)","decl":{"start":{"line":278,"column":8},"end":{"line":278,"column":9}},"loc":{"start":{"line":278,"column":20},"end":{"line":314,"column":3}},"line":278},"19":{"name":"(anonymous_19)","decl":{"start":{"line":316,"column":15},"end":{"line":316,"column":16}},"loc":{"start":{"line":316,"column":27},"end":{"line":482,"column":3}},"line":316},"20":{"name":"(anonymous_20)","decl":{"start":{"line":419,"column":19},"end":{"line":419,"column":20}},"loc":{"start":{"line":419,"column":31},"end":{"line":423,"co
[...]
{"start":{},"end":{}}],"line":1871},"193":{"loc":{"start":{"line":1871,"column":19},"end":{"line":1871,"column":90}},"type":"binary-expr","locations":[{"start":{"line":1871,"column":19},"end":{"line":1871,"column":66}},{"start":{"line":1871,"column":71},"end":{"line":1871,"column":90}}],"line":1871},"194":{"loc":{"start":{"line":1887,"column":6},"end":{"line":1905,"column":7}},"type":"if","locations":[{"start":{"line":1887,"column":6},"end":{"line":1905,"column":7}},{"start":{"line":1893,"column":13},"end":{"line":1905,"column":7}}],"line":1887},"195":{"loc":{"start":{"line":1893,"column":13},"end":{"line":1905,"column":7}},"type":"if","locations":[{"start":{"line":1893,"column":13},"end":{"line":1905,"column":7}},{"start":{"line":1899,"column":13},"end":{"line":1905,"column":7}}],"line":1893},"196":{"loc":{"start":{"line":1917,"column":8},"end":{"line":1919,"column":9}},"type":"if","locations":[{"start":{"line":1917,"column":8},"end":{"line":1919,"column":9}},{"start":{},"end":{}}],"line":1917},"197":{"loc":{"start":{"line":1922,"column":6},"end":{"line":1947,"column":7}},"type":"if","locations":[{"start":{"line":1922,"column":6},"end":{"line":1947,"column":7}},{"start":{"line":1928,"column":13},"end":{"line":1947,"column":7}}],"line":1922},"198":{"loc":{"start":{"line":1927,"column":8},"end":{"line":1927,"column":207}},"type":"cond-expr","locations":[{"start":{"line":1927,"column":66},"end":{"line":1927,"column":134}},{"start":{"line":1927,"column":137},"end":{"line":1927,"column":207}}],"line":1927},"199":{"loc":{"start":{"line":1928,"column":13},"end":{"line":1947,"column":7}},"type":"if","locations":[{"start":{"line":1928,"column":13},"end":{"line":1947,"column":7}},{"start":{"line":1934,"column":14},"end":{"line":1947,"column":7}}],"line":1928},"200":{"loc":{"start":{"line":1928,"column":16},"end":{"line":1928,"column":103}},"type":"binary-expr","locations":[{"start":{"line":1928,"column":16},"end":{"line":1928,"column":44}},{"start":{"line":1928,"column":48},"end":{"line":1928,"column":103}}],"line":1928},"201":{"loc":{"start":{"line":1934,"column":14},"end":{"line":1947,"column":7}},"type":"if","locations":[{"start":{"line":1934,"column":14},"end":{"line":1947,"column":7}},{"start":{"line":1941,"column":11},"end":{"line":1947,"column":7}}],"line":1934},"202":{"loc":{"start":{"line":1934,"column":17},"end":{"line":1934,"column":105}},"type":"binary-expr","locations":[{"start":{"line":1934,"column":17},"end":{"line":1934,"column":46}},{"start":{"line":1934,"column":50},"end":{"line":1934,"column":105}}],"line":1934},"203":{"loc":{"start":{"line":1962,"column":29},"end":{"line":1962,"column":122}},"type":"cond-expr","locations":[{"start":{"line":1962,"column":41},"end":{"line":1962,"column":89}},{"start":{"line":1962,"column":92},"end":{"line":1962,"column":122}}],"line":1962},"204":{"loc":{"start":{"line":1963,"column":8},"end":{"line":1968,"column":9}},"type":"if","locations":[{"start":{"line":1963,"column":8},"end":{"line":1968,"column":9}},{"start":{},"end":{}}],"line":1963},"205":{"loc":{"start":{"line":1969,"column":8},"end":{"line":1973,"column":9}},"type":"if","locations":[{"start":{"line":1969,"column":8},"end":{"line":1973,"column":9}},{"start":{},"end":{}}],"line":1969},"206":{"loc":{"start":{"line":1979,"column":6},"end":{"line":1991,"column":7}},"type":"if","locations":[{"start":{"line":1979,"column":6},"end":{"line":1991,"column":7}},{"start":{"line":1985,"column":13},"end":{"line":1991,"column":7}}],"line":1979},"207":{"loc":{"start":{"line":1996,"column":8},"end":{"line":1996,"column":81}},"type":"if","locations":[{"start":{"line":1996,"column":8},"end":{"line":1996,"column":81}},{"start":{},"end":{}}],"line":1996},"208":{"loc":{"start":{"line":1998,"column":6},"end":{"line":1998,"column":128}},"type":"cond-expr","locations":[{"start":{"line":1998,"column":44},"end":{"line":1998,"column":93}},{"start":{"line":1998,"column":96},"end":{"line":1998,"column":128}}],"line":1998},"209":{"loc":{"start":{"line":2008,"column":8},"end":{"line":2014,"column":9}},"type":"if","locations":[{"start":{"line":2008,"column":8},"end":{"line":2014,"column":9}},{"start":{"line":2010,"column":15},"end":{"line":2014,"column":9}}],"line":2008},"210":{"loc":{"start":{"line":2008,"column":11},"end":{"line":2008,"column":80}},"type":"binary-expr","locations":[{"start":{"line":2008,"column":11},"end":{"line":2008,"column":55}},{"start":{"line":2008,"column":59},"end":{"line":2008,"column":80}}],"line":2008},"211":{"loc":{"start":{"line":2010,"column":15},"end":{"line":2014,"column":9}},"type":"if","locations":[{"start":{"line":2010,"column":15},"end":{"line":2014,"column":9}},{"start":{"line":2012,"column":15},"end":{"line":2014,"column":9}}],"line":2010},"212":{"loc":{"start":{"line":2010,"column":18},"end":{"line":2010,"column":84}},"type":"binary-expr","locations":[{"start":{"line":2010,"column":18},"end":{"line":2010,"column":59}},{"start":{"line":2010,"column":63},"end":{"line":2010,"column":84}}],"line":2010},"213":{"loc":{"start":{"line":2012,"column":15},"end":{"line":2014,"column":9}},"type":"if","locations":[{"start":{"line":2012,"column":15},"end":{"line":2014,"column":9}},{"start":{},"end":{}}],"line":2012},"214":{"loc":{"start":{"line":2012,"column":18},"end":{"line":2012,"column":82}},"type":"binary-expr","locations":[{"start":{"line":2012,"column":18},"end":{"line":2012,"column":57}},{"start":{"line":2012,"column":61},"end":{"line":2012,"column":82}}],"line":2012},"215":{"loc":{"start":{"line":2028,"column":4},"end":{"line":2032,"column":5}},"type":"if","locations":[{"start":{"line":2028,"column":4},"end":{"line":2032,"column":5}},{"start":{"line":2030,"column":11},"end":{"line":2032,"column":5}}],"line":2028},"216":{"loc":{"start":{"line":2028,"column":7},"end":{"line":2028,"column":157}},"type":"binary-expr","locations":[{"start":{"line":2028,"column":7},"end":{"line":2028,"column":24}},{"start":{"line":2028,"column":28},"end":{"line":2028,"column":65}},{"start":{"line":2028,"column":69},"end":{"line":2028,"column":86}},{"start":{"line":2028,"column":90},"end":{"line":2028,"column":116}},{"start":{"line":2028,"column":120},"end":{"line":2028,"column":157}}],"line":2028},"217":{"loc":{"start":{"line":2041,"column":6},"end":{"line":2090,"column":7}},"type":"if","locations":[{"start":{"line":2041,"column":6},"end":{"line":2090,"column":7}},{"start":{},"end":{}}],"line":2041},"218":{"loc":{"start":{"line":2053,"column":12},"end":{"line":2058,"column":13}},"type":"if","locations":[{"start":{"line":2053,"column":12},"end":{"line":2058,"column":13}},{"start":{"line":2055,"column":19},"end":{"line":2058,"column":13}}],"line":2053},"219":{"loc":{"start":{"line":2060,"column":12},"end":{"line":2069,"column":13}},"type":"switch","locations":[{"start":{"line":2061,"column":14},"end":{"line":2063,"column":22}},{"start":{"line":2064,"column":14},"end":{"line":2066,"column":22}},{"start":{"line":2067,"column":14},"end":{"line":2068,"column":145}}],"line":2060},"220":{"loc":{"start":{"line":2080,"column":16},"end":{"line":2083,"column":17}},"type":"if","locations":[{"start":{"line":2080,"column":16},"end":{"line":2083,"column":17}},{"start":{},"end":{}}],"line":2080},"221":{"loc":{"start":{"line":2100,"column":8},"end":{"line":2114,"column":9}},"type":"if","locations":[{"start":{"line":2100,"column":8},"end":{"line":2114,"column":9}},{"start":{},"end":{}}],"line":2100},"222":{"loc":{"start":{"line":2130,"column":8},"end":{"line":2132,"column":9}},"type":"if","locations":[{"start":{"line":2130,"column":8},"end":{"line":2132,"column":9}},{"start":{},"end":{}}],"line":2130},"223":{"loc":{"start":{"line":2148,"column":8},"end":{"line":2150,"column":9}},"type":"if","locations":[{"start":{"line":2148,"column":8},"end":{"line":2150,"column":9}},{"start":{},"end":{}}],"line":2148}},"s":{"0":1,"1":0,"2":0,"3":0,"4":0,"5":0,"6":0,"7":0,"8":0,"9":0,"10":0,"11":0,"12":0,"13":0,"14":0,"15":0,"16":0,"17":0,"18":0,"19":0,"20":0,"21":0,"22":0,"23":0,"24":0,"25":0,"26":0,"27":0,"28":0,"29":0,"30":0,"31":0,"32":0,"33":0,"34":0,"35":0,"36":0,"37":0,"38":0,"39":0,"40":0,"41":0,"42":0,"43":0,"44":0,"45":0,"46":0,"47":0,"48":0,"49":0,"50":0,"51":0,"52":0,"53":0,"54":0,"55":0,"56":0,"57":0,"58":0,"59":0,"60":0,"61":0,"62":0,"63":0,"64":0,"65":0,"66":0,"67":0,"68":0,"69":0,"70":0,"71":0,"72":0,"73":0,"74":0,"75":0,"76":0,"77":0,"78":0,"79":0,"80":0,"81":0,"82":0,"83":0,"84":0,"85":0,"86":0,"87":0,"88":0,"89":0,"90":0,"91":0,"92":0,"93":0,"94":0,"95":0,"96":0,"97":0,"98":0,"99":0,"100":0,"101":0,"102":0,"103":0,"104":0,"105":0,"106":0,"107":0,"108":0,"109":0,"110":0,"111":0,"112":0,"113":0,"114":0,"115":0,"116":0,"117":0,"118":0,"119":0,"120":0,"121":0,"122":0,"123":0,"124":0,"125":0,"126":0,"127":0,"128":0,"129":0,"130":0,"131":0,"132":0,"133":0,"134":0,"135":0,"136":0,"137":0,"138":0,"139":0,"140":0,"141":0,"142":0,"143":0,"144":0,"145":0,"146":0,"147":0,"148":0,"149":0,"150":0,"151":0,"152":0,"153":0,"154":0,"155":0,"156":0,"157":0,"158":0,"159":0,"160":0,"161":0,"162":0,"163":0,"164":0,"165":0,"166":0,"167":0,"168":0,"169":0,"170":0,"171":0,"172":0,"173":0,"174":0,"175":0,"176":0,"177":0,"178":0,"179":0,"180":0,"181":0,"182":0,"183":0,"184":0,"185":0,"186":0,"187":0,"188":0,"189":0,"190":0,"191":0,"192":0,"193":0,"194":0,"195":0,"196":0,"197":0,"198":0,"199":0,"200":0,"201":0,"202":0,"203":0,"204":0,"205":0,"206":0,"207":0,"208":0,"209":0,"210":0,"211":0,"212":0,"213":0,"214":0,"215":0,"216":0,"217":0,"218":0,"219":0,"220":0,"221":0,"222":0,"223":0,"224":0,"225":0,"226":0,"227":0,"228":0,"229":0,"230":0,"231":0,"232":0,"233":0,"234":0,"235":0,"236":0,"237":0,"238":0,"239":0,"240":0,"241":0,"242":0,"243":0,"244":0,"245":0,"246":0,"247":0,"248":0,"249":0,"250":0,"251":0,"252":0,"253":0,"254":0,"255":0,"256":0,"257":0,"258":0,"259":0,"260":0,"261":0,"262":0,"263":0,"264":0,"265":0,"266":0,"267":0,"268":0,"269":0,"270":0,"271":0,"272":0,"273":0,"274":0,"275":0,"276":0,"277":0,"278":0,"279":0,"280":0,"281":0,"282":0,"283":0,"284":0,"285":0,"286":0,"287":0,"288":0,"289":0,"290":0,"291":0,"292":0,"293":0,"294":0,"295":0,"296":0,"297":0,"298":0,"299":0,"300":0,"301":0,"302":0,"303":0,"304":0,"305":0,"306":0,"307":0,"308":0,"309":0,"310":0,"311":0,"312":0,"313":0,"314":0,"315":0,"316":0,"317":0,"318":0,"319":0,"320":0,"321":0,"322":0,"323":0,"324":0,"325":0,"326":0,"327":0,"328":0,"329":0,"330":0,"331":0,"332":0,"333":0,"334":0,"335":0,"336":0,"337":0,"338":0,"339":0,"340":0,"341":0,"342":0,"343":0,"344":0,"345":0,"346":0,"347":0,"348":0,"349":0,"350":0,"351":0,"352":0,"353":0,"354":0,"355":0,"356":0,"357":0,"358":0,"359":0,"360":0,"361":0,"362":0,"363":0,"364":0,"365":0,"366":0,"367":0,"368":0,"369":0,"370":0,"371":0,"372":0,"373":0,"374":1,"375":0,"376":0,"377":0,"378":0,"379":0,"380":0,"381":0,"382":1,"383":1,"384":1,"385":1,"386":1,"387":1,"388":1,"389":0,"390":1,"391":1,"392":0,"393":0,"394":1,"395":1,"396":4,"397":4,"398":4,"399":1,"400":1,"401":0,"402":0,"403":0,"404":0,"405":0,"406":0,"407":0,"408":0,"409":0,"410":0,"411":0,"412":0,"413":0,"414":0,"415":0,"416":0,"417":0,"418":0,"419":0,"420":0,"421":0,"422":0,"423":0,"424":0,"425":0,"426":0,"427":0,"428":0,"429":0,"430":0,"431":0,"432":0,"433":0,"434":0,"435":0,"436":0,"437":0,"438":0,"439":0,"440":0,"441":0,"442":0,"443":0,"444":0,"445":0,"446":0,"447":0,"448":0,"449":0,"450":0,"451":0,"452":0,"453":0,"454":0,"455":0,"456":0,"457":0,"458":0,"459":0,"460":0,"461":0,"462":0,"463":1,"464":1,"465":1,"466":1,"467":1,"468":1,"469":1,"470":1,"471":1,"472":1,"473":1,"474":1,"475":1,"476":1,"477":0,"478":0,"479":0,"480":0,"481":0,"482":0,"483":0,"484":0,"485":1,"486":1,"487":0,"488":0,"489":0,"490":0,"491":0,"492":0,"493":0,"494":1,"495":0,"496":0,"497":0,"498":0,"499":0,"500":0,"501":0,"502":0,"503":0,"504":0,"505":0,"506":0,"507":0,"508":0,"509":0,"510":0,"511":0,"512":0,"513":1,"514":0,"515":0,"516":0,"517":0,"518":0,"519":0,"520":0,"521":0,"522":0,"523":0,"524":0,"525":0,"526":0,"527":0,"528":0,"529":0,"530":0,"531":0,"532":0,"533":0,"534":0,"535":0,"536":0,"537":0,"538":0,"539":0,"540":0,"541":0,"542":0,"543":0,"544":0,"545":0,"546":0,"547":0,"548":0,"549":0,"550":0,"551":0,"552":0,"553":0,"554":0,"555":0,"556":0,"557":0,"558":0,"559":0,"560":0,"561":0,"562":0,"563":0,"564":0,"565":0,"566":0,"567":0,"568":0,"569":0,"570":0,"571":0,"572":0,"573":0,"574":0,"575":0,"576":1,"577":0,"578":0,"579":0,"580":0,"581":0,"582":0,"583":0,"584":0,"585":0,"586":0,"587":0,"588":0,"589":1,"590":0,"591":0,"592":0,"593":0,"594":0,"595":0,"596":0,"597":0,"598":0,"599":0,"600":0,"601":0,"602":1,"603":0,"604":0,"605":1,"606":0,"607":0,"608":0,"609":0,"610":0,"611":1,"612":0,"613":0,"614":0,"615":0,"616":0,"617":0,"618":0,"619":0,"620":0,"621":0,"622":0,"623":0,"624":0,"625":0,"626":0,"627":0,"628":0,"629":0,"630":0,"631":0,"632":0,"633":0,"634":0,"635":0,"636":0,"637":0,"638":1,"639":0,"640":0,"641":0,"642":0,"643":0,"644":0,"645":0,"646":0,"647":0,"648":0,"649":0,"650":0,"651":0,"652":0,"653":0,"654":0,"655":0,"656":0,"657":0,"658":0,"659":0,"660":0,"661":0,"662":0,"663":0,"664":0,"665":0,"666":0,"667":0,"668":0,"669":0,"670":0,"671":0,"672":0,"673":0,"674":0,"675":0,"676":0,"677":0,"678":0,"679":0,"680":0,"681":0,"682":0,"683":0,"684":1,"685":0,"686":0,"687":0,"688":0,"689":0,"690":0,"691":0,"692":1,"693":0,"694":0,"695":1,"696":0,"697":0,"698":0,"699":0,"700":0,"701":0,"702":0,"703":0,"704":0,"705":0,"706":0,"707":0,"708":0,"709":0,"710":0,"711":0,"712":0,"713":0,"714":0,"715":1,"716":0,"717":0,"718":0,"719":0,"720":0,"721":0,"722":0,"723":1,"724":1,"725":0,"726":0,"727":0,"728":0,"729":0,"730":0,"731":0,"732":0,"733":0,"734":0,"735":0,"736":0,"737":0,"738":0,"739":0,"740":0,"741":0,"742":0,"743":0,"744":0,"745":0,"746":1,"747":0,"748":0,"749":0,"750":0,"751":0,"752":0,"753":0,"754":0,"755":0,"756":0,"757":0,"758":1,"759":1,"760":1,"761":0,"762":0,"763":0,"764":0,"765":0,"766":0,"767":0,"768":0,"769":0,"770":0,"771":0,"772":0,"773":0,"774":0,"775":0,"776":0,"777":0,"778":0,"779":0,"780":0,"781":0,"782":0,"783":0,"784":0,"785":0,"786":0,"787":0,"788":0,"789":1,"790":0,"791":0,"792":1,"793":0,"794":0,"795":0,"796":0,"797":0,"798":0,"799":0,"800":0,"801":0,"802":0,"803":0,"804":1,"805":0,"806":0,"807":0,"808":1,"809":1,"810":0,"811":1,"812":1,"813":1,"814":1,"815":1,"816":1,"817":1,"818":1,"819":1,"820":0,"821":0,"822":0,"823":0,"824":0,"825":0,"826":0,"827":0,"828":0,"829":0,"830":0,"831":0,"832":0,"833":0,"834":0,"835":0,"836":0,"837":0,"838":0,"839":0,"840":0,"841":0,"842":0,"843":0,"844":0,"845":0,"846":0,"847":0,"848":0,"849":1,"850":0,"851":0,"852":0,"853":0,"854":0,"855":0,"856":0,"857":0,"858":0,"859":0,"860":0,"861":0,"862":0,"863":0,"864":0,"865":0,"866":0,"867":0,"868":0,"869":0,"870":0,"871":0,"872":0,"873":0,"874":0,"875":0,"876":0,"877":0,"878":0,"879":0,"880":0,"881":1,"882":0,"883":0,"884":0,"885":0,"886":0,"887":0,"888":0,"889":0,"890":0,"891":0,"892":0,"893":0,"894":0,"895":0,"896":0,"897":0,"898":0,"899":0,"900":0,"901":0,"902":0,"903":0,"904":1,"905":0,"906":0,"907":0,"908":0,"909":0,"910":0,"911":0,"912":0,"913":0,"914":0,"915":0,"916":0,"917":0,"918":0,"919":0,"920":0,"921":0,"922":0,"923":0,"924":0,"925":0,"926":0,"927":0,"928":0,"929":0,"930":0,"931":0,"932":0,"933":0,"934":0,"935":0,"936":0,"937":0,"938":1,"939":0,"940":0,"941":0,"942":0,"943":0,"944":0,"945":0,"946":0,"947":0,"948":0,"949":0,"950":0,"951":0,"952":0,"953":0,"954":0,"955":0,"956":0,"957":0,"958":0,"959":0,"960":0,"961":0,"962":0,"963":0,"964":0,"965":0,"966":0,"967":0,"968":0,"969":0,"970":0,"971":0,"972":0,"973":0,"974":0,"975":1,"976":0,"977":0,"978":0,"979":0,"980":0,"981":0,"982":0,"983":0,"984":0,"985":0,"986":1,"987":0,"988":0,"989":0,"990":0,"991":0,"992":0,"993":1,"994":0,"995":0,"996":0,"997":0,"998":0,"999":0,"1000":0,"1001":0,"1002":0,"1003":0,"1004":0,"1005":0,"1006":0,"1007":0,"1008":0,"1009":0,"1010":0,"1011":0,"1012":0,"1013":0,"1014":0,"1015":0,"1016":0,"1017":0,"1018":0,"1019":0,"1020":0,"1021":0,"1022":0,"1023":1,"1024":0,"1025":0,"1026":0,"1027":0,"1028":0,"1029":0,"1030":0,"1031":0,"1032":0,"1033":0,"1034":0,"1035":0,"1036":0,"1037":1,"1038":0,"1039":0,"1040":0,"1041":0,"1042":0,"1043":1,"1044":0,"1045":0,"1046":0,"1047":0,"1048":0,"1049":1,"1050":0,"1051":0,"1052":0},"f":{"0":0,"1":0,"2":0,"3":0,"4":0,"5":0,"6":0,"7":0,"8":0,"9":0,"10":0,"11":0,"12":0,"13":0,"14":0,"15":0,"16":0,"17":0,"18":0,"19":0,"20":0,"21":0,"22":0,"23":0,"24":0,"25":0,"26":0,"27":0,"28":0,"29":0,"30":0,"31":0,"32":0,"33":0,"34":0,"35":0,"36":0,"37":0,"38":1,"39":0,"40":1,"41":1,"42":0,"43":1,"44":0,"45":0,"46":0,"47":0,"48":0,"49":0,"50":0,"51":0,"52":0,"53":0,"54":0,"55":0,"56":0,"57":0,"58":0,"59":0,"60":0,"61":0,"62":0,"63":0,"64":0,"65":0,"66":0,"67":0,"68":0,"69":0,"70":0,"71":0,"72":0,"73":0,"74":0,"75":0,"76":0,"77":0,"78":0,"79":0,"80":0,"81":0,"82":0,"83":0,"84":0,"85":0,"86":0,"87":0,"88":0,"89":0,"90":0,"91":0,"92":1,"93":0,"94":0,"95":0,"96":0,"97":0,"98":0,"99":0,"100":0,"101":0,"102":0,"103":1,"104":0,"105":0,"106":0,"107":0,"108":0,"109":0,"110":0,"111":0,"112":0,"113":0,"114":0,"115":0,"116":0,"117":0,"118":0,"119":0,"120":0,"121":0,"122":0,"123":0,"124":0,"125":0,"126":0,"127":0,"128":0,"129":0,"130":0,"131":0,"132":0,"133":0,"134":0,"135":0,"136":0,"137":0,"138":0,"139":0,"140":0,"141":0,"142":0,"143":0,"144":0,"145":0,"146":0,"147":0},"b":{"0":[0,0],"1":[0,0],"2":[0,0],"3":[0,0],"4":[0,0],"5":[0,0,0,0,0,0,0],"6":[0,0],"7":[0,0],"8":[0,0],"9":[0,0],"10":[0,0],"11":[0,0],"12":[0,0],"13":[0,0],"14":[0,0],"15":[0,0],"16":[0,0],"17":[0,0],"18":[0,0],"19":[0,0],"20":[0,0],"21":[0,0],"22":[0,0],"23":[0,0],"24":[0,0],"25":[0,0],"26":[0,0],"27":[0,0],"28":[0,0],"29":[0,0],"30":[0,0],"31":[0,0],"32":[0,0],"33":[0,0],"34":[0,0],"35":[0,0],"36":[0,0],"37":[0,0],"38":[0,0],"39":[0,0],"40":[0,0],"41":[0,0],"42":[0,0],"43":[0,0],"44":[0,0],"45":[0,0],"46":[0,0],"47":[0,0],"48":[0,0],"49":[0,0],"50":[0,0],"51":[0,0],"52":[0,0],"53":[0,0],"54":[0,0],"55":[0,0,0],"56":[0,0],"57":[0,0],"58":[0,0],"59":[0,0],"60":[0,0],"61":[0,0],"62":[0,0],"63":[0,0],"64":[0,0],"65":[0,0],"66":[0,0],"67":[0,0,0],"68":[0,0],"69":[0,0],"70":[0,0],"71":[0,0],"72":[0,0],"73":[0,0],"74":[0,0],"75":[0,0],"76":[0,0],"77":[0,0],"78":[0,0],"79":[0,0],"80":[0,0],"81":[0,0],"82":[0,0],"83":[0,0],"84":[0,0],"85":[0,0],"86":[0,0],"87":[0,0],"88":[0,0],"89":[0,0],"90":[0,0],"91":[0,0],"92":[1,0],"93":[1,1],"94":[0,1],"95":[0,1],"96":[0,0],"97":[0,0],"98":[0,0],"99":[0,0],"100":[0,0,0],"101":[0,0],"102":[0,0],"103":[0,0],"104":[0,0],"105":[0,0],"106":[0,0],"107":[0,0],"108":[0,0],"109":[0,0],"110":[0,0],"111":[0,0],"112":[0,0],"113":[0,0,0],"114":[0,0],"115":[0,0],"116":[0,0],"117":[1,0],"118":[0,0],"119":[0,0],"120":[0,0],"121":[0,0],"122":[0,0],"123":[0,0],"124":[0,0],"125":[0,0],"126":[0,0],"127":[0,0],"128":[0,0],"129":[0,0],"130":[0,0],"131":[0,0],"132":[0,0],"133":[0,0],"134":[0,0],"135":[0,0],"136":[0,0],"137":[0,0],"138":[0,0],"139":[0,0],"140":[0,0,0],"141":[0,0],"142":[0,0],"143":[0,0,0,0],"144":[0,0],"145":[0,0],"146":[0,0],"147":[0,0],"148":[0,0],"149":[0,0],"150":[0,0],"151":[0,0],"152":[0,0],"153":[0,0],"154":[0,0],"155":[0,0],"156":[0,0],"157":[0,0],"158":[0,0],"159":[0,0],"160":[0,0],"161":[0,0],"162":[0,0],"163":[0,0],"164":[0,0],"165":[0,0],"166":[0,0],"167":[0,0],"168":[0,0],"169":[0,0],"170":[0,0],"171":[0,0],"172":[0,0],"173":[0,0],"174":[0,0],"175":[0,0],"176":[0,0],"177":[0,0],"178":[0,0],"179":[0,0],"180":[0,0],"181":[0,0],"182":[0,0],"183":[0,0],"184":[0,0],"185":[0,0],"186":[0,0],"187":[0,0],"188":[0,0],"189":[0,0],"190":[0,0],"191":[0,0],"192":[0,0],"193":[0,0],"194":[0,0],"195":[0,0],"196":[0,0],"197":[0,0],"198":[0,0],"199":[0,0],"200":[0,0],"201":[0,0],"202":[0,0],"203":[0,0],"204":[0,0],"205":[0,0],"206":[0,0],"207":[0,0],"208":[0,0],"209":[0,0],"210":[0,0],"211":[0,0],"212":[0,0],"213":[0,0],"214":[0,0],"215":[0,0],"216":[0,0,0,0,0],"217":[0,0],"218":[0,0],"219":[0,0,0],"220":[0,0],"221":[0,0],"222":[0,0],"223":[0,0]},"_coverageSchema":"1a1c01bbd47fc00a2c39e90264f33305004495a9","hash":"066e7b71421e5611ae9bc7b773f38853bfa7cb52"}
}
