TN:
SF:dist/main.js
FN:5,(anonymous_0)
FN:78,(anonymous_1)
FN:99,(anonymous_2)
FN:118,(anonymous_3)
FN:119,(anonymous_4)
FN:132,(anonymous_5)
FN:138,(anonymous_6)
FN:157,(anonymous_7)
FN:164,(anonymous_8)
FN:170,(anonymous_9)
FN:196,(anonymous_10)
FN:200,(anonymous_11)
FN:209,(anonymous_12)
FN:229,(anonymous_13)
FN:235,(anonymous_14)
FN:254,(anonymous_15)
FN:262,(anonymous_16)
FN:272,(anonymous_17)
FN:278,(anonymous_18)
FN:316,(anonymous_19)
FN:419,(anonymous_20)
FN:485,(anonymous_21)
FN:497,(anonymous_22)
FN:505,(anonymous_23)
FN:533,(anonymous_24)
FN:538,(anonymous_25)
FN:570,(anonymous_26)
FN:602,(anonymous_27)
FN:624,(anonymous_28)
FN:659,(anonymous_29)
FN:668,(anonymous_30)
FN:716,(anonymous_31)
FN:752,(anonymous_32)
FN:760,(anonymous_33)
FN:773,(anonymous_34)
FN:780,(anonymous_35)
FN:789,(anonymous_36)
FN:811,(anonymous_37)
FN:824,(anonymous_38)
FN:890,(anonymous_39)
FN:1027,(anonymous_40)
FN:1043,(anonymous_41)
FN:1044,(anonymous_42)
FN:1059,(anonymous_43)
FN:1066,(anonymous_44)
FN:1076,(anonymous_45)
FN:1083,(anonymous_46)
FN:1094,(anonymous_47)
FN:1109,(anonymous_48)
FN:1144,(anonymous_49)
FN:1152,(anonymous_50)
FN:1168,(anonymous_51)
FN:1176,(anonymous_52)
FN:1193,(anonymous_53)
FN:1221,(anonymous_54)
FN:1246,(anonymous_55)
FN:1254,(anonymous_56)
FN:1262,(anonymous_57)
FN:1267,(anonymous_58)
FN:1272,(anonymous_59)
FN:1284,(anonymous_60)
FN:1305,(anonymous_61)
FN:1310,(anonymous_62)
FN:1322,(anonymous_63)
FN:1363,(anonymous_64)
FN:1417,(anonymous_65)
FN:1439,(anonymous_66)
FN:1447,(anonymous_67)
FN:1456,(anonymous_68)
FN:1467,(anonymous_69)
FN:1479,(anonymous_70)
FN:1491,(anonymous_71)
FN:1500,(anonymous_72)
FN:1512,(anonymous_73)
FN:1532,(anonymous_74)
FN:1544,(anonymous_75)
FN:1560,(anonymous_76)
FN:1571,(anonymous_77)
FN:1599,(anonymous_78)
FN:1625,(anonymous_79)
FN:1634,(anonymous_80)
FN:1649,(anonymous_81)
FN:1652,(anonymous_82)
FN:1655,(anonymous_83)
FN:1658,(anonymous_84)
FN:1661,(anonymous_85)
FN:1664,(anonymous_86)
FN:1667,(anonymous_87)
FN:1670,(anonymous_88)
FN:1673,(anonymous_89)
FN:1676,(anonymous_90)
FN:1679,(anonymous_91)
FN:1685,(anonymous_92)
FN:1693,(anonymous_93)
FN:1705,(anonymous_94)
FN:1706,(anonymous_95)
FN:1718,(anonymous_96)
FN:1743,(anonymous_97)
FN:1748,(anonymous_98)
FN:1758,(anonymous_99)
FN:1775,(anonymous_100)
FN:1778,(anonymous_101)
FN:1781,(anonymous_102)
FN:1788,(anonymous_103)
FN:1789,(anonymous_104)
FN:1801,(anonymous_105)
FN:1805,(anonymous_106)
FN:1806,(anonymous_107)
FN:1841,(anonymous_108)
FN:1846,(anonymous_109)
FN:1847,(anonymous_110)
FN:1881,(anonymous_111)
FN:1885,(anonymous_112)
FN:1909,(anonymous_113)
FN:1915,(anonymous_114)
FN:1916,(anonymous_115)
FN:1952,(anonymous_116)
FN:1960,(anonymous_117)
FN:1961,(anonymous_118)
FN:1962,(anonymous_119)
FN:1978,(anonymous_120)
FN:1980,(anonymous_121)
FN:1986,(anonymous_122)
FN:1994,(anonymous_123)
FN:1995,(anonymous_124)
FN:2003,(anonymous_125)
FN:2006,(anonymous_126)
FN:2007,(anonymous_127)
FN:2019,(anonymous_128)
FN:2035,(anonymous_129)
FN:2039,(anonymous_130)
FN:2049,(anonymous_131)
FN:2075,(anonymous_132)
FN:2079,(anonymous_133)
FN:2087,(anonymous_134)
FN:2093,(anonymous_135)
FN:2099,(anonymous_136)
FN:2102,(anonymous_137)
FN:2116,(anonymous_138)
FN:2120,(anonymous_139)
FN:2129,(anonymous_140)
FN:2134,(anonymous_141)
FN:2138,(anonymous_142)
FN:2147,(anonymous_143)
FN:2152,(anonymous_144)
FN:2158,(anonymous_145)
FN:2161,(anonymous_146)
FN:2164,(anonymous_147)
FNF:148
FNH:6
FNDA:0,(anonymous_0)
FNDA:0,(anonymous_1)
FNDA:0,(anonymous_2)
FNDA:0,(anonymous_3)
FNDA:0,(anonymous_4)
FNDA:0,(anonymous_5)
FNDA:0,(anonymous_6)
FNDA:0,(anonymous_7)
FNDA:0,(anonymous_8)
FNDA:0,(anonymous_9)
FNDA:0,(anonymous_10)
FNDA:0,(anonymous_11)
FNDA:0,(anonymous_12)
FNDA:0,(anonymous_13)
FNDA:0,(anonymous_14)
FNDA:0,(anonymous_15)
FNDA:0,(anonymous_16)
FNDA:0,(anonymous_17)
FNDA:0,(anonymous_18)
FNDA:0,(anonymous_19)
FNDA:0,(anonymous_20)
FNDA:0,(anonymous_21)
FNDA:0,(anonymous_22)
FNDA:0,(anonymous_23)
FNDA:0,(anonymous_24)
FNDA:0,(anonymous_25)
FNDA:0,(anonymous_26)
FNDA:0,(anonymous_27)
FNDA:0,(anonymous_28)
FNDA:0,(anonymous_29)
FNDA:0,(anonymous_30)
FNDA:0,(anonymous_31)
FNDA:0,(anonymous_32)
FNDA:0,(anonymous_33)
FNDA:0,(anonymous_34)
FNDA:0,(anonymous_35)
FNDA:0,(anonymous_36)
FNDA:0,(anonymous_37)
FNDA:1,(anonymous_38)
FNDA:0,(anonymous_39)
FNDA:1,(anonymous_40)
FNDA:1,(anonymous_41)
FNDA:0,(anonymous_42)
FNDA:1,(anonymous_43)
FNDA:0,(anonymous_44)
FNDA:0,(anonymous_45)
FNDA:0,(anonymous_46)
FNDA:0,(anonymous_47)
FNDA:0,(anonymous_48)
FNDA:0,(anonymous_49)
FNDA:0,(anonymous_50)
FNDA:0,(anonymous_51)
FNDA:0,(anonymous_52)
FNDA:0,(anonymous_53)
FNDA:0,(anonymous_54)
FNDA:0,(anonymous_55)
FNDA:0,(anonymous_56)
FNDA:0,(anonymous_57)
FNDA:0,(anonymous_58)
FNDA:0,(anonymous_59)
FNDA:0,(anonymous_60)
FNDA:0,(anonymous_61)
FNDA:0,(anonymous_62)
FNDA:0,(anonymous_63)
FNDA:0,(anonymous_64)
FNDA:0,(anonymous_65)
FNDA:0,(anonymous_66)
FNDA:0,(anonymous_67)
FNDA:0,(anonymous_68)
FNDA:0,(anonymous_69)
FNDA:0,(anonymous_70)
FNDA:0,(anonymous_71)
FNDA:0,(anonymous_72)
FNDA:0,(anonymous_73)
FNDA:0,(anonymous_74)
FNDA:0,(anonymous_75)
FNDA:0,(anonymous_76)
FNDA:0,(anonymous_77)
FNDA:0,(anonymous_78)
FNDA:0,(anonymous_79)
FNDA:0,(anonymous_80)
FNDA:0,(anonymous_81)
FNDA:0,(anonymous_82)
FNDA:0,(anonymous_83)
FNDA:0,(anonymous_84)
FNDA:0,(anonymous_85)
FNDA:0,(anonymous_86)
FNDA:0,(anonymous_87)
FNDA:0,(anonymous_88)
FNDA:0,(anonymous_89)
FNDA:0,(anonymous_90)
FNDA:0,(anonymous_91)
FNDA:1,(anonymous_92)
FNDA:0,(anonymous_93)
FNDA:0,(anonymous_94)
FNDA:0,(anonymous_95)
FNDA:0,(anonymous_96)
FNDA:0,(anonymous_97)
FNDA:0,(anonymous_98)
FNDA:0,(anonymous_99)
FNDA:0,(anonymous_100)
FNDA:0,(anonymous_101)
FNDA:0,(anonymous_102)
FNDA:1,(anonymous_103)
FNDA:0,(anonymous_104)
FNDA:0,(anonymous_105)
FNDA:0,(anonymous_106)
FNDA:0,(anonymous_107)
FNDA:0,(anonymous_108)
FNDA:0,(anonymous_109)
FNDA:0,(anonymous_110)
FNDA:0,(anonymous_111)
FNDA:0,(anonymous_112)
FNDA:0,(anonymous_113)
FNDA:0,(anonymous_114)
FNDA:0,(anonymous_115)
FNDA:0,(anonymous_116)
FNDA:0,(anonymous_117)
FNDA:0,(anonymous_118)
FNDA:0,(anonymous_119)
FNDA:0,(anonymous_120)
FNDA:0,(anonymous_121)
FNDA:0,(anonymous_122)
FNDA:0,(anonymous_123)
FNDA:0,(anonymous_124)
FNDA:0,(anonymous_125)
FNDA:0,(anonymous_126)
FNDA:0,(anonymous_127)
FNDA:0,(anonymous_128)
FNDA:0,(anonymous_129)
FNDA:0,(anonymous_130)
FNDA:0,(anonymous_131)
FNDA:0,(anonymous_132)
FNDA:0,(anonymous_133)
FNDA:0,(anonymous_134)
FNDA:0,(anonymous_135)
FNDA:0,(anonymous_136)
FNDA:0,(anonymous_137)
FNDA:0,(anonymous_138)
FNDA:0,(anonymous_139)
FNDA:0,(anonymous_140)
FNDA:0,(anonymous_141)
FNDA:0,(anonymous_142)
FNDA:0,(anonymous_143)
FNDA:0,(anonymous_144)
FNDA:0,(anonymous_145)
FNDA:0,(anonymous_146)
FNDA:0,(anonymous_147)
DA:1,1
DA:6,0
DA:7,0
DA:8,0
DA:9,0
DA:10,0
DA:11,0
DA:12,0
DA:13,0
DA:14,0
DA:16,0
DA:17,0
DA:18,0
DA:19,0
DA:20,0
DA:21,0
DA:22,0
DA:23,0
DA:24,0
DA:25,0
DA:26,0
DA:27,0
DA:28,0
DA:29,0
DA:30,0
DA:32,0
DA:33,0
DA:34,0
DA:35,0
DA:36,0
DA:42,0
DA:44,0
DA:50,0
DA:52,0
DA:55,0
DA:58,0
DA:59,0
DA:61,0
DA:64,0
DA:73,0
DA:75,0
DA:78,0
DA:79,0
DA:80,0
DA:81,0
DA:82,0
DA:87,0
DA:88,0
DA:94,0
DA:96,0
DA:102,0
DA:103,0
DA:104,0
DA:105,0
DA:108,0
DA:119,0
DA:120,0
DA:121,0
DA:122,0
DA:124,0
DA:126,0
DA:132,0
DA:133,0
DA:134,0
DA:138,0
DA:139,0
DA:140,0
DA:143,0
DA:148,0
DA:150,0
DA:151,0
DA:153,0
DA:154,0
DA:157,0
DA:158,0
DA:159,0
DA:160,0
DA:165,0
DA:167,0
DA:171,0
DA:172,0
DA:173,0
DA:174,0
DA:176,0
DA:178,0
DA:180,0
DA:182,0
DA:184,0
DA:186,0
DA:190,0
DA:191,0
DA:196,0
DA:197,0
DA:201,0
DA:202,0
DA:205,0
DA:206,0
DA:210,0
DA:211,0
DA:212,0
DA:213,0
DA:214,0
DA:215,0
DA:219,0
DA:220,0
DA:223,0
DA:230,0
DA:232,0
DA:236,0
DA:237,0
DA:238,0
DA:240,0
DA:244,0
DA:245,0
DA:246,0
DA:249,0
DA:253,0
DA:254,0
DA:255,0
DA:256,0
DA:257,0
DA:258,0
DA:259,0
DA:263,0
DA:272,0
DA:273,0
DA:274,0
DA:279,0
DA:280,0
DA:281,0
DA:282,0
DA:283,0
DA:285,0
DA:288,0
DA:289,0
DA:290,0
DA:291,0
DA:292,0
DA:293,0
DA:294,0
DA:295,0
DA:296,0
DA:298,0
DA:299,0
DA:301,0
DA:307,0
DA:309,0
DA:310,0
DA:311,0
DA:312,0
DA:317,0
DA:318,0
DA:319,0
DA:323,0
DA:324,0
DA:325,0
DA:327,0
DA:328,0
DA:329,0
DA:332,0
DA:336,0
DA:341,0
DA:345,0
DA:349,0
DA:353,0
DA:354,0
DA:356,0
DA:360,0
DA:367,0
DA:369,0
DA:370,0
DA:371,0
DA:372,0
DA:374,0
DA:376,0
DA:377,0
DA:378,0
DA:380,0
DA:384,0
DA:385,0
DA:386,0
DA:392,0
DA:394,0
DA:397,0
DA:400,0
DA:401,0
DA:403,0
DA:404,0
DA:407,0
DA:408,0
DA:411,0
DA:414,0
DA:417,0
DA:420,0
DA:426,0
DA:427,0
DA:430,0
DA:431,0
DA:434,0
DA:435,0
DA:440,0
DA:443,0
DA:444,0
DA:445,0
DA:446,0
DA:449,0
DA:452,0
DA:458,0
DA:460,0
DA:461,0
DA:463,0
DA:464,0
DA:465,0
DA:469,0
DA:470,0
DA:471,0
DA:472,0
DA:475,0
DA:476,0
DA:479,0
DA:480,0
DA:481,0
DA:486,0
DA:487,0
DA:488,0
DA:489,0
DA:490,0
DA:491,0
DA:492,0
DA:493,0
DA:494,0
DA:497,0
DA:498,0
DA:499,0
DA:502,0
DA:506,0
DA:508,0
DA:509,0
DA:512,0
DA:513,0
DA:514,0
DA:516,0
DA:520,0
DA:528,0
DA:529,0
DA:530,0
DA:534,0
DA:540,0
DA:541,0
DA:545,0
DA:548,0
DA:549,0
DA:554,0
DA:555,0
DA:558,0
DA:563,0
DA:567,0
DA:571,0
DA:572,0
DA:573,0
DA:574,0
DA:575,0
DA:578,0
DA:579,0
DA:580,0
DA:582,0
DA:583,0
DA:584,0
DA:585,0
DA:587,0
DA:588,0
DA:589,0
DA:590,0
DA:591,0
DA:592,0
DA:593,0
DA:594,0
DA:598,0
DA:599,0
DA:604,0
DA:612,0
DA:613,0
DA:614,0
DA:615,0
DA:616,0
DA:619,0
DA:620,0
DA:621,0
DA:625,0
DA:626,0
DA:628,0
DA:632,0
DA:638,0
DA:642,0
DA:646,0
DA:650,0
DA:651,0
DA:660,0
DA:661,0
DA:662,0
DA:663,0
DA:664,0
DA:670,0
DA:672,0
DA:673,0
DA:674,0
DA:675,0
DA:676,0
DA:677,0
DA:678,0
DA:679,0
DA:680,0
DA:682,0
DA:683,0
DA:684,0
DA:685,0
DA:686,0
DA:695,0
DA:696,0
DA:700,0
DA:701,0
DA:702,0
DA:703,0
DA:707,0
DA:708,0
DA:709,0
DA:710,0
DA:711,0
DA:714,0
DA:717,0
DA:718,0
DA:719,0
DA:724,0
DA:725,0
DA:728,0
DA:732,0
DA:733,0
DA:734,0
DA:737,0
DA:738,0
DA:739,0
DA:740,0
DA:741,0
DA:746,0
DA:747,0
DA:749,0
DA:753,0
DA:754,0
DA:755,0
DA:761,0
DA:762,0
DA:763,0
DA:765,0
DA:770,0
DA:774,0
DA:781,0
DA:790,0
DA:791,0
DA:792,0
DA:793,0
DA:795,0
DA:796,0
DA:797,0
DA:798,0
DA:799,0
DA:801,0
DA:802,0
DA:803,0
DA:804,0
DA:805,0
DA:811,1
DA:812,0
DA:813,0
DA:815,0
DA:816,0
DA:818,0
DA:819,0
DA:821,0
DA:824,1
DA:825,1
DA:831,1
DA:835,1
DA:836,1
DA:837,1
DA:838,1
DA:839,0
DA:843,1
DA:852,1
DA:853,0
DA:855,0
DA:867,1
DA:873,1
DA:874,4
DA:875,4
DA:876,4
DA:888,1
DA:890,1
DA:891,0
DA:892,0
DA:894,0
DA:896,0
DA:897,0
DA:898,0
DA:899,0
DA:900,0
DA:902,0
DA:906,0
DA:907,0
DA:909,0
DA:910,0
DA:915,0
DA:918,0
DA:919,0
DA:922,0
DA:928,0
DA:929,0
DA:933,0
DA:934,0
DA:935,0
DA:937,0
DA:941,0
DA:942,0
DA:943,0
DA:946,0
DA:949,0
DA:952,0
DA:955,0
DA:956,0
DA:957,0
DA:959,0
DA:962,0
DA:965,0
DA:967,0
DA:970,0
DA:971,0
DA:972,0
DA:975,0
DA:978,0
DA:981,0
DA:982,0
DA:983,0
DA:986,0
DA:989,0
DA:993,0
DA:998,0
DA:999,0
DA:1002,0
DA:1003,0
DA:1004,0
DA:1005,0
DA:1008,0
DA:1015,0
DA:1018,0
DA:1019,0
DA:1020,0
DA:1021,0
DA:1022,0
DA:1023,0
DA:1024,0
DA:1027,1
DA:1028,1
DA:1029,1
DA:1030,1
DA:1031,1
DA:1032,1
DA:1033,1
DA:1034,1
DA:1035,1
DA:1037,1
DA:1038,1
DA:1039,1
DA:1043,1
DA:1044,1
DA:1045,0
DA:1046,0
DA:1047,0
DA:1048,0
DA:1050,0
DA:1051,0
DA:1053,0
DA:1054,0
DA:1059,1
DA:1066,1
DA:1067,0
DA:1068,0
DA:1069,0
DA:1070,0
DA:1071,0
DA:1072,0
DA:1073,0
DA:1076,1
DA:1077,0
DA:1078,0
DA:1080,0
DA:1084,0
DA:1085,0
DA:1086,0
DA:1087,0
DA:1088,0
DA:1091,0
DA:1095,0
DA:1096,0
DA:1097,0
DA:1098,0
DA:1099,0
DA:1100,0
DA:1101,0
DA:1102,0
DA:1104,0
DA:1109,1
DA:1110,0
DA:1111,0
DA:1112,0
DA:1113,0
DA:1117,0
DA:1118,0
DA:1120,0
DA:1124,0
DA:1125,0
DA:1130,0
DA:1131,0
DA:1137,0
DA:1140,0
DA:1141,0
DA:1142,0
DA:1144,0
DA:1145,0
DA:1146,0
DA:1147,0
DA:1149,0
DA:1153,0
DA:1154,0
DA:1155,0
DA:1156,0
DA:1157,0
DA:1158,0
DA:1159,0
DA:1161,0
DA:1165,0
DA:1169,0
DA:1170,0
DA:1171,0
DA:1174,0
DA:1177,0
DA:1181,0
DA:1182,0
DA:1183,0
DA:1184,0
DA:1191,0
DA:1194,0
DA:1195,0
DA:1196,0
DA:1197,0
DA:1198,0
DA:1199,0
DA:1200,0
DA:1201,0
DA:1202,0
DA:1204,0
DA:1207,0
DA:1208,0
DA:1209,0
DA:1217,0
DA:1218,0
DA:1222,0
DA:1223,0
DA:1224,0
DA:1225,0
DA:1230,0
DA:1231,0
DA:1238,0
DA:1247,0
DA:1254,1
DA:1255,0
DA:1263,0
DA:1264,0
DA:1265,0
DA:1266,0
DA:1267,0
DA:1268,0
DA:1269,0
DA:1272,0
DA:1273,0
DA:1274,0
DA:1278,0
DA:1284,1
DA:1285,0
DA:1286,0
DA:1287,0
DA:1288,0
DA:1290,0
DA:1291,0
DA:1293,0
DA:1295,0
DA:1297,0
DA:1298,0
DA:1300,0
DA:1301,0
DA:1305,1
DA:1306,0
DA:1307,0
DA:1310,1
DA:1311,0
DA:1313,0
DA:1314,0
DA:1316,0
DA:1319,0
DA:1322,1
DA:1323,0
DA:1324,0
DA:1325,0
DA:1327,0
DA:1328,0
DA:1329,0
DA:1331,0
DA:1332,0
DA:1334,0
DA:1336,0
DA:1337,0
DA:1338,0
DA:1340,0
DA:1341,0
DA:1343,0
DA:1345,0
DA:1346,0
DA:1348,0
DA:1350,0
DA:1352,0
DA:1353,0
DA:1354,0
DA:1355,0
DA:1357,0
DA:1358,0
DA:1360,0
DA:1363,1
DA:1365,0
DA:1369,0
DA:1370,0
DA:1371,0
DA:1372,0
DA:1373,0
DA:1374,0
DA:1375,0
DA:1376,0
DA:1377,0
DA:1379,0
DA:1380,0
DA:1381,0
DA:1382,0
DA:1383,0
DA:1384,0
DA:1385,0
DA:1387,0
DA:1388,0
DA:1389,0
DA:1390,0
DA:1391,0
DA:1393,0
DA:1394,0
DA:1395,0
DA:1397,0
DA:1401,0
DA:1402,0
DA:1403,0
DA:1405,0
DA:1406,0
DA:1409,0
DA:1410,0
DA:1411,0
DA:1418,0
DA:1419,0
DA:1420,0
DA:1422,0
DA:1424,0
DA:1430,0
DA:1432,0
DA:1433,0
DA:1435,0
DA:1440,0
DA:1441,0
DA:1447,1
DA:1448,0
DA:1449,0
DA:1457,0
DA:1458,0
DA:1468,0
DA:1471,0
DA:1474,0
DA:1479,1
DA:1480,0
DA:1485,0
DA:1491,1
DA:1492,0
DA:1493,0
DA:1501,0
DA:1502,0
DA:1503,0
DA:1504,0
DA:1505,0
DA:1506,0
DA:1509,0
DA:1513,0
DA:1514,0
DA:1515,0
DA:1516,0
DA:1517,0
DA:1519,0
DA:1524,0
DA:1525,0
DA:1526,0
DA:1527,0
DA:1532,1
DA:1533,0
DA:1545,0
DA:1546,0
DA:1557,0
DA:1558,0
DA:1561,0
DA:1564,0
DA:1570,1
DA:1571,1
DA:1572,0
DA:1573,0
DA:1574,0
DA:1581,0
DA:1583,0
DA:1584,0
DA:1591,0
DA:1592,0
DA:1600,0
DA:1601,0
DA:1602,0
DA:1609,0
DA:1611,0
DA:1612,0
DA:1617,0
DA:1626,0
DA:1627,0
DA:1631,0
DA:1635,0
DA:1636,0
DA:1637,0
DA:1648,1
DA:1650,0
DA:1653,0
DA:1656,0
DA:1659,0
DA:1662,0
DA:1665,0
DA:1668,0
DA:1671,0
DA:1674,0
DA:1677,0
DA:1680,0
DA:1685,1
DA:1687,1
DA:1693,1
DA:1694,0
DA:1695,0
DA:1696,0
DA:1697,0
DA:1698,0
DA:1700,0
DA:1706,0
DA:1707,0
DA:1708,0
DA:1709,0
DA:1710,0
DA:1712,0
DA:1718,0
DA:1719,0
DA:1720,0
DA:1721,0
DA:1723,0
DA:1725,0
DA:1726,0
DA:1727,0
DA:1728,0
DA:1730,0
DA:1731,0
DA:1733,0
DA:1735,0
DA:1736,0
DA:1737,0
DA:1738,0
DA:1743,1
DA:1744,0
DA:1745,0
DA:1748,1
DA:1749,0
DA:1750,0
DA:1751,0
DA:1752,0
DA:1759,0
DA:1760,0
DA:1761,0
DA:1762,0
DA:1763,0
DA:1766,0
DA:1767,0
DA:1774,1
DA:1776,0
DA:1779,0
DA:1782,0
DA:1788,1
DA:1789,1
DA:1790,1
DA:1791,1
DA:1792,1
DA:1794,1
DA:1795,1
DA:1796,1
DA:1797,1
DA:1798,1
DA:1801,1
DA:1802,0
DA:1803,0
DA:1804,0
DA:1805,0
DA:1806,0
DA:1807,0
DA:1808,0
DA:1810,0
DA:1813,0
DA:1814,0
DA:1815,0
DA:1816,0
DA:1817,0
DA:1818,0
DA:1819,0
DA:1820,0
DA:1821,0
DA:1822,0
DA:1823,0
DA:1824,0
DA:1827,0
DA:1828,0
DA:1829,0
DA:1830,0
DA:1831,0
DA:1832,0
DA:1833,0
DA:1834,0
DA:1835,0
DA:1841,1
DA:1842,0
DA:1843,0
DA:1844,0
DA:1845,0
DA:1846,0
DA:1847,0
DA:1848,0
DA:1850,0
DA:1851,0
DA:1852,0
DA:1853,0
DA:1854,0
DA:1855,0
DA:1856,0
DA:1857,0
DA:1858,0
DA:1861,0
DA:1862,0
DA:1863,0
DA:1864,0
DA:1865,0
DA:1866,0
DA:1867,0
DA:1868,0
DA:1869,0
DA:1870,0
DA:1871,0
DA:1872,0
DA:1873,0
DA:1874,0
DA:1875,0
DA:1881,1
DA:1882,0
DA:1883,0
DA:1884,0
DA:1885,0
DA:1886,0
DA:1887,0
DA:1888,0
DA:1889,0
DA:1890,0
DA:1891,0
DA:1892,0
DA:1893,0
DA:1894,0
DA:1895,0
DA:1896,0
DA:1897,0
DA:1898,0
DA:1900,0
DA:1901,0
DA:1902,0
DA:1903,0
DA:1904,0
DA:1909,1
DA:1910,0
DA:1911,0
DA:1912,0
DA:1913,0
DA:1914,0
DA:1915,0
DA:1916,0
DA:1917,0
DA:1918,0
DA:1921,0
DA:1922,0
DA:1923,0
DA:1924,0
DA:1925,0
DA:1926,0
DA:1927,0
DA:1928,0
DA:1929,0
DA:1930,0
DA:1931,0
DA:1932,0
DA:1933,0
DA:1934,0
DA:1935,0
DA:1936,0
DA:1937,0
DA:1938,0
DA:1939,0
DA:1942,0
DA:1943,0
DA:1944,0
DA:1945,0
DA:1946,0
DA:1952,1
DA:1953,0
DA:1954,0
DA:1955,0
DA:1956,0
DA:1957,0
DA:1958,0
DA:1960,0
DA:1961,0
DA:1962,0
DA:1963,0
DA:1964,0
DA:1965,0
DA:1966,0
DA:1967,0
DA:1969,0
DA:1970,0
DA:1971,0
DA:1972,0
DA:1974,0
DA:1978,0
DA:1979,0
DA:1980,0
DA:1981,0
DA:1982,0
DA:1983,0
DA:1986,0
DA:1987,0
DA:1988,0
DA:1989,0
DA:1994,0
DA:1995,0
DA:1996,0
DA:1998,0
DA:1999,0
DA:2003,1
DA:2004,0
DA:2005,0
DA:2006,0
DA:2007,0
DA:2008,0
DA:2009,0
DA:2010,0
DA:2011,0
DA:2012,0
DA:2013,0
DA:2019,1
DA:2020,0
DA:2021,0
DA:2022,0
DA:2028,0
DA:2029,0
DA:2031,0
DA:2035,1
DA:2036,0
DA:2037,0
DA:2038,0
DA:2039,0
DA:2040,0
DA:2041,0
DA:2042,0
DA:2043,0
DA:2044,0
DA:2050,0
DA:2051,0
DA:2052,0
DA:2053,0
DA:2054,0
DA:2056,0
DA:2057,0
DA:2059,0
DA:2060,0
DA:2062,0
DA:2063,0
DA:2065,0
DA:2066,0
DA:2068,0
DA:2070,0
DA:2076,0
DA:2077,0
DA:2080,0
DA:2081,0
DA:2082,0
DA:2093,1
DA:2094,0
DA:2100,0
DA:2101,0
DA:2102,0
DA:2104,0
DA:2105,0
DA:2106,0
DA:2107,0
DA:2108,0
DA:2109,0
DA:2110,0
DA:2111,0
DA:2112,0
DA:2120,1
DA:2121,0
DA:2122,0
DA:2123,0
DA:2130,0
DA:2131,0
DA:2138,1
DA:2139,0
DA:2140,0
DA:2141,0
DA:2148,0
DA:2149,0
DA:2157,1
DA:2159,0
DA:2162,0
DA:2165,0
LF:1046
LH:77
BRDA:14,0,0,0
BRDA:14,0,1,0
BRDA:36,1,0,0
BRDA:36,1,1,0
BRDA:44,2,0,0
BRDA:44,2,1,0
BRDA:58,3,0,0
BRDA:58,3,1,0
BRDA:64,4,0,0
BRDA:64,4,1,0
BRDA:65,5,0,0
BRDA:65,5,1,0
BRDA:65,5,2,0
BRDA:65,5,3,0
BRDA:65,5,4,0
BRDA:65,5,5,0
BRDA:65,5,6,0
BRDA:80,6,0,0
BRDA:80,6,1,0
BRDA:81,7,0,0
BRDA:81,7,1,0
BRDA:87,8,0,0
BRDA:87,8,1,0
BRDA:104,9,0,0
BRDA:104,9,1,0
BRDA:120,10,0,0
BRDA:120,10,1,0
BRDA:134,11,0,0
BRDA:134,11,1,0
BRDA:139,12,0,0
BRDA:139,12,1,0
BRDA:148,13,0,0
BRDA:148,13,1,0
BRDA:171,14,0,0
BRDA:171,14,1,0
BRDA:174,15,0,0
BRDA:174,15,1,0
BRDA:205,16,0,0
BRDA:205,16,1,0
BRDA:212,17,0,0
BRDA:212,17,1,0
BRDA:214,18,0,0
BRDA:214,18,1,0
BRDA:236,19,0,0
BRDA:236,19,1,0
BRDA:237,20,0,0
BRDA:237,20,1,0
BRDA:258,21,0,0
BRDA:258,21,1,0
BRDA:285,22,0,0
BRDA:285,22,1,0
BRDA:301,23,0,0
BRDA:301,23,1,0
BRDA:319,24,0,0
BRDA:319,24,1,0
BRDA:320,25,0,0
BRDA:320,25,1,0
BRDA:323,26,0,0
BRDA:323,26,1,0
BRDA:327,27,0,0
BRDA:327,27,1,0
BRDA:327,28,0,0
BRDA:327,28,1,0
BRDA:341,29,0,0
BRDA:341,29,1,0
BRDA:367,30,0,0
BRDA:367,30,1,0
BRDA:371,31,0,0
BRDA:371,31,1,0
BRDA:374,32,0,0
BRDA:374,32,1,0
BRDA:380,33,0,0
BRDA:380,33,1,0
BRDA:381,34,0,0
BRDA:381,34,1,0
BRDA:400,35,0,0
BRDA:400,35,1,0
BRDA:403,36,0,0
BRDA:403,36,1,0
BRDA:407,37,0,0
BRDA:407,37,1,0
BRDA:426,38,0,0
BRDA:426,38,1,0
BRDA:430,39,0,0
BRDA:430,39,1,0
BRDA:434,40,0,0
BRDA:434,40,1,0
BRDA:444,41,0,0
BRDA:444,41,1,0
BRDA:444,42,0,0
BRDA:444,42,1,0
BRDA:460,43,0,0
BRDA:460,43,1,0
BRDA:470,44,0,0
BRDA:470,44,1,0
BRDA:508,45,0,0
BRDA:508,45,1,0
BRDA:509,46,0,0
BRDA:509,46,1,0
BRDA:512,47,0,0
BRDA:512,47,1,0
BRDA:513,48,0,0
BRDA:513,48,1,0
BRDA:513,49,0,0
BRDA:513,49,1,0
BRDA:514,50,0,0
BRDA:514,50,1,0
BRDA:516,51,0,0
BRDA:516,51,1,0
BRDA:540,52,0,0
BRDA:540,52,1,0
BRDA:541,53,0,0
BRDA:541,53,1,0
BRDA:554,54,0,0
BRDA:554,54,1,0
BRDA:575,55,0,0
BRDA:575,55,1,0
BRDA:575,55,2,0
BRDA:598,56,0,0
BRDA:598,56,1,0
BRDA:615,57,0,0
BRDA:615,57,1,0
BRDA:616,58,0,0
BRDA:616,58,1,0
BRDA:619,59,0,0
BRDA:619,59,1,0
BRDA:625,60,0,0
BRDA:625,60,1,0
BRDA:632,61,0,0
BRDA:632,61,1,0
BRDA:642,62,0,0
BRDA:642,62,1,0
BRDA:663,63,0,0
BRDA:663,63,1,0
BRDA:670,64,0,0
BRDA:670,64,1,0
BRDA:676,65,0,0
BRDA:676,65,1,0
BRDA:682,66,0,0
BRDA:682,66,1,0
BRDA:682,67,0,0
BRDA:682,67,1,0
BRDA:682,67,2,0
BRDA:683,68,0,0
BRDA:683,68,1,0
BRDA:683,69,0,0
BRDA:683,69,1,0
BRDA:684,70,0,0
BRDA:684,70,1,0
BRDA:695,71,0,0
BRDA:695,71,1,0
BRDA:696,72,0,0
BRDA:696,72,1,0
BRDA:697,73,0,0
BRDA:697,73,1,0
BRDA:700,74,0,0
BRDA:700,74,1,0
BRDA:707,75,0,0
BRDA:707,75,1,0
BRDA:707,76,0,0
BRDA:707,76,1,0
BRDA:708,77,0,0
BRDA:708,77,1,0
BRDA:717,78,0,0
BRDA:717,78,1,0
BRDA:718,79,0,0
BRDA:718,79,1,0
BRDA:724,80,0,0
BRDA:724,80,1,0
BRDA:725,81,0,0
BRDA:725,81,1,0
BRDA:732,82,0,0
BRDA:732,82,1,0
BRDA:737,83,0,0
BRDA:737,83,1,0
BRDA:738,84,0,0
BRDA:738,84,1,0
BRDA:746,85,0,0
BRDA:746,85,1,0
BRDA:754,86,0,0
BRDA:754,86,1,0
BRDA:761,87,0,0
BRDA:761,87,1,0
BRDA:791,88,0,0
BRDA:791,88,1,0
BRDA:793,89,0,0
BRDA:793,89,1,0
BRDA:793,90,0,0
BRDA:793,90,1,0
BRDA:813,91,0,0
BRDA:813,91,1,0
BRDA:831,92,0,1
BRDA:831,92,1,0
BRDA:832,93,0,1
BRDA:832,93,1,1
BRDA:838,94,0,0
BRDA:838,94,1,1
BRDA:852,95,0,0
BRDA:852,95,1,1
BRDA:894,96,0,0
BRDA:894,96,1,0
BRDA:899,97,0,0
BRDA:899,97,1,0
BRDA:902,98,0,0
BRDA:902,98,1,0
BRDA:910,99,0,0
BRDA:910,99,1,0
BRDA:911,100,0,0
BRDA:911,100,1,0
BRDA:911,100,2,0
BRDA:918,101,0,0
BRDA:918,101,1,0
BRDA:929,102,0,0
BRDA:929,102,1,0
BRDA:930,103,0,0
BRDA:930,103,1,0
BRDA:942,104,0,0
BRDA:942,104,1,0
BRDA:943,105,0,0
BRDA:943,105,1,0
BRDA:955,106,0,0
BRDA:955,106,1,0
BRDA:956,107,0,0
BRDA:956,107,1,0
BRDA:970,108,0,0
BRDA:970,108,1,0
BRDA:971,109,0,0
BRDA:971,109,1,0
BRDA:981,110,0,0
BRDA:981,110,1,0
BRDA:982,111,0,0
BRDA:982,111,1,0
BRDA:993,112,0,0
BRDA:993,112,1,0
BRDA:994,113,0,0
BRDA:994,113,1,0
BRDA:994,113,2,0
BRDA:998,114,0,0
BRDA:998,114,1,0
BRDA:1002,115,0,0
BRDA:1002,115,1,0
BRDA:1004,116,0,0
BRDA:1004,116,1,0
BRDA:1037,117,0,1
BRDA:1037,117,1,0
BRDA:1045,118,0,0
BRDA:1045,118,1,0
BRDA:1046,119,0,0
BRDA:1046,119,1,0
BRDA:1096,120,0,0
BRDA:1096,120,1,0
BRDA:1110,121,0,0
BRDA:1110,121,1,0
BRDA:1111,122,0,0
BRDA:1111,122,1,0
BRDA:1117,123,0,0
BRDA:1117,123,1,0
BRDA:1124,124,0,0
BRDA:1124,124,1,0
BRDA:1130,125,0,0
BRDA:1130,125,1,0
BRDA:1141,126,0,0
BRDA:1141,126,1,0
BRDA:1153,127,0,0
BRDA:1153,127,1,0
BRDA:1177,128,0,0
BRDA:1177,128,1,0
BRDA:1178,129,0,0
BRDA:1178,129,1,0
BRDA:1181,130,0,0
BRDA:1181,130,1,0
BRDA:1194,131,0,0
BRDA:1194,131,1,0
BRDA:1195,132,0,0
BRDA:1195,132,1,0
BRDA:1197,133,0,0
BRDA:1197,133,1,0
BRDA:1202,134,0,0
BRDA:1202,134,1,0
BRDA:1217,135,0,0
BRDA:1217,135,1,0
BRDA:1230,136,0,0
BRDA:1230,136,1,0
BRDA:1263,137,0,0
BRDA:1263,137,1,0
BRDA:1268,138,0,0
BRDA:1268,138,1,0
BRDA:1273,139,0,0
BRDA:1273,139,1,0
BRDA:1288,140,0,0
BRDA:1288,140,1,0
BRDA:1288,140,2,0
BRDA:1290,141,0,0
BRDA:1290,141,1,0
BRDA:1313,142,0,0
BRDA:1313,142,1,0
BRDA:1325,143,0,0
BRDA:1325,143,1,0
BRDA:1325,143,2,0
BRDA:1325,143,3,0
BRDA:1327,144,0,0
BRDA:1327,144,1,0
BRDA:1336,145,0,0
BRDA:1336,145,1,0
BRDA:1345,146,0,0
BRDA:1345,146,1,0
BRDA:1352,147,0,0
BRDA:1352,147,1,0
BRDA:1369,148,0,0
BRDA:1369,148,1,0
BRDA:1372,149,0,0
BRDA:1372,149,1,0
BRDA:1375,150,0,0
BRDA:1375,150,1,0
BRDA:1379,151,0,0
BRDA:1379,151,1,0
BRDA:1383,152,0,0
BRDA:1383,152,1,0
BRDA:1387,153,0,0
BRDA:1387,153,1,0
BRDA:1387,154,0,0
BRDA:1387,154,1,0
BRDA:1390,155,0,0
BRDA:1390,155,1,0
BRDA:1393,156,0,0
BRDA:1393,156,1,0
BRDA:1397,157,0,0
BRDA:1397,157,1,0
BRDA:1398,158,0,0
BRDA:1398,158,1,0
BRDA:1402,159,0,0
BRDA:1402,159,1,0
BRDA:1405,160,0,0
BRDA:1405,160,1,0
BRDA:1419,161,0,0
BRDA:1419,161,1,0
BRDA:1420,162,0,0
BRDA:1420,162,1,0
BRDA:1420,163,0,0
BRDA:1420,163,1,0
BRDA:1432,164,0,0
BRDA:1432,164,1,0
BRDA:1457,165,0,0
BRDA:1457,165,1,0
BRDA:1501,166,0,0
BRDA:1501,166,1,0
BRDA:1505,167,0,0
BRDA:1505,167,1,0
BRDA:1505,168,0,0
BRDA:1505,168,1,0
BRDA:1545,169,0,0
BRDA:1545,169,1,0
BRDA:1573,170,0,0
BRDA:1573,170,1,0
BRDA:1609,171,0,0
BRDA:1609,171,1,0
BRDA:1707,172,0,0
BRDA:1707,172,1,0
BRDA:1719,173,0,0
BRDA:1719,173,1,0
BRDA:1720,174,0,0
BRDA:1720,174,1,0
BRDA:1730,175,0,0
BRDA:1730,175,1,0
BRDA:1749,176,0,0
BRDA:1749,176,1,0
BRDA:1759,177,0,0
BRDA:1759,177,1,0
BRDA:1761,178,0,0
BRDA:1761,178,1,0
BRDA:1807,179,0,0
BRDA:1807,179,1,0
BRDA:1813,180,0,0
BRDA:1813,180,1,0
BRDA:1817,181,0,0
BRDA:1817,181,1,0
BRDA:1821,182,0,0
BRDA:1821,182,1,0
BRDA:1827,183,0,0
BRDA:1827,183,1,0
BRDA:1830,184,0,0
BRDA:1830,184,1,0
BRDA:1833,185,0,0
BRDA:1833,185,1,0
BRDA:1850,186,0,0
BRDA:1850,186,1,0
BRDA:1853,187,0,0
BRDA:1853,187,1,0
BRDA:1853,188,0,0
BRDA:1853,188,1,0
BRDA:1856,189,0,0
BRDA:1856,189,1,0
BRDA:1861,190,0,0
BRDA:1861,190,1,0
BRDA:1866,191,0,0
BRDA:1866,191,1,0
BRDA:1871,192,0,0
BRDA:1871,192,1,0
BRDA:1871,193,0,0
BRDA:1871,193,1,0
BRDA:1887,194,0,0
BRDA:1887,194,1,0
BRDA:1893,195,0,0
BRDA:1893,195,1,0
BRDA:1917,196,0,0
BRDA:1917,196,1,0
BRDA:1922,197,0,0
BRDA:1922,197,1,0
BRDA:1927,198,0,0
BRDA:1927,198,1,0
BRDA:1928,199,0,0
BRDA:1928,199,1,0
BRDA:1928,200,0,0
BRDA:1928,200,1,0
BRDA:1934,201,0,0
BRDA:1934,201,1,0
BRDA:1934,202,0,0
BRDA:1934,202,1,0
BRDA:1962,203,0,0
BRDA:1962,203,1,0
BRDA:1963,204,0,0
BRDA:1963,204,1,0
BRDA:1969,205,0,0
BRDA:1969,205,1,0
BRDA:1979,206,0,0
BRDA:1979,206,1,0
BRDA:1996,207,0,0
BRDA:1996,207,1,0
BRDA:1998,208,0,0
BRDA:1998,208,1,0
BRDA:2008,209,0,0
BRDA:2008,209,1,0
BRDA:2008,210,0,0
BRDA:2008,210,1,0
BRDA:2010,211,0,0
BRDA:2010,211,1,0
BRDA:2010,212,0,0
BRDA:2010,212,1,0
BRDA:2012,213,0,0
BRDA:2012,213,1,0
BRDA:2012,214,0,0
BRDA:2012,214,1,0
BRDA:2028,215,0,0
BRDA:2028,215,1,0
BRDA:2028,216,0,0
BRDA:2028,216,1,0
BRDA:2028,216,2,0
BRDA:2028,216,3,0
BRDA:2028,216,4,0
BRDA:2041,217,0,0
BRDA:2041,217,1,0
BRDA:2053,218,0,0
BRDA:2053,218,1,0
BRDA:2060,219,0,0
BRDA:2060,219,1,0
BRDA:2060,219,2,0
BRDA:2080,220,0,0
BRDA:2080,220,1,0
BRDA:2100,221,0,0
BRDA:2100,221,1,0
BRDA:2130,222,0,0
BRDA:2130,222,1,0
BRDA:2148,223,0,0
BRDA:2148,223,1,0
BRF:464
BRH:6
end_of_record
